2025-09-09 20:56:12 | INFO | Sent message to topic 'buzzline_json': {'message': 'JSON makes life easier.', 'author': 'Bob'}
2025-09-09 20:56:12 | INFO | Processed JSON message: {'message': 'JSON makes life easier.', 'author': 'Bob'}
2025-09-09 20:56:12 | INFO | Message received from author: Bob
2025-09-09 20:56:12 | INFO | Updated author counts: {'Eve': 59, 'Alice': 87, 'Charlie': 51, 'Diana': 96, 'Bob': 62}
2025-09-09 20:56:13 | INFO | Sent message to topic 'buzzline_json': {'message': 'This is a buzz message.', 'author': 'Charlie'}
2025-09-09 20:56:13 | INFO | Processed JSON message: {'message': 'This is a buzz message.', 'author': 'Charlie'}
2025-09-09 20:56:13 | INFO | Message received from author: Charlie
2025-09-09 20:56:13 | INFO | Updated author counts: {'Eve': 59, 'Alice': 87, 'Charlie': 52, 'Diana': 96, 'Bob': 62}
2025-09-09 20:56:14 | INFO | Sent message to topic 'buzzline_json': {'message': 'Have a great day!', 'author': 'Diana'}
2025-09-09 20:56:14 | INFO | Processed JSON message: {'message': 'Have a great day!', 'author': 'Diana'}
2025-09-09 20:56:14 | INFO | Message received from author: Diana
2025-09-09 20:56:14 | INFO | Updated author counts: {'Eve': 59, 'Alice': 87, 'Charlie': 52, 'Diana': 97, 'Bob': 62}
2025-09-09 20:56:15 | INFO | Sent message to topic 'buzzline_json': {'message': 'Distributed systems are fascinating.', 'author': 'Bob'}
2025-09-09 20:56:15 | INFO | Processed JSON message: {'message': 'Distributed systems are fascinating.', 'author': 'Bob'}
2025-09-09 20:56:15 | INFO | Message received from author: Bob
2025-09-09 20:56:15 | INFO | Updated author counts: {'Eve': 59, 'Alice': 87, 'Charlie': 52, 'Diana': 97, 'Bob': 63}
2025-09-09 20:56:16 | INFO | Sent message to topic 'buzzline_json': {'message': 'Kafka is awesome.', 'author': 'Alice'}
2025-09-09 20:56:16 | INFO | Processed JSON message: {'message': 'Kafka is awesome.', 'author': 'Alice'}
2025-09-09 20:56:16 | INFO | Message received from author: Alice
2025-09-09 20:56:16 | INFO | Updated author counts: {'Eve': 59, 'Alice': 88, 'Charlie': 52, 'Diana': 97, 'Bob': 63}
2025-09-09 20:56:17 | INFO | Sent message to topic 'buzzline_json': {'message': 'Streaming data is fun.', 'author': 'Alice'}
2025-09-09 20:56:17 | INFO | Processed JSON message: {'message': 'Streaming data is fun.', 'author': 'Alice'}
2025-09-09 20:56:17 | INFO | Message received from author: Alice
2025-09-09 20:56:17 | INFO | Updated author counts: {'Eve': 59, 'Alice': 89, 'Charlie': 52, 'Diana': 97, 'Bob': 63}
2025-09-09 20:56:18 | INFO | Sent message to topic 'buzzline_json': {'message': 'Have a great day!', 'author': 'Diana'}
2025-09-09 20:56:18 | INFO | Processed JSON message: {'message': 'Have a great day!', 'author': 'Diana'}
2025-09-09 20:56:18 | INFO | Message received from author: Diana
2025-09-09 20:56:18 | INFO | Updated author counts: {'Eve': 59, 'Alice': 89, 'Charlie': 52, 'Diana': 98, 'Bob': 63}
2025-09-09 20:56:19 | INFO | Sent message to topic 'buzzline_json': {'message': 'Streaming data is fun.', 'author': 'Alice'}
2025-09-09 20:56:19 | INFO | Processed JSON message: {'message': 'Streaming data is fun.', 'author': 'Alice'}
2025-09-09 20:56:19 | INFO | Message received from author: Alice
2025-09-09 20:56:19 | INFO | Updated author counts: {'Eve': 59, 'Alice': 90, 'Charlie': 52, 'Diana': 98, 'Bob': 63}
2025-09-09 20:56:20 | INFO | Sent message to topic 'buzzline_json': {'message': 'This is a buzz message.', 'author': 'Diana'}
2025-09-09 20:56:20 | INFO | Processed JSON message: {'message': 'This is a buzz message.', 'author': 'Diana'}
2025-09-09 20:56:20 | INFO | Message received from author: Diana
2025-09-09 20:56:20 | INFO | Updated author counts: {'Eve': 59, 'Alice': 90, 'Charlie': 52, 'Diana': 99, 'Bob': 63}
2025-09-09 20:56:21 | INFO | Sent message to topic 'buzzline_json': {'message': 'Data engineering is my passion.', 'author': 'Bob'}
2025-09-09 20:56:21 | INFO | Processed JSON message: {'message': 'Data engineering is my passion.', 'author': 'Bob'}
2025-09-09 20:56:21 | INFO | Message received from author: Bob
2025-09-09 20:56:21 | INFO | Updated author counts: {'Eve': 59, 'Alice': 90, 'Charlie': 52, 'Diana': 99, 'Bob': 64}
2025-09-09 20:56:22 | INFO | Sent message to topic 'buzzline_json': {'message': 'Have a great day!', 'author': 'Diana'}
2025-09-09 20:56:22 | INFO | Processed JSON message: {'message': 'Have a great day!', 'author': 'Diana'}
2025-09-09 20:56:22 | INFO | Message received from author: Diana
2025-09-09 20:56:22 | INFO | Updated author counts: {'Eve': 59, 'Alice': 90, 'Charlie': 52, 'Diana': 100, 'Bob': 64}
2025-09-09 20:56:23 | INFO | Sent message to topic 'buzzline_json': {'message': 'Kafka is awesome.', 'author': 'Alice'}
2025-09-09 20:56:23 | INFO | Processed JSON message: {'message': 'Kafka is awesome.', 'author': 'Alice'}
2025-09-09 20:56:23 | INFO | Message received from author: Alice
2025-09-09 20:56:23 | INFO | Updated author counts: {'Eve': 59, 'Alice': 91, 'Charlie': 52, 'Diana': 100, 'Bob': 64}
2025-09-09 20:56:24 | INFO | Sent message to topic 'buzzline_json': {'message': 'Kafka is awesome.', 'author': 'Eve'}
2025-09-09 20:56:24 | INFO | Processed JSON message: {'message': 'Kafka is awesome.', 'author': 'Eve'}
2025-09-09 20:56:24 | INFO | Message received from author: Eve
2025-09-09 20:56:24 | INFO | Updated author counts: {'Eve': 60, 'Alice': 91, 'Charlie': 52, 'Diana': 100, 'Bob': 64}
2025-09-09 20:56:25 | INFO | Sent message to topic 'buzzline_json': {'message': 'Have a great day!', 'author': 'Diana'}
2025-09-09 20:56:25 | INFO | Processed JSON message: {'message': 'Have a great day!', 'author': 'Diana'}
2025-09-09 20:56:25 | INFO | Message received from author: Diana
2025-09-09 20:56:25 | INFO | Updated author counts: {'Eve': 60, 'Alice': 91, 'Charlie': 52, 'Diana': 101, 'Bob': 64}
2025-09-09 20:56:26 | INFO | Sent message to topic 'buzzline_json': {'message': 'Buzz messages for everyone.', 'author': 'Charlie'}
2025-09-09 20:56:26 | INFO | Processed JSON message: {'message': 'Buzz messages for everyone.', 'author': 'Charlie'}
2025-09-09 20:56:26 | INFO | Message received from author: Charlie
2025-09-09 20:56:26 | INFO | Updated author counts: {'Eve': 60, 'Alice': 91, 'Charlie': 53, 'Diana': 101, 'Bob': 64}
2025-09-09 20:56:27 | INFO | Sent message to topic 'buzzline_json': {'message': 'This is a buzz message.', 'author': 'Charlie'}
2025-09-09 20:56:27 | INFO | Processed JSON message: {'message': 'This is a buzz message.', 'author': 'Charlie'}
2025-09-09 20:56:27 | INFO | Message received from author: Charlie
2025-09-09 20:56:27 | INFO | Updated author counts: {'Eve': 60, 'Alice': 91, 'Charlie': 54, 'Diana': 101, 'Bob': 64}
2025-09-09 20:56:28 | INFO | Sent message to topic 'buzzline_json': {'message': 'Streaming data is fun.', 'author': 'Alice'}
2025-09-09 20:56:28 | INFO | Processed JSON message: {'message': 'Streaming data is fun.', 'author': 'Alice'}
2025-09-09 20:56:28 | INFO | Message received from author: Alice
2025-09-09 20:56:28 | INFO | Updated author counts: {'Eve': 60, 'Alice': 92, 'Charlie': 54, 'Diana': 101, 'Bob': 64}
2025-09-09 20:56:29 | INFO | Sent message to topic 'buzzline_json': {'message': 'Hello, Kafka world!', 'author': 'Diana'}
2025-09-09 20:56:29 | INFO | Processed JSON message: {'message': 'Hello, Kafka world!', 'author': 'Diana'}
2025-09-09 20:56:29 | INFO | Message received from author: Diana
2025-09-09 20:56:29 | INFO | Updated author counts: {'Eve': 60, 'Alice': 92, 'Charlie': 54, 'Diana': 102, 'Bob': 64}
2025-09-09 20:56:30 | INFO | Sent message to topic 'buzzline_json': {'message': 'Kafka is awesome.', 'author': 'Bob'}
2025-09-09 20:56:30 | INFO | Processed JSON message: {'message': 'Kafka is awesome.', 'author': 'Bob'}
2025-09-09 20:56:30 | INFO | Message received from author: Bob
2025-09-09 20:56:30 | INFO | Updated author counts: {'Eve': 60, 'Alice': 92, 'Charlie': 54, 'Diana': 102, 'Bob': 65}
2025-09-09 20:56:31 | INFO | Sent message to topic 'buzzline_json': {'message': 'I love Python!', 'author': 'Eve'}
2025-09-09 20:56:31 | INFO | Processed JSON message: {'message': 'I love Python!', 'author': 'Eve'}
2025-09-09 20:56:31 | INFO | Message received from author: Eve
2025-09-09 20:56:31 | INFO | Updated author counts: {'Eve': 61, 'Alice': 92, 'Charlie': 54, 'Diana': 102, 'Bob': 65}
2025-09-09 20:56:32 | INFO | Sent message to topic 'buzzline_json': {'message': 'JSON makes life easier.', 'author': 'Charlie'}
2025-09-09 20:56:32 | INFO | Processed JSON message: {'message': 'JSON makes life easier.', 'author': 'Charlie'}
2025-09-09 20:56:32 | INFO | Message received from author: Charlie
2025-09-09 20:56:32 | INFO | Updated author counts: {'Eve': 61, 'Alice': 92, 'Charlie': 55, 'Diana': 102, 'Bob': 65}
2025-09-09 20:56:33 | INFO | Sent message to topic 'buzzline_json': {'message': 'I love Python!', 'author': 'Charlie'}
2025-09-09 20:56:33 | INFO | Processed JSON message: {'message': 'I love Python!', 'author': 'Charlie'}
2025-09-09 20:56:33 | INFO | Message received from author: Charlie
2025-09-09 20:56:33 | INFO | Updated author counts: {'Eve': 61, 'Alice': 92, 'Charlie': 56, 'Diana': 102, 'Bob': 65}
2025-09-09 20:56:34 | INFO | Sent message to topic 'buzzline_json': {'message': 'I love Python!', 'author': 'Charlie'}
2025-09-09 20:56:34 | INFO | Processed JSON message: {'message': 'I love Python!', 'author': 'Charlie'}
2025-09-09 20:56:34 | INFO | Message received from author: Charlie
2025-09-09 20:56:34 | INFO | Updated author counts: {'Eve': 61, 'Alice': 92, 'Charlie': 57, 'Diana': 102, 'Bob': 65}
2025-09-09 20:56:35 | INFO | Sent message to topic 'buzzline_json': {'message': 'I love Python!', 'author': 'Diana'}
2025-09-09 20:56:35 | INFO | Processed JSON message: {'message': 'I love Python!', 'author': 'Diana'}
2025-09-09 20:56:35 | INFO | Message received from author: Diana
2025-09-09 20:56:35 | INFO | Updated author counts: {'Eve': 61, 'Alice': 92, 'Charlie': 57, 'Diana': 103, 'Bob': 65}
2025-09-09 20:56:36 | INFO | Sent message to topic 'buzzline_json': {'message': 'Streaming data is fun.', 'author': 'Diana'}
2025-09-09 20:56:36 | INFO | Processed JSON message: {'message': 'Streaming data is fun.', 'author': 'Diana'}
2025-09-09 20:56:36 | INFO | Message received from author: Diana
2025-09-09 20:56:36 | INFO | Updated author counts: {'Eve': 61, 'Alice': 92, 'Charlie': 57, 'Diana': 104, 'Bob': 65}
2025-09-09 20:56:37 | INFO | Sent message to topic 'buzzline_json': {'message': 'Data engineering is my passion.', 'author': 'Eve'}
2025-09-09 20:56:37 | INFO | Processed JSON message: {'message': 'Data engineering is my passion.', 'author': 'Eve'}
2025-09-09 20:56:37 | INFO | Message received from author: Eve
2025-09-09 20:56:37 | INFO | Updated author counts: {'Eve': 62, 'Alice': 92, 'Charlie': 57, 'Diana': 104, 'Bob': 65}
2025-09-09 20:56:38 | INFO | Sent message to topic 'buzzline_json': {'message': 'Buzz messages for everyone.', 'author': 'Eve'}
2025-09-09 20:56:38 | INFO | Processed JSON message: {'message': 'Buzz messages for everyone.', 'author': 'Eve'}
2025-09-09 20:56:38 | INFO | Message received from author: Eve
2025-09-09 20:56:38 | INFO | Updated author counts: {'Eve': 63, 'Alice': 92, 'Charlie': 57, 'Diana': 104, 'Bob': 65}
2025-09-09 20:56:39 | INFO | Sent message to topic 'buzzline_json': {'message': 'JSON makes life easier.', 'author': 'Eve'}
2025-09-09 20:56:39 | INFO | Processed JSON message: {'message': 'JSON makes life easier.', 'author': 'Eve'}
2025-09-09 20:56:39 | INFO | Message received from author: Eve
2025-09-09 20:56:39 | INFO | Updated author counts: {'Eve': 64, 'Alice': 92, 'Charlie': 57, 'Diana': 104, 'Bob': 65}
2025-09-09 20:56:40 | INFO | Sent message to topic 'buzzline_json': {'message': 'Have a great day!', 'author': 'Alice'}
2025-09-09 20:56:40 | INFO | Processed JSON message: {'message': 'Have a great day!', 'author': 'Alice'}
2025-09-09 20:56:40 | INFO | Message received from author: Alice
2025-09-09 20:56:40 | INFO | Updated author counts: {'Eve': 64, 'Alice': 93, 'Charlie': 57, 'Diana': 104, 'Bob': 65}
2025-09-09 20:56:41 | INFO | Sent message to topic 'buzzline_json': {'message': 'I love Python!', 'author': 'Bob'}
2025-09-09 20:56:41 | INFO | Processed JSON message: {'message': 'I love Python!', 'author': 'Bob'}
2025-09-09 20:56:41 | INFO | Message received from author: Bob
2025-09-09 20:56:41 | INFO | Updated author counts: {'Eve': 64, 'Alice': 93, 'Charlie': 57, 'Diana': 104, 'Bob': 66}
2025-09-09 20:56:42 | INFO | Sent message to topic 'buzzline_json': {'message': 'I love Python!', 'author': 'Bob'}
2025-09-09 20:56:42 | INFO | Processed JSON message: {'message': 'I love Python!', 'author': 'Bob'}
2025-09-09 20:56:42 | INFO | Message received from author: Bob
2025-09-09 20:56:42 | INFO | Updated author counts: {'Eve': 64, 'Alice': 93, 'Charlie': 57, 'Diana': 104, 'Bob': 67}
2025-09-09 20:56:43 | INFO | Sent message to topic 'buzzline_json': {'message': 'This is a buzz message.', 'author': 'Eve'}
2025-09-09 20:56:43 | INFO | Processed JSON message: {'message': 'This is a buzz message.', 'author': 'Eve'}
2025-09-09 20:56:43 | INFO | Message received from author: Eve
2025-09-09 20:56:43 | INFO | Updated author counts: {'Eve': 65, 'Alice': 93, 'Charlie': 57, 'Diana': 104, 'Bob': 67}
2025-09-09 20:56:44 | INFO | Sent message to topic 'buzzline_json': {'message': 'This is a buzz message.', 'author': 'Alice'}
2025-09-09 20:56:44 | INFO | Processed JSON message: {'message': 'This is a buzz message.', 'author': 'Alice'}
2025-09-09 20:56:44 | INFO | Message received from author: Alice
2025-09-09 20:56:44 | INFO | Updated author counts: {'Eve': 65, 'Alice': 94, 'Charlie': 57, 'Diana': 104, 'Bob': 67}
2025-09-09 20:56:45 | INFO | Sent message to topic 'buzzline_json': {'message': 'Distributed systems are fascinating.', 'author': 'Diana'}
2025-09-09 20:56:45 | INFO | Processed JSON message: {'message': 'Distributed systems are fascinating.', 'author': 'Diana'}
2025-09-09 20:56:45 | INFO | Message received from author: Diana
2025-09-09 20:56:45 | INFO | Updated author counts: {'Eve': 65, 'Alice': 94, 'Charlie': 57, 'Diana': 105, 'Bob': 67}
2025-09-09 20:56:46 | INFO | Sent message to topic 'buzzline_json': {'message': 'Streaming data is fun.', 'author': 'Eve'}
2025-09-09 20:56:46 | INFO | Processed JSON message: {'message': 'Streaming data is fun.', 'author': 'Eve'}
2025-09-09 20:56:46 | INFO | Message received from author: Eve
2025-09-09 20:56:46 | INFO | Updated author counts: {'Eve': 66, 'Alice': 94, 'Charlie': 57, 'Diana': 105, 'Bob': 67}
2025-09-09 20:56:47 | INFO | Sent message to topic 'buzzline_json': {'message': 'Have a great day!', 'author': 'Charlie'}
2025-09-09 20:56:47 | INFO | Processed JSON message: {'message': 'Have a great day!', 'author': 'Charlie'}
2025-09-09 20:56:47 | INFO | Message received from author: Charlie
2025-09-09 20:56:47 | INFO | Updated author counts: {'Eve': 66, 'Alice': 94, 'Charlie': 58, 'Diana': 105, 'Bob': 67}
2025-09-09 20:56:48 | INFO | Sent message to topic 'buzzline_json': {'message': 'JSON makes life easier.', 'author': 'Eve'}
2025-09-09 20:56:48 | INFO | Processed JSON message: {'message': 'JSON makes life easier.', 'author': 'Eve'}
2025-09-09 20:56:48 | INFO | Message received from author: Eve
2025-09-09 20:56:48 | INFO | Updated author counts: {'Eve': 67, 'Alice': 94, 'Charlie': 58, 'Diana': 105, 'Bob': 67}
2025-09-09 20:56:49 | INFO | Sent message to topic 'buzzline_json': {'message': 'Buzz messages for everyone.', 'author': 'Diana'}
2025-09-09 20:56:49 | INFO | Processed JSON message: {'message': 'Buzz messages for everyone.', 'author': 'Diana'}
2025-09-09 20:56:49 | INFO | Message received from author: Diana
2025-09-09 20:56:49 | INFO | Updated author counts: {'Eve': 67, 'Alice': 94, 'Charlie': 58, 'Diana': 106, 'Bob': 67}
2025-09-09 20:56:50 | INFO | Sent message to topic 'buzzline_json': {'message': 'This is a buzz message.', 'author': 'Charlie'}
2025-09-09 20:56:50 | INFO | Processed JSON message: {'message': 'This is a buzz message.', 'author': 'Charlie'}
2025-09-09 20:56:50 | INFO | Message received from author: Charlie
2025-09-09 20:56:50 | INFO | Updated author counts: {'Eve': 67, 'Alice': 94, 'Charlie': 59, 'Diana': 106, 'Bob': 67}
2025-09-09 20:56:51 | INFO | Sent message to topic 'buzzline_json': {'message': 'Distributed systems are fascinating.', 'author': 'Charlie'}
2025-09-09 20:56:51 | INFO | Processed JSON message: {'message': 'Distributed systems are fascinating.', 'author': 'Charlie'}
2025-09-09 20:56:51 | INFO | Message received from author: Charlie
2025-09-09 20:56:51 | INFO | Updated author counts: {'Eve': 67, 'Alice': 94, 'Charlie': 60, 'Diana': 106, 'Bob': 67}
2025-09-09 20:56:52 | INFO | Sent message to topic 'buzzline_json': {'message': 'Buzz messages for everyone.', 'author': 'Bob'}
2025-09-09 20:56:52 | INFO | Processed JSON message: {'message': 'Buzz messages for everyone.', 'author': 'Bob'}
2025-09-09 20:56:52 | INFO | Message received from author: Bob
2025-09-09 20:56:52 | INFO | Updated author counts: {'Eve': 67, 'Alice': 94, 'Charlie': 60, 'Diana': 106, 'Bob': 68}
2025-09-09 20:56:53 | INFO | Sent message to topic 'buzzline_json': {'message': 'This is a buzz message.', 'author': 'Eve'}
2025-09-09 20:56:53 | INFO | Processed JSON message: {'message': 'This is a buzz message.', 'author': 'Eve'}
2025-09-09 20:56:53 | INFO | Message received from author: Eve
2025-09-09 20:56:53 | INFO | Updated author counts: {'Eve': 68, 'Alice': 94, 'Charlie': 60, 'Diana': 106, 'Bob': 68}
2025-09-09 20:56:54 | INFO | Sent message to topic 'buzzline_json': {'message': 'Data engineering is my passion.', 'author': 'Diana'}
2025-09-09 20:56:54 | INFO | Processed JSON message: {'message': 'Data engineering is my passion.', 'author': 'Diana'}
2025-09-09 20:56:54 | INFO | Message received from author: Diana
2025-09-09 20:56:54 | INFO | Updated author counts: {'Eve': 68, 'Alice': 94, 'Charlie': 60, 'Diana': 107, 'Bob': 68}
2025-09-09 20:56:55 | INFO | Sent message to topic 'buzzline_json': {'message': 'Data engineering is my passion.', 'author': 'Alice'}
2025-09-09 20:56:55 | INFO | Processed JSON message: {'message': 'Data engineering is my passion.', 'author': 'Alice'}
2025-09-09 20:56:55 | INFO | Message received from author: Alice
2025-09-09 20:56:55 | INFO | Updated author counts: {'Eve': 68, 'Alice': 95, 'Charlie': 60, 'Diana': 107, 'Bob': 68}
2025-09-09 20:56:56 | INFO | Sent message to topic 'buzzline_json': {'message': 'Buzz messages for everyone.', 'author': 'Diana'}
2025-09-09 20:56:56 | INFO | Processed JSON message: {'message': 'Buzz messages for everyone.', 'author': 'Diana'}
2025-09-09 20:56:56 | INFO | Message received from author: Diana
2025-09-09 20:56:56 | INFO | Updated author counts: {'Eve': 68, 'Alice': 95, 'Charlie': 60, 'Diana': 108, 'Bob': 68}
2025-09-09 20:56:57 | INFO | Sent message to topic 'buzzline_json': {'message': 'JSON makes life easier.', 'author': 'Alice'}
2025-09-09 20:56:57 | INFO | Processed JSON message: {'message': 'JSON makes life easier.', 'author': 'Alice'}
2025-09-09 20:56:57 | INFO | Message received from author: Alice
2025-09-09 20:56:57 | INFO | Updated author counts: {'Eve': 68, 'Alice': 96, 'Charlie': 60, 'Diana': 108, 'Bob': 68}
2025-09-09 20:56:58 | INFO | Opening data file in read mode: PROJECT_ROOT/data/buzz.json
2025-09-09 20:56:58 | INFO | Reading data from file: PROJECT_ROOT/data/buzz.json
2025-09-09 20:56:58 | INFO | Sent message to topic 'buzzline_json': {'message': 'Data engineering is my passion.', 'author': 'Eve'}
2025-09-09 20:56:58 | INFO | Processed JSON message: {'message': 'Data engineering is my passion.', 'author': 'Eve'}
2025-09-09 20:56:58 | INFO | Message received from author: Eve
2025-09-09 20:56:58 | INFO | Updated author counts: {'Eve': 69, 'Alice': 96, 'Charlie': 60, 'Diana': 108, 'Bob': 68}
2025-09-09 20:56:59 | INFO | Sent message to topic 'buzzline_json': {'message': 'Distributed systems are fascinating.', 'author': 'Alice'}
2025-09-09 20:56:59 | INFO | Processed JSON message: {'message': 'Distributed systems are fascinating.', 'author': 'Alice'}
2025-09-09 20:56:59 | INFO | Message received from author: Alice
2025-09-09 20:56:59 | INFO | Updated author counts: {'Eve': 69, 'Alice': 97, 'Charlie': 60, 'Diana': 108, 'Bob': 68}
2025-09-09 20:57:00 | INFO | Sent message to topic 'buzzline_json': {'message': 'Have a great day!', 'author': 'Charlie'}
2025-09-09 20:57:00 | INFO | Processed JSON message: {'message': 'Have a great day!', 'author': 'Charlie'}
2025-09-09 20:57:00 | INFO | Message received from author: Charlie
2025-09-09 20:57:00 | INFO | Updated author counts: {'Eve': 69, 'Alice': 97, 'Charlie': 61, 'Diana': 108, 'Bob': 68}
2025-09-09 20:57:01 | INFO | Sent message to topic 'buzzline_json': {'message': 'Data engineering is my passion.', 'author': 'Alice'}
2025-09-09 20:57:01 | INFO | Processed JSON message: {'message': 'Data engineering is my passion.', 'author': 'Alice'}
2025-09-09 20:57:01 | INFO | Message received from author: Alice
2025-09-09 20:57:01 | INFO | Updated author counts: {'Eve': 69, 'Alice': 98, 'Charlie': 61, 'Diana': 108, 'Bob': 68}
2025-09-09 20:57:02 | INFO | Sent message to topic 'buzzline_json': {'message': 'Distributed systems are fascinating.', 'author': 'Diana'}
2025-09-09 20:57:02 | INFO | Processed JSON message: {'message': 'Distributed systems are fascinating.', 'author': 'Diana'}
2025-09-09 20:57:02 | INFO | Message received from author: Diana
2025-09-09 20:57:02 | INFO | Updated author counts: {'Eve': 69, 'Alice': 98, 'Charlie': 61, 'Diana': 109, 'Bob': 68}
2025-09-09 20:57:03 | INFO | Sent message to topic 'buzzline_json': {'message': 'Buzz messages for everyone.', 'author': 'Alice'}
2025-09-09 20:57:03 | INFO | Processed JSON message: {'message': 'Buzz messages for everyone.', 'author': 'Alice'}
2025-09-09 20:57:03 | INFO | Message received from author: Alice
2025-09-09 20:57:03 | INFO | Updated author counts: {'Eve': 69, 'Alice': 99, 'Charlie': 61, 'Diana': 109, 'Bob': 68}
2025-09-09 20:57:04 | INFO | Sent message to topic 'buzzline_json': {'message': 'Hello, Kafka world!', 'author': 'Diana'}
2025-09-09 20:57:04 | INFO | Processed JSON message: {'message': 'Hello, Kafka world!', 'author': 'Diana'}
2025-09-09 20:57:04 | INFO | Message received from author: Diana
2025-09-09 20:57:04 | INFO | Updated author counts: {'Eve': 69, 'Alice': 99, 'Charlie': 61, 'Diana': 110, 'Bob': 68}
2025-09-09 20:57:05 | INFO | Sent message to topic 'buzzline_json': {'message': 'This is a buzz message.', 'author': 'Eve'}
2025-09-09 20:57:05 | INFO | Processed JSON message: {'message': 'This is a buzz message.', 'author': 'Eve'}
2025-09-09 20:57:05 | INFO | Message received from author: Eve
2025-09-09 20:57:05 | INFO | Updated author counts: {'Eve': 70, 'Alice': 99, 'Charlie': 61, 'Diana': 110, 'Bob': 68}
2025-09-09 20:57:06 | INFO | Sent message to topic 'buzzline_json': {'message': 'JSON makes life easier.', 'author': 'Eve'}
2025-09-09 20:57:06 | INFO | Processed JSON message: {'message': 'JSON makes life easier.', 'author': 'Eve'}
2025-09-09 20:57:06 | INFO | Message received from author: Eve
2025-09-09 20:57:06 | INFO | Updated author counts: {'Eve': 71, 'Alice': 99, 'Charlie': 61, 'Diana': 110, 'Bob': 68}
2025-09-09 20:57:07 | INFO | Sent message to topic 'buzzline_json': {'message': 'JSON makes life easier.', 'author': 'Alice'}
2025-09-09 20:57:07 | INFO | Processed JSON message: {'message': 'JSON makes life easier.', 'author': 'Alice'}
2025-09-09 20:57:07 | INFO | Message received from author: Alice
2025-09-09 20:57:07 | INFO | Updated author counts: {'Eve': 71, 'Alice': 100, 'Charlie': 61, 'Diana': 110, 'Bob': 68}
2025-09-09 20:57:08 | INFO | Sent message to topic 'buzzline_json': {'message': 'Data engineering is my passion.', 'author': 'Diana'}
2025-09-09 20:57:08 | INFO | Processed JSON message: {'message': 'Data engineering is my passion.', 'author': 'Diana'}
2025-09-09 20:57:08 | INFO | Message received from author: Diana
2025-09-09 20:57:08 | INFO | Updated author counts: {'Eve': 71, 'Alice': 100, 'Charlie': 61, 'Diana': 111, 'Bob': 68}
2025-09-09 20:57:09 | INFO | Sent message to topic 'buzzline_json': {'message': 'JSON makes life easier.', 'author': 'Diana'}
2025-09-09 20:57:09 | INFO | Processed JSON message: {'message': 'JSON makes life easier.', 'author': 'Diana'}
2025-09-09 20:57:09 | INFO | Message received from author: Diana
2025-09-09 20:57:09 | INFO | Updated author counts: {'Eve': 71, 'Alice': 100, 'Charlie': 61, 'Diana': 112, 'Bob': 68}
2025-09-09 20:57:10 | INFO | Sent message to topic 'buzzline_json': {'message': 'Kafka is awesome.', 'author': 'Charlie'}
2025-09-09 20:57:10 | INFO | Processed JSON message: {'message': 'Kafka is awesome.', 'author': 'Charlie'}
2025-09-09 20:57:10 | INFO | Message received from author: Charlie
2025-09-09 20:57:10 | INFO | Updated author counts: {'Eve': 71, 'Alice': 100, 'Charlie': 62, 'Diana': 112, 'Bob': 68}
2025-09-09 20:57:11 | INFO | Sent message to topic 'buzzline_json': {'message': 'JSON makes life easier.', 'author': 'Bob'}
2025-09-09 20:57:11 | INFO | Processed JSON message: {'message': 'JSON makes life easier.', 'author': 'Bob'}
2025-09-09 20:57:11 | INFO | Message received from author: Bob
2025-09-09 20:57:11 | INFO | Updated author counts: {'Eve': 71, 'Alice': 100, 'Charlie': 62, 'Diana': 112, 'Bob': 69}
2025-09-09 20:57:12 | INFO | Sent message to topic 'buzzline_json': {'message': 'I love Python!', 'author': 'Bob'}
2025-09-09 20:57:12 | INFO | Processed JSON message: {'message': 'I love Python!', 'author': 'Bob'}
2025-09-09 20:57:12 | INFO | Message received from author: Bob
2025-09-09 20:57:12 | INFO | Updated author counts: {'Eve': 71, 'Alice': 100, 'Charlie': 62, 'Diana': 112, 'Bob': 70}
2025-09-09 20:57:13 | INFO | Sent message to topic 'buzzline_json': {'message': 'This is a buzz message.', 'author': 'Eve'}
2025-09-09 20:57:13 | INFO | Processed JSON message: {'message': 'This is a buzz message.', 'author': 'Eve'}
2025-09-09 20:57:13 | INFO | Message received from author: Eve
2025-09-09 20:57:13 | INFO | Updated author counts: {'Eve': 72, 'Alice': 100, 'Charlie': 62, 'Diana': 112, 'Bob': 70}
2025-09-09 20:57:14 | INFO | Sent message to topic 'buzzline_json': {'message': 'I love Python!', 'author': 'Eve'}
2025-09-09 20:57:14 | INFO | Processed JSON message: {'message': 'I love Python!', 'author': 'Eve'}
2025-09-09 20:57:14 | INFO | Message received from author: Eve
2025-09-09 20:57:14 | INFO | Updated author counts: {'Eve': 73, 'Alice': 100, 'Charlie': 62, 'Diana': 112, 'Bob': 70}
2025-09-09 20:57:15 | INFO | Sent message to topic 'buzzline_json': {'message': 'Buzz messages for everyone.', 'author': 'Alice'}
2025-09-09 20:57:15 | INFO | Processed JSON message: {'message': 'Buzz messages for everyone.', 'author': 'Alice'}
2025-09-09 20:57:15 | INFO | Message received from author: Alice
2025-09-09 20:57:15 | INFO | Updated author counts: {'Eve': 73, 'Alice': 101, 'Charlie': 62, 'Diana': 112, 'Bob': 70}
2025-09-09 20:57:16 | INFO | Sent message to topic 'buzzline_json': {'message': 'This is a buzz message.', 'author': 'Alice'}
2025-09-09 20:57:16 | INFO | Processed JSON message: {'message': 'This is a buzz message.', 'author': 'Alice'}
2025-09-09 20:57:16 | INFO | Message received from author: Alice
2025-09-09 20:57:16 | INFO | Updated author counts: {'Eve': 73, 'Alice': 102, 'Charlie': 62, 'Diana': 112, 'Bob': 70}
2025-09-09 20:57:17 | INFO | Sent message to topic 'buzzline_json': {'message': 'Data engineering is my passion.', 'author': 'Diana'}
2025-09-09 20:57:17 | INFO | Processed JSON message: {'message': 'Data engineering is my passion.', 'author': 'Diana'}
2025-09-09 20:57:17 | INFO | Message received from author: Diana
2025-09-09 20:57:17 | INFO | Updated author counts: {'Eve': 73, 'Alice': 102, 'Charlie': 62, 'Diana': 113, 'Bob': 70}
2025-09-09 20:57:18 | INFO | Sent message to topic 'buzzline_json': {'message': 'I love Python!', 'author': 'Eve'}
2025-09-09 20:57:18 | INFO | Processed JSON message: {'message': 'I love Python!', 'author': 'Eve'}
2025-09-09 20:57:18 | INFO | Message received from author: Eve
2025-09-09 20:57:18 | INFO | Updated author counts: {'Eve': 74, 'Alice': 102, 'Charlie': 62, 'Diana': 113, 'Bob': 70}
2025-09-09 20:57:19 | INFO | Sent message to topic 'buzzline_json': {'message': 'JSON makes life easier.', 'author': 'Charlie'}
2025-09-09 20:57:19 | INFO | Processed JSON message: {'message': 'JSON makes life easier.', 'author': 'Charlie'}
2025-09-09 20:57:19 | INFO | Message received from author: Charlie
2025-09-09 20:57:19 | INFO | Updated author counts: {'Eve': 74, 'Alice': 102, 'Charlie': 63, 'Diana': 113, 'Bob': 70}
2025-09-09 20:57:20 | INFO | Sent message to topic 'buzzline_json': {'message': 'Have a great day!', 'author': 'Bob'}
2025-09-09 20:57:20 | INFO | Processed JSON message: {'message': 'Have a great day!', 'author': 'Bob'}
2025-09-09 20:57:20 | INFO | Message received from author: Bob
2025-09-09 20:57:20 | INFO | Updated author counts: {'Eve': 74, 'Alice': 102, 'Charlie': 63, 'Diana': 113, 'Bob': 71}
2025-09-09 20:57:21 | INFO | Sent message to topic 'buzzline_json': {'message': 'Data engineering is my passion.', 'author': 'Alice'}
2025-09-09 20:57:21 | INFO | Processed JSON message: {'message': 'Data engineering is my passion.', 'author': 'Alice'}
2025-09-09 20:57:21 | INFO | Message received from author: Alice
2025-09-09 20:57:21 | INFO | Updated author counts: {'Eve': 74, 'Alice': 103, 'Charlie': 63, 'Diana': 113, 'Bob': 71}
2025-09-09 20:57:22 | INFO | Sent message to topic 'buzzline_json': {'message': 'Kafka is awesome.', 'author': 'Diana'}
2025-09-09 20:57:22 | INFO | Processed JSON message: {'message': 'Kafka is awesome.', 'author': 'Diana'}
2025-09-09 20:57:22 | INFO | Message received from author: Diana
2025-09-09 20:57:22 | INFO | Updated author counts: {'Eve': 74, 'Alice': 103, 'Charlie': 63, 'Diana': 114, 'Bob': 71}
2025-09-09 20:57:23 | INFO | Sent message to topic 'buzzline_json': {'message': 'Kafka is awesome.', 'author': 'Diana'}
2025-09-09 20:57:23 | INFO | Processed JSON message: {'message': 'Kafka is awesome.', 'author': 'Diana'}
2025-09-09 20:57:23 | INFO | Message received from author: Diana
2025-09-09 20:57:23 | INFO | Updated author counts: {'Eve': 74, 'Alice': 103, 'Charlie': 63, 'Diana': 115, 'Bob': 71}
2025-09-09 20:57:24 | INFO | Sent message to topic 'buzzline_json': {'message': 'Hello, Kafka world!', 'author': 'Bob'}
2025-09-09 20:57:24 | INFO | Processed JSON message: {'message': 'Hello, Kafka world!', 'author': 'Bob'}
2025-09-09 20:57:24 | INFO | Message received from author: Bob
2025-09-09 20:57:24 | INFO | Updated author counts: {'Eve': 74, 'Alice': 103, 'Charlie': 63, 'Diana': 115, 'Bob': 72}
2025-09-09 20:57:25 | INFO | Sent message to topic 'buzzline_json': {'message': 'Distributed systems are fascinating.', 'author': 'Diana'}
2025-09-09 20:57:25 | INFO | Processed JSON message: {'message': 'Distributed systems are fascinating.', 'author': 'Diana'}
2025-09-09 20:57:25 | INFO | Message received from author: Diana
2025-09-09 20:57:25 | INFO | Updated author counts: {'Eve': 74, 'Alice': 103, 'Charlie': 63, 'Diana': 116, 'Bob': 72}
2025-09-09 20:57:26 | INFO | Sent message to topic 'buzzline_json': {'message': 'I love Python!', 'author': 'Diana'}
2025-09-09 20:57:26 | INFO | Processed JSON message: {'message': 'I love Python!', 'author': 'Diana'}
2025-09-09 20:57:26 | INFO | Message received from author: Diana
2025-09-09 20:57:26 | INFO | Updated author counts: {'Eve': 74, 'Alice': 103, 'Charlie': 63, 'Diana': 117, 'Bob': 72}
2025-09-09 20:57:27 | WARNING | Consumer interrupted by user.
2025-09-09 20:57:27 | INFO | Kafka consumer for topic 'buzzline_json' closed.
2025-09-09 20:57:27 | INFO | END consumer for topic 'buzzline_json' and group 'buzz_group'.
2025-09-09 20:57:27 | INFO | Sent message to topic 'buzzline_json': {'message': 'Have a great day!', 'author': 'Alice'}
2025-09-09 20:57:28 | INFO | Sent message to topic 'buzzline_json': {'message': 'Hello, Kafka world!', 'author': 'Charlie'}
2025-09-09 20:57:29 | INFO | Sent message to topic 'buzzline_json': {'message': 'JSON makes life easier.', 'author': 'Diana'}
2025-09-09 20:57:30 | INFO | Sent message to topic 'buzzline_json': {'message': 'I love Python!', 'author': 'Bob'}
2025-09-09 20:57:31 | INFO | Sent message to topic 'buzzline_json': {'message': 'Have a great day!', 'author': 'Diana'}
2025-09-09 20:57:32 | INFO | Sent message to topic 'buzzline_json': {'message': 'Hello, Kafka world!', 'author': 'Alice'}
2025-09-09 20:57:33 | INFO | Sent message to topic 'buzzline_json': {'message': 'JSON makes life easier.', 'author': 'Alice'}
2025-09-09 20:57:34 | INFO | Sent message to topic 'buzzline_json': {'message': 'Buzz messages for everyone.', 'author': 'Charlie'}
2025-09-09 20:57:35 | INFO | Sent message to topic 'buzzline_json': {'message': 'Buzz messages for everyone.', 'author': 'Bob'}
2025-09-09 20:57:36 | INFO | Sent message to topic 'buzzline_json': {'message': 'Streaming data is fun.', 'author': 'Diana'}
2025-09-09 20:57:37 | WARNING | Producer interrupted by user.
2025-09-09 20:57:37 | INFO | Kafka producer closed.
2025-09-09 20:57:37 | INFO | END producer.
2025-09-11 20:41:50 | INFO | Logging to file: logs/project_log.log
2025-09-11 20:41:50 | INFO | Log sanitization enabled, personal info removed
2025-09-11 20:41:50 | INFO | Project root: PROJECT_ROOT
2025-09-11 20:41:50 | INFO | Data folder: PROJECT_ROOT/data
2025-09-11 20:41:50 | INFO | Data file: PROJECT_ROOT/data/smoker_temps.csv
2025-09-11 20:41:50 | INFO | START producer.
2025-09-11 20:41:50 | INFO | Kafka broker address: localhost:9092
2025-09-11 20:41:51 | INFO | Kafka is ready. Brokers: {'throttle_time_ms': 0, 'brokers': [{'node_id': 1, 'host': 'localhost', 'port': 9092, 'rack': None}], 'cluster_id': 'hMNex-8bR3emkYlz6xmmZg', 'controller_id': 1}
2025-09-11 20:41:51 | INFO | Kafka topic: smoker_csv
2025-09-11 20:41:51 | INFO | Message interval: 5 seconds
2025-09-11 20:41:51 | INFO | Kafka broker address: localhost:9092
2025-09-11 20:41:51 | INFO | Connecting to Kafka broker at localhost:9092...
2025-09-11 20:41:51 | INFO | Kafka producer successfully created.
2025-09-11 20:41:51 | INFO | Kafka broker address: localhost:9092
2025-09-11 20:41:51 | INFO | Topic 'smoker_csv' created successfully.
2025-09-11 20:41:51 | INFO | Kafka topic 'smoker_csv' is ready.
2025-09-11 20:41:51 | INFO | Starting message production to topic 'smoker_csv'...
2025-09-11 20:41:51 | INFO | Opening data file in read mode: PROJECT_ROOT/data/smoker_temps.csv
2025-09-11 20:41:51 | INFO | Reading data from file: PROJECT_ROOT/data/smoker_temps.csv
2025-09-11 20:41:51 | INFO | Sent message to topic 'smoker_csv': {'timestamp': '2025-09-12T01:41:51.693973', 'temperature': 70.4}
2025-09-11 20:41:56 | INFO | Sent message to topic 'smoker_csv': {'timestamp': '2025-09-12T01:41:56.703284', 'temperature': 70.8}
2025-09-11 20:42:01 | INFO | Sent message to topic 'smoker_csv': {'timestamp': '2025-09-12T01:42:01.704805', 'temperature': 71.2}
2025-09-11 20:42:06 | INFO | Sent message to topic 'smoker_csv': {'timestamp': '2025-09-12T01:42:06.708047', 'temperature': 71.6}
2025-09-11 20:42:11 | INFO | Sent message to topic 'smoker_csv': {'timestamp': '2025-09-12T01:42:11.710052', 'temperature': 72.0}
2025-09-11 20:42:16 | INFO | Sent message to topic 'smoker_csv': {'timestamp': '2025-09-12T01:42:16.711276', 'temperature': 72.4}
2025-09-11 20:42:19 | INFO | Logging to file: logs/project_log.log
2025-09-11 20:42:19 | INFO | Log sanitization enabled, personal info removed
2025-09-11 20:42:19 | INFO | START consumer.
2025-09-11 20:42:19 | INFO | Kafka topic: smoker_csv
2025-09-11 20:42:19 | INFO | Kafka consumer group id: smoker_group
2025-09-11 20:42:19 | INFO | Rolling window size: 10
2025-09-11 20:42:19 | INFO | Consumer: Topic 'smoker_csv' and group 'smoker_group'...
2025-09-11 20:42:19 | INFO | Rolling window size: 10
2025-09-11 20:42:19 | INFO | Kafka broker address: localhost:9092
2025-09-11 20:42:19 | INFO | Creating Kafka consumer. Topic='smoker_csv' and group ID='smoker_group'.
2025-09-11 20:42:19 | INFO | Kafka consumer created successfully.
2025-09-11 20:42:19 | INFO | Polling messages from topic 'smoker_csv'...
2025-09-11 20:42:19 | ERROR | Error while consuming messages: Invalid file descriptor: -1
2025-09-11 20:42:19 | INFO | Kafka consumer for topic 'smoker_csv' closed.
2025-09-11 20:42:21 | INFO | Sent message to topic 'smoker_csv': {'timestamp': '2025-09-12T01:42:21.713826', 'temperature': 72.8}
2025-09-11 20:42:26 | INFO | Sent message to topic 'smoker_csv': {'timestamp': '2025-09-12T01:42:26.715766', 'temperature': 73.2}
2025-09-11 20:42:31 | INFO | Sent message to topic 'smoker_csv': {'timestamp': '2025-09-12T01:42:31.717046', 'temperature': 73.6}
2025-09-11 20:42:36 | INFO | Sent message to topic 'smoker_csv': {'timestamp': '2025-09-12T01:42:36.719006', 'temperature': 74.0}
2025-09-11 20:42:41 | INFO | Sent message to topic 'smoker_csv': {'timestamp': '2025-09-12T01:42:41.720947', 'temperature': 74.4}
2025-09-11 20:42:46 | INFO | Sent message to topic 'smoker_csv': {'timestamp': '2025-09-12T01:42:46.722571', 'temperature': 74.8}
2025-09-11 20:42:51 | INFO | Sent message to topic 'smoker_csv': {'timestamp': '2025-09-12T01:42:51.724779', 'temperature': 75.2}
2025-09-11 20:42:56 | INFO | Sent message to topic 'smoker_csv': {'timestamp': '2025-09-12T01:42:56.726516', 'temperature': 75.6}
2025-09-11 20:43:01 | INFO | Sent message to topic 'smoker_csv': {'timestamp': '2025-09-12T01:43:01.728751', 'temperature': 76.0}
2025-09-11 20:43:06 | INFO | Sent message to topic 'smoker_csv': {'timestamp': '2025-09-12T01:43:06.730548', 'temperature': 76.4}
2025-09-11 20:43:11 | INFO | Sent message to topic 'smoker_csv': {'timestamp': '2025-09-12T01:43:11.732275', 'temperature': 76.8}
2025-09-11 20:43:16 | INFO | Sent message to topic 'smoker_csv': {'timestamp': '2025-09-12T01:43:16.735189', 'temperature': 77.2}
2025-09-11 20:43:21 | INFO | Sent message to topic 'smoker_csv': {'timestamp': '2025-09-12T01:43:21.737376', 'temperature': 77.6}
2025-09-11 20:43:22 | INFO | Logging to file: logs/project_log.log
2025-09-11 20:43:22 | INFO | Log sanitization enabled, personal info removed
2025-09-11 20:43:22 | INFO | START consumer.
2025-09-11 20:43:22 | INFO | Kafka topic: smoker_csv
2025-09-11 20:43:22 | INFO | Kafka consumer group id: smoker_group
2025-09-11 20:43:22 | INFO | Rolling window size: 10
2025-09-11 20:43:22 | INFO | Consumer: Topic 'smoker_csv' and group 'smoker_group'...
2025-09-11 20:43:22 | INFO | Rolling window size: 10
2025-09-11 20:43:22 | INFO | Kafka broker address: localhost:9092
2025-09-11 20:43:22 | INFO | Creating Kafka consumer. Topic='smoker_csv' and group ID='smoker_group'.
2025-09-11 20:43:22 | INFO | Kafka consumer created successfully.
2025-09-11 20:43:22 | INFO | Polling messages from topic 'smoker_csv'...
2025-09-11 20:43:22 | ERROR | Error while consuming messages: Invalid file descriptor: -1
2025-09-11 20:43:22 | INFO | Kafka consumer for topic 'smoker_csv' closed.
2025-09-11 20:43:26 | INFO | Sent message to topic 'smoker_csv': {'timestamp': '2025-09-12T01:43:26.739369', 'temperature': 78.0}
2025-09-11 20:43:31 | INFO | Sent message to topic 'smoker_csv': {'timestamp': '2025-09-12T01:43:31.741302', 'temperature': 78.4}
2025-09-11 20:43:36 | INFO | Sent message to topic 'smoker_csv': {'timestamp': '2025-09-12T01:43:36.743099', 'temperature': 78.8}
2025-09-11 20:43:41 | INFO | Sent message to topic 'smoker_csv': {'timestamp': '2025-09-12T01:43:41.744409', 'temperature': 79.2}
2025-09-11 20:43:46 | INFO | Sent message to topic 'smoker_csv': {'timestamp': '2025-09-12T01:43:46.746329', 'temperature': 79.6}
2025-09-11 20:43:51 | INFO | Sent message to topic 'smoker_csv': {'timestamp': '2025-09-12T01:43:51.749434', 'temperature': 80.0}
2025-09-11 20:43:56 | INFO | Sent message to topic 'smoker_csv': {'timestamp': '2025-09-12T01:43:56.752716', 'temperature': 80.4}
2025-09-11 20:44:01 | INFO | Sent message to topic 'smoker_csv': {'timestamp': '2025-09-12T01:44:01.756145', 'temperature': 80.8}
2025-09-11 20:44:06 | INFO | Sent message to topic 'smoker_csv': {'timestamp': '2025-09-12T01:44:06.759854', 'temperature': 81.2}
2025-09-11 20:44:11 | INFO | Sent message to topic 'smoker_csv': {'timestamp': '2025-09-12T01:44:11.761197', 'temperature': 81.6}
2025-09-11 20:44:16 | INFO | Sent message to topic 'smoker_csv': {'timestamp': '2025-09-12T01:44:16.763266', 'temperature': 82.0}
2025-09-11 20:44:21 | INFO | Sent message to topic 'smoker_csv': {'timestamp': '2025-09-12T01:44:21.765730', 'temperature': 82.4}
2025-09-11 20:44:26 | INFO | Sent message to topic 'smoker_csv': {'timestamp': '2025-09-12T01:44:26.769132', 'temperature': 82.8}
2025-09-11 20:44:31 | INFO | Sent message to topic 'smoker_csv': {'timestamp': '2025-09-12T01:44:31.772290', 'temperature': 83.2}
2025-09-11 20:44:36 | INFO | Sent message to topic 'smoker_csv': {'timestamp': '2025-09-12T01:44:36.774028', 'temperature': 83.6}
2025-09-11 20:44:41 | INFO | Sent message to topic 'smoker_csv': {'timestamp': '2025-09-12T01:44:41.775348', 'temperature': 84.0}
2025-09-11 20:44:46 | INFO | Sent message to topic 'smoker_csv': {'timestamp': '2025-09-12T01:44:46.776711', 'temperature': 84.4}
2025-09-11 20:44:51 | INFO | Sent message to topic 'smoker_csv': {'timestamp': '2025-09-12T01:44:51.778318', 'temperature': 84.8}
2025-09-11 20:44:56 | INFO | Sent message to topic 'smoker_csv': {'timestamp': '2025-09-12T01:44:56.779437', 'temperature': 85.2}
2025-09-11 20:45:01 | INFO | Sent message to topic 'smoker_csv': {'timestamp': '2025-09-12T01:45:01.780530', 'temperature': 85.6}
2025-09-11 20:45:06 | INFO | Sent message to topic 'smoker_csv': {'timestamp': '2025-09-12T01:45:06.781781', 'temperature': 86.0}
2025-09-11 20:45:11 | INFO | Sent message to topic 'smoker_csv': {'timestamp': '2025-09-12T01:45:11.782808', 'temperature': 86.4}
2025-09-11 20:45:16 | INFO | Sent message to topic 'smoker_csv': {'timestamp': '2025-09-12T01:45:16.786480', 'temperature': 86.8}
2025-09-11 20:45:21 | INFO | Sent message to topic 'smoker_csv': {'timestamp': '2025-09-12T01:45:21.787690', 'temperature': 87.2}
2025-09-11 20:45:26 | INFO | Sent message to topic 'smoker_csv': {'timestamp': '2025-09-12T01:45:26.789375', 'temperature': 87.6}
2025-09-11 20:45:31 | INFO | Sent message to topic 'smoker_csv': {'timestamp': '2025-09-12T01:45:31.791103', 'temperature': 88.0}
2025-09-11 20:45:36 | INFO | Sent message to topic 'smoker_csv': {'timestamp': '2025-09-12T01:45:36.792496', 'temperature': 88.4}
2025-09-11 20:45:41 | INFO | Sent message to topic 'smoker_csv': {'timestamp': '2025-09-12T01:45:41.794067', 'temperature': 88.8}
2025-09-11 20:45:46 | INFO | Sent message to topic 'smoker_csv': {'timestamp': '2025-09-12T01:45:46.795804', 'temperature': 89.2}
2025-09-11 20:45:51 | INFO | Sent message to topic 'smoker_csv': {'timestamp': '2025-09-12T01:45:51.797106', 'temperature': 89.6}
2025-09-11 20:45:56 | INFO | Sent message to topic 'smoker_csv': {'timestamp': '2025-09-12T01:45:56.799399', 'temperature': 90.0}
2025-09-11 20:46:01 | INFO | Sent message to topic 'smoker_csv': {'timestamp': '2025-09-12T01:46:01.800960', 'temperature': 90.4}
2025-09-11 20:46:06 | INFO | Sent message to topic 'smoker_csv': {'timestamp': '2025-09-12T01:46:06.803183', 'temperature': 90.8}
2025-09-11 20:46:11 | INFO | Sent message to topic 'smoker_csv': {'timestamp': '2025-09-12T01:46:11.804944', 'temperature': 91.2}
2025-09-11 20:46:16 | INFO | Sent message to topic 'smoker_csv': {'timestamp': '2025-09-12T01:46:16.806055', 'temperature': 91.6}
2025-09-11 20:46:21 | INFO | Sent message to topic 'smoker_csv': {'timestamp': '2025-09-12T01:46:21.807702', 'temperature': 92.0}
2025-09-11 20:46:26 | INFO | Sent message to topic 'smoker_csv': {'timestamp': '2025-09-12T01:46:26.808649', 'temperature': 92.4}
2025-09-11 20:46:31 | INFO | Sent message to topic 'smoker_csv': {'timestamp': '2025-09-12T01:46:31.810919', 'temperature': 92.8}
2025-09-11 20:46:36 | INFO | Sent message to topic 'smoker_csv': {'timestamp': '2025-09-12T01:46:36.812305', 'temperature': 93.2}
2025-09-11 20:46:41 | INFO | Sent message to topic 'smoker_csv': {'timestamp': '2025-09-12T01:46:41.815414', 'temperature': 93.6}
2025-09-11 20:46:46 | INFO | Sent message to topic 'smoker_csv': {'timestamp': '2025-09-12T01:46:46.818499', 'temperature': 94.0}
2025-09-11 20:46:51 | INFO | Sent message to topic 'smoker_csv': {'timestamp': '2025-09-12T01:46:51.821404', 'temperature': 94.4}
2025-09-11 20:46:56 | INFO | Sent message to topic 'smoker_csv': {'timestamp': '2025-09-12T01:46:56.823811', 'temperature': 94.8}
2025-09-11 20:47:01 | INFO | Sent message to topic 'smoker_csv': {'timestamp': '2025-09-12T01:47:01.826866', 'temperature': 95.2}
2025-09-11 20:47:06 | INFO | Sent message to topic 'smoker_csv': {'timestamp': '2025-09-12T01:47:06.829787', 'temperature': 95.6}
2025-09-11 20:47:11 | INFO | Sent message to topic 'smoker_csv': {'timestamp': '2025-09-12T01:47:11.832747', 'temperature': 96.0}
2025-09-11 20:47:16 | INFO | Sent message to topic 'smoker_csv': {'timestamp': '2025-09-12T01:47:16.835444', 'temperature': 96.4}
2025-09-11 20:47:21 | INFO | Sent message to topic 'smoker_csv': {'timestamp': '2025-09-12T01:47:21.838722', 'temperature': 96.8}
2025-09-11 20:47:26 | INFO | Sent message to topic 'smoker_csv': {'timestamp': '2025-09-12T01:47:26.841874', 'temperature': 97.2}
2025-09-11 20:47:31 | INFO | Sent message to topic 'smoker_csv': {'timestamp': '2025-09-12T01:47:31.844293', 'temperature': 97.6}
2025-09-11 20:47:36 | INFO | Sent message to topic 'smoker_csv': {'timestamp': '2025-09-12T01:47:36.846108', 'temperature': 98.0}
2025-09-11 20:47:41 | INFO | Sent message to topic 'smoker_csv': {'timestamp': '2025-09-12T01:47:41.848745', 'temperature': 98.4}
2025-09-11 20:47:46 | INFO | Sent message to topic 'smoker_csv': {'timestamp': '2025-09-12T01:47:46.851873', 'temperature': 98.8}
2025-09-11 20:47:51 | INFO | Sent message to topic 'smoker_csv': {'timestamp': '2025-09-12T01:47:51.853867', 'temperature': 99.2}
2025-09-11 20:47:56 | INFO | Sent message to topic 'smoker_csv': {'timestamp': '2025-09-12T01:47:56.857014', 'temperature': 99.6}
2025-09-11 20:48:01 | INFO | Sent message to topic 'smoker_csv': {'timestamp': '2025-09-12T01:48:01.858719', 'temperature': 100.0}
2025-09-11 20:48:06 | INFO | Sent message to topic 'smoker_csv': {'timestamp': '2025-09-12T01:48:06.862201', 'temperature': 100.4}
2025-09-11 20:48:11 | INFO | Sent message to topic 'smoker_csv': {'timestamp': '2025-09-12T01:48:11.865415', 'temperature': 100.8}
2025-09-11 20:48:16 | INFO | Sent message to topic 'smoker_csv': {'timestamp': '2025-09-12T01:48:16.867923', 'temperature': 101.2}
2025-09-11 20:48:21 | INFO | Sent message to topic 'smoker_csv': {'timestamp': '2025-09-12T01:48:21.871001', 'temperature': 101.6}
2025-09-11 20:48:26 | INFO | Sent message to topic 'smoker_csv': {'timestamp': '2025-09-12T01:48:26.872385', 'temperature': 102.0}
2025-09-11 20:48:31 | INFO | Sent message to topic 'smoker_csv': {'timestamp': '2025-09-12T01:48:31.875220', 'temperature': 102.4}
2025-09-11 20:48:36 | INFO | Sent message to topic 'smoker_csv': {'timestamp': '2025-09-12T01:48:36.876364', 'temperature': 102.8}
2025-09-11 20:48:41 | INFO | Sent message to topic 'smoker_csv': {'timestamp': '2025-09-12T01:48:41.879752', 'temperature': 103.2}
2025-09-11 20:48:46 | INFO | Sent message to topic 'smoker_csv': {'timestamp': '2025-09-12T01:48:46.882755', 'temperature': 103.6}
2025-09-11 20:48:51 | INFO | Sent message to topic 'smoker_csv': {'timestamp': '2025-09-12T01:48:51.884880', 'temperature': 104.0}
2025-09-11 20:48:56 | INFO | Sent message to topic 'smoker_csv': {'timestamp': '2025-09-12T01:48:56.887356', 'temperature': 104.4}
2025-09-11 20:49:01 | INFO | Sent message to topic 'smoker_csv': {'timestamp': '2025-09-12T01:49:01.888959', 'temperature': 104.8}
2025-09-11 20:49:06 | INFO | Sent message to topic 'smoker_csv': {'timestamp': '2025-09-12T01:49:06.890783', 'temperature': 105.2}
2025-09-11 20:49:11 | INFO | Sent message to topic 'smoker_csv': {'timestamp': '2025-09-12T01:49:11.893556', 'temperature': 105.6}
2025-09-11 20:49:14 | WARNING | Producer interrupted by user.
2025-09-11 20:49:14 | INFO | Kafka producer closed.
2025-09-11 20:49:14 | INFO | END producer.
2025-09-11 20:53:38 | INFO | Logging to file: logs/project_log.log
2025-09-11 20:53:38 | INFO | Log sanitization enabled, personal info removed
2025-09-11 20:53:38 | INFO | Project root: PROJECT_ROOT
2025-09-11 20:53:38 | INFO | Data folder: PROJECT_ROOT/data
2025-09-11 20:53:38 | INFO | Data file: PROJECT_ROOT/data/smoker_temps.csv
2025-09-11 20:53:38 | INFO | START producer.
2025-09-11 20:53:38 | INFO | Kafka broker address: localhost:9092
2025-09-11 20:53:39 | INFO | Kafka is ready. Brokers: {'throttle_time_ms': 0, 'brokers': [{'node_id': 1, 'host': 'localhost', 'port': 9092, 'rack': None}], 'cluster_id': 'hMNex-8bR3emkYlz6xmmZg', 'controller_id': 1}
2025-09-11 20:53:39 | INFO | Kafka topic: smoker_csv
2025-09-11 20:53:39 | INFO | Message interval: 5 seconds
2025-09-11 20:53:39 | INFO | Kafka broker address: localhost:9092
2025-09-11 20:53:39 | INFO | Connecting to Kafka broker at localhost:9092...
2025-09-11 20:53:39 | INFO | Kafka producer successfully created.
2025-09-11 20:53:39 | INFO | Kafka broker address: localhost:9092
2025-09-11 20:53:39 | INFO | Topic 'smoker_csv' already exists. Recreating fresh...
2025-09-11 20:53:39 | INFO | Requested deletion of topic 'smoker_csv'.
2025-09-11 20:53:39 | INFO | Topic 'smoker_csv' created successfully.
