2025-09-14 20:20:06 | INFO | Consumed message: 'Radiation shields barely held during the flare.' by Apollo
2025-09-14 20:20:06 | INFO | Sent message to topic 'buzzline_json': {'message': 'Radiation shields barely held during the flare.', 'author': 'Apollo'}
2025-09-14 20:20:07 | INFO | Sent message to topic 'buzzline_json': {'message': 'The mining colony vanished overnight without a trace.', 'author': 'Zephyr'}
2025-09-14 20:20:07 | INFO | Consumed message: 'The mining colony vanished overnight without a trace.' by Zephyr
2025-09-14 20:20:08 | INFO | Sent message to topic 'buzzline_json': {'message': 'Alien ruins suggest a civilization older than Earth.', 'author': 'Andromeda'}
2025-09-14 20:20:08 | INFO | Consumed message: 'Alien ruins suggest a civilization older than Earth.' by Andromeda
2025-09-14 20:20:09 | INFO | Sent message to topic 'buzzline_json': {'message': 'The fusion core hummed louder than usual.', 'author': 'Horizon'}
2025-09-14 20:20:09 | INFO | Consumed message: 'The fusion core hummed louder than usual.' by Horizon
2025-09-14 20:20:10 | INFO | Sent message to topic 'buzzline_json': {'message': 'Smugglers trade in forbidden nanotech along the belt.', 'author': 'Kestrel'}
2025-09-14 20:20:10 | INFO | Consumed message: 'Smugglers trade in forbidden nanotech along the belt.' by Kestrel
2025-09-14 20:20:11 | INFO | Sent message to topic 'buzzline_json': {'message': 'Exosuits gave miners the strength of titans.', 'author': 'Draco'}
2025-09-14 20:20:11 | INFO | Consumed message: 'Exosuits gave miners the strength of titans.' by Draco
2025-09-14 20:20:12 | INFO | Sent message to topic 'buzzline_json': {'message': 'The Martian sunrise turned the sky violet and gold.', 'author': 'Phoenix'}
2025-09-14 20:20:12 | INFO | Consumed message: 'The Martian sunrise turned the sky violet and gold.' by Phoenix
2025-09-14 20:20:13 | INFO | Sent message to topic 'buzzline_json': {'message': 'Colonists fear the shadows beyond the outer dome.', 'author': 'Luna'}
2025-09-14 20:20:13 | INFO | Consumed message: 'Colonists fear the shadows beyond the outer dome.' by Luna
2025-09-14 20:20:14 | INFO | Sent message to topic 'buzzline_json': {'message': 'The black hole’s pull warped every sensor reading.', 'author': 'Oberon'}
2025-09-14 20:20:14 | INFO | Consumed message: 'The black hole’s pull warped every sensor reading.' by Oberon
2025-09-14 20:20:15 | INFO | Sent message to topic 'buzzline_json': {'message': 'Synthetic food printers failed during the blockade.', 'author': 'Cetus'}
2025-09-14 20:20:15 | INFO | Consumed message: 'Synthetic food printers failed during the blockade.' by Cetus
2025-09-14 20:20:16 | INFO | Sent message to topic 'buzzline_json': {'message': 'Engineers discovered music hidden in pulsar signals.', 'author': 'Lyric'}
2025-09-14 20:20:16 | INFO | Consumed message: 'Engineers discovered music hidden in pulsar signals.' by Lyric
2025-09-14 20:20:17 | INFO | Sent message to topic 'buzzline_json': {'message': 'The jump gate refused to stabilize on this side.', 'author': 'Nexus'}
2025-09-14 20:20:17 | INFO | Consumed message: 'The jump gate refused to stabilize on this side.' by Nexus
2025-09-14 20:20:18 | INFO | Sent message to topic 'buzzline_json': {'message': 'The crew whispered about ghosts in the air ducts.', 'author': 'Echo'}
2025-09-14 20:20:18 | INFO | Consumed message: 'The crew whispered about ghosts in the air ducts.' by Echo
2025-09-14 20:20:19 | INFO | Sent message to topic 'buzzline_json': {'message': 'Genetic experiments created crops that glow at night.', 'author': 'Gaia'}
2025-09-14 20:20:19 | INFO | Consumed message: 'Genetic experiments created crops that glow at night.' by Gaia
2025-09-14 20:20:20 | INFO | Sent message to topic 'buzzline_json': {'message': 'Asteroid defenses activated without any command.', 'author': 'Titan'}
2025-09-14 20:20:20 | INFO | Consumed message: 'Asteroid defenses activated without any command.' by Titan
2025-09-14 20:20:21 | INFO | Sent message to topic 'buzzline_json': {'message': 'Explorers mapped the crystalline caves beneath Europa.', 'author': 'Callisto'}
2025-09-14 20:20:21 | INFO | Consumed message: 'Explorers mapped the crystalline caves beneath Europa.' by Callisto
2025-09-14 20:20:22 | INFO | Sent message to topic 'buzzline_json': {'message': 'The AI swore it dreamed of oceans and forests.', 'author': 'Sigma'}
2025-09-14 20:20:22 | INFO | Consumed message: 'The AI swore it dreamed of oceans and forests.' by Sigma
2025-09-14 20:20:23 | INFO | Opening data file in read mode: PROJECT_ROOT/data/science_fiction.json
2025-09-14 20:20:23 | INFO | Reading data from file: PROJECT_ROOT/data/science_fiction.json
2025-09-14 20:20:23 | INFO | Sent message to topic 'buzzline_json': {'message': 'The colony dome held steady against the Martian storm.', 'author': 'Nova'}
2025-09-14 20:20:23 | INFO | Consumed message: 'The colony dome held steady against the Martian storm.' by Nova
2025-09-14 20:20:24 | INFO | Sent message to topic 'buzzline_json': {'message': 'Quantum drives cut the journey to weeks instead of years.', 'author': 'Orion'}
2025-09-14 20:20:24 | INFO | Consumed message: 'Quantum drives cut the journey to weeks instead of years.' by Orion
2025-09-14 20:20:25 | INFO | Sent message to topic 'buzzline_json': {'message': 'Artificial gravity failed on Deck 7 again.', 'author': 'Lyra'}
2025-09-14 20:20:25 | INFO | Consumed message: 'Artificial gravity failed on Deck 7 again.' by Lyra
2025-09-14 20:20:26 | INFO | Sent message to topic 'buzzline_json': {'message': 'Terraforming progress reached 42% completion.', 'author': 'Cassiopeia'}
2025-09-14 20:20:26 | INFO | Consumed message: 'Terraforming progress reached 42% completion.' by Cassiopeia
2025-09-14 20:20:27 | INFO | Sent message to topic 'buzzline_json': {'message': 'First contact was nothing like the simulations predicted.', 'author': 'Vega'}
2025-09-14 20:20:27 | INFO | Consumed message: 'First contact was nothing like the simulations predicted.' by Vega
2025-09-14 20:20:28 | INFO | Sent message to topic 'buzzline_json': {'message': 'Cryosleep chambers malfunctioned mid-voyage.', 'author': 'Atlas'}
2025-09-14 20:20:28 | INFO | Consumed message: 'Cryosleep chambers malfunctioned mid-voyage.' by Atlas
2025-09-14 20:20:29 | INFO | Sent message to topic 'buzzline_json': {'message': 'Asteroid miners uncovered strange alien alloys.', 'author': 'Zenith'}
2025-09-14 20:20:29 | INFO | Consumed message: 'Asteroid miners uncovered strange alien alloys.' by Zenith
2025-09-14 20:20:30 | INFO | Sent message to topic 'buzzline_json': {'message': 'A rogue AI now controls half the satellite network.', 'author': 'Helix'}
2025-09-14 20:20:30 | INFO | Consumed message: 'A rogue AI now controls half the satellite network.' by Helix
2025-09-14 20:20:31 | INFO | Sent message to topic 'buzzline_json': {'message': 'The wormhole pulsed brighter than the nearby suns.', 'author': 'Aurora'}
2025-09-14 20:20:31 | INFO | Consumed message: 'The wormhole pulsed brighter than the nearby suns.' by Aurora
2025-09-14 20:20:32 | INFO | Sent message to topic 'buzzline_json': {'message': 'Hydroponics yielded the first Martian strawberries.', 'author': 'Icarus'}
2025-09-14 20:20:32 | INFO | Consumed message: 'Hydroponics yielded the first Martian strawberries.' by Icarus
2025-09-14 20:20:33 | INFO | Sent message to topic 'buzzline_json': {'message': 'Dark energy storms make navigation unpredictable.', 'author': 'Nyx'}
2025-09-14 20:20:33 | INFO | Consumed message: 'Dark energy storms make navigation unpredictable.' by Nyx
2025-09-14 20:20:34 | INFO | Sent message to topic 'buzzline_json': {'message': 'Neural implants caused unexpected shared dreams.', 'author': 'Echo'}
2025-09-14 20:20:34 | INFO | Consumed message: 'Neural implants caused unexpected shared dreams.' by Echo
2025-09-14 20:20:35 | INFO | Sent message to topic 'buzzline_json': {'message': 'The council debated lifting the clone restrictions.', 'author': 'Rhea'}
2025-09-14 20:20:35 | INFO | Consumed message: 'The council debated lifting the clone restrictions.' by Rhea
2025-09-14 20:20:36 | INFO | Sent message to topic 'buzzline_json': {'message': 'Radiation shields barely held during the flare.', 'author': 'Apollo'}
2025-09-14 20:20:36 | INFO | Consumed message: 'Radiation shields barely held during the flare.' by Apollo
2025-09-14 20:20:37 | INFO | Sent message to topic 'buzzline_json': {'message': 'The mining colony vanished overnight without a trace.', 'author': 'Zephyr'}
2025-09-14 20:20:37 | INFO | Consumed message: 'The mining colony vanished overnight without a trace.' by Zephyr
2025-09-14 20:20:38 | INFO | Sent message to topic 'buzzline_json': {'message': 'Alien ruins suggest a civilization older than Earth.', 'author': 'Andromeda'}
2025-09-14 20:20:38 | INFO | Consumed message: 'Alien ruins suggest a civilization older than Earth.' by Andromeda
2025-09-14 20:20:39 | INFO | Sent message to topic 'buzzline_json': {'message': 'The fusion core hummed louder than usual.', 'author': 'Horizon'}
2025-09-14 20:20:39 | INFO | Consumed message: 'The fusion core hummed louder than usual.' by Horizon
2025-09-14 20:20:40 | INFO | Sent message to topic 'buzzline_json': {'message': 'Smugglers trade in forbidden nanotech along the belt.', 'author': 'Kestrel'}
2025-09-14 20:20:40 | INFO | Consumed message: 'Smugglers trade in forbidden nanotech along the belt.' by Kestrel
2025-09-14 20:20:41 | INFO | Sent message to topic 'buzzline_json': {'message': 'Exosuits gave miners the strength of titans.', 'author': 'Draco'}
2025-09-14 20:20:41 | INFO | Consumed message: 'Exosuits gave miners the strength of titans.' by Draco
2025-09-14 20:20:42 | INFO | Sent message to topic 'buzzline_json': {'message': 'The Martian sunrise turned the sky violet and gold.', 'author': 'Phoenix'}
2025-09-14 20:20:42 | INFO | Consumed message: 'The Martian sunrise turned the sky violet and gold.' by Phoenix
2025-09-14 20:20:43 | INFO | Sent message to topic 'buzzline_json': {'message': 'Colonists fear the shadows beyond the outer dome.', 'author': 'Luna'}
2025-09-14 20:20:43 | INFO | Consumed message: 'Colonists fear the shadows beyond the outer dome.' by Luna
2025-09-14 20:20:44 | INFO | Sent message to topic 'buzzline_json': {'message': 'The black hole’s pull warped every sensor reading.', 'author': 'Oberon'}
2025-09-14 20:20:44 | INFO | Consumed message: 'The black hole’s pull warped every sensor reading.' by Oberon
2025-09-14 20:20:45 | INFO | Sent message to topic 'buzzline_json': {'message': 'Synthetic food printers failed during the blockade.', 'author': 'Cetus'}
2025-09-14 20:20:45 | INFO | Consumed message: 'Synthetic food printers failed during the blockade.' by Cetus
2025-09-14 20:20:46 | INFO | Sent message to topic 'buzzline_json': {'message': 'Engineers discovered music hidden in pulsar signals.', 'author': 'Lyric'}
2025-09-14 20:20:46 | INFO | Consumed message: 'Engineers discovered music hidden in pulsar signals.' by Lyric
2025-09-14 20:20:47 | INFO | Sent message to topic 'buzzline_json': {'message': 'The jump gate refused to stabilize on this side.', 'author': 'Nexus'}
2025-09-14 20:20:47 | INFO | Consumed message: 'The jump gate refused to stabilize on this side.' by Nexus
2025-09-14 20:20:48 | INFO | Sent message to topic 'buzzline_json': {'message': 'The crew whispered about ghosts in the air ducts.', 'author': 'Echo'}
2025-09-14 20:20:48 | INFO | Consumed message: 'The crew whispered about ghosts in the air ducts.' by Echo
2025-09-14 20:20:49 | INFO | Sent message to topic 'buzzline_json': {'message': 'Genetic experiments created crops that glow at night.', 'author': 'Gaia'}
2025-09-14 20:20:49 | INFO | Consumed message: 'Genetic experiments created crops that glow at night.' by Gaia
2025-09-14 20:20:50 | INFO | Sent message to topic 'buzzline_json': {'message': 'Asteroid defenses activated without any command.', 'author': 'Titan'}
2025-09-14 20:20:50 | INFO | Consumed message: 'Asteroid defenses activated without any command.' by Titan
2025-09-14 20:20:51 | INFO | Sent message to topic 'buzzline_json': {'message': 'Explorers mapped the crystalline caves beneath Europa.', 'author': 'Callisto'}
2025-09-14 20:20:51 | INFO | Consumed message: 'Explorers mapped the crystalline caves beneath Europa.' by Callisto
2025-09-14 20:20:52 | INFO | Sent message to topic 'buzzline_json': {'message': 'The AI swore it dreamed of oceans and forests.', 'author': 'Sigma'}
2025-09-14 20:20:52 | INFO | Consumed message: 'The AI swore it dreamed of oceans and forests.' by Sigma
2025-09-14 20:20:53 | INFO | Opening data file in read mode: PROJECT_ROOT/data/science_fiction.json
2025-09-14 20:20:53 | INFO | Reading data from file: PROJECT_ROOT/data/science_fiction.json
2025-09-14 20:20:53 | INFO | Sent message to topic 'buzzline_json': {'message': 'The colony dome held steady against the Martian storm.', 'author': 'Nova'}
2025-09-14 20:20:53 | INFO | Consumed message: 'The colony dome held steady against the Martian storm.' by Nova
2025-09-14 20:20:54 | INFO | Sent message to topic 'buzzline_json': {'message': 'Quantum drives cut the journey to weeks instead of years.', 'author': 'Orion'}
2025-09-14 20:20:54 | INFO | Consumed message: 'Quantum drives cut the journey to weeks instead of years.' by Orion
2025-09-14 20:20:55 | INFO | Sent message to topic 'buzzline_json': {'message': 'Artificial gravity failed on Deck 7 again.', 'author': 'Lyra'}
2025-09-14 20:20:55 | INFO | Consumed message: 'Artificial gravity failed on Deck 7 again.' by Lyra
2025-09-14 20:20:56 | INFO | Sent message to topic 'buzzline_json': {'message': 'Terraforming progress reached 42% completion.', 'author': 'Cassiopeia'}
2025-09-14 20:20:56 | INFO | Consumed message: 'Terraforming progress reached 42% completion.' by Cassiopeia
2025-09-14 20:20:57 | INFO | Sent message to topic 'buzzline_json': {'message': 'First contact was nothing like the simulations predicted.', 'author': 'Vega'}
2025-09-14 20:20:57 | INFO | Consumed message: 'First contact was nothing like the simulations predicted.' by Vega
2025-09-14 20:20:58 | INFO | Sent message to topic 'buzzline_json': {'message': 'Cryosleep chambers malfunctioned mid-voyage.', 'author': 'Atlas'}
2025-09-14 20:20:58 | INFO | Consumed message: 'Cryosleep chambers malfunctioned mid-voyage.' by Atlas
2025-09-14 20:20:59 | INFO | Sent message to topic 'buzzline_json': {'message': 'Asteroid miners uncovered strange alien alloys.', 'author': 'Zenith'}
2025-09-14 20:20:59 | INFO | Consumed message: 'Asteroid miners uncovered strange alien alloys.' by Zenith
2025-09-14 20:21:00 | INFO | Sent message to topic 'buzzline_json': {'message': 'A rogue AI now controls half the satellite network.', 'author': 'Helix'}
2025-09-14 20:21:00 | INFO | Consumed message: 'A rogue AI now controls half the satellite network.' by Helix
2025-09-14 20:21:01 | INFO | Sent message to topic 'buzzline_json': {'message': 'The wormhole pulsed brighter than the nearby suns.', 'author': 'Aurora'}
2025-09-14 20:21:01 | INFO | Consumed message: 'The wormhole pulsed brighter than the nearby suns.' by Aurora
2025-09-14 20:21:02 | INFO | Sent message to topic 'buzzline_json': {'message': 'Hydroponics yielded the first Martian strawberries.', 'author': 'Icarus'}
2025-09-14 20:21:02 | INFO | Consumed message: 'Hydroponics yielded the first Martian strawberries.' by Icarus
2025-09-14 20:21:03 | INFO | Sent message to topic 'buzzline_json': {'message': 'Dark energy storms make navigation unpredictable.', 'author': 'Nyx'}
2025-09-14 20:21:03 | INFO | Consumed message: 'Dark energy storms make navigation unpredictable.' by Nyx
2025-09-14 20:21:04 | INFO | Sent message to topic 'buzzline_json': {'message': 'Neural implants caused unexpected shared dreams.', 'author': 'Echo'}
2025-09-14 20:21:04 | INFO | Consumed message: 'Neural implants caused unexpected shared dreams.' by Echo
2025-09-14 20:21:05 | INFO | Sent message to topic 'buzzline_json': {'message': 'The council debated lifting the clone restrictions.', 'author': 'Rhea'}
2025-09-14 20:21:05 | INFO | Consumed message: 'The council debated lifting the clone restrictions.' by Rhea
2025-09-14 20:21:06 | INFO | Sent message to topic 'buzzline_json': {'message': 'Radiation shields barely held during the flare.', 'author': 'Apollo'}
2025-09-14 20:21:06 | INFO | Consumed message: 'Radiation shields barely held during the flare.' by Apollo
2025-09-14 20:21:07 | INFO | Sent message to topic 'buzzline_json': {'message': 'The mining colony vanished overnight without a trace.', 'author': 'Zephyr'}
2025-09-14 20:21:07 | INFO | Consumed message: 'The mining colony vanished overnight without a trace.' by Zephyr
2025-09-14 20:21:08 | INFO | Sent message to topic 'buzzline_json': {'message': 'Alien ruins suggest a civilization older than Earth.', 'author': 'Andromeda'}
2025-09-14 20:21:08 | INFO | Consumed message: 'Alien ruins suggest a civilization older than Earth.' by Andromeda
2025-09-14 20:21:09 | INFO | Sent message to topic 'buzzline_json': {'message': 'The fusion core hummed louder than usual.', 'author': 'Horizon'}
2025-09-14 20:21:09 | INFO | Consumed message: 'The fusion core hummed louder than usual.' by Horizon
2025-09-14 20:21:10 | INFO | Sent message to topic 'buzzline_json': {'message': 'Smugglers trade in forbidden nanotech along the belt.', 'author': 'Kestrel'}
2025-09-14 20:21:10 | INFO | Consumed message: 'Smugglers trade in forbidden nanotech along the belt.' by Kestrel
2025-09-14 20:21:11 | INFO | Sent message to topic 'buzzline_json': {'message': 'Exosuits gave miners the strength of titans.', 'author': 'Draco'}
2025-09-14 20:21:11 | INFO | Consumed message: 'Exosuits gave miners the strength of titans.' by Draco
2025-09-14 20:21:12 | INFO | Sent message to topic 'buzzline_json': {'message': 'The Martian sunrise turned the sky violet and gold.', 'author': 'Phoenix'}
2025-09-14 20:21:12 | INFO | Consumed message: 'The Martian sunrise turned the sky violet and gold.' by Phoenix
2025-09-14 20:21:13 | INFO | Sent message to topic 'buzzline_json': {'message': 'Colonists fear the shadows beyond the outer dome.', 'author': 'Luna'}
2025-09-14 20:21:13 | INFO | Consumed message: 'Colonists fear the shadows beyond the outer dome.' by Luna
2025-09-14 20:21:14 | INFO | Sent message to topic 'buzzline_json': {'message': 'The black hole’s pull warped every sensor reading.', 'author': 'Oberon'}
2025-09-14 20:21:14 | INFO | Consumed message: 'The black hole’s pull warped every sensor reading.' by Oberon
2025-09-14 20:21:15 | INFO | Sent message to topic 'buzzline_json': {'message': 'Synthetic food printers failed during the blockade.', 'author': 'Cetus'}
2025-09-14 20:21:15 | INFO | Consumed message: 'Synthetic food printers failed during the blockade.' by Cetus
2025-09-14 20:21:16 | INFO | Sent message to topic 'buzzline_json': {'message': 'Engineers discovered music hidden in pulsar signals.', 'author': 'Lyric'}
2025-09-14 20:21:16 | INFO | Consumed message: 'Engineers discovered music hidden in pulsar signals.' by Lyric
2025-09-14 20:21:17 | INFO | Sent message to topic 'buzzline_json': {'message': 'The jump gate refused to stabilize on this side.', 'author': 'Nexus'}
2025-09-14 20:21:17 | INFO | Consumed message: 'The jump gate refused to stabilize on this side.' by Nexus
2025-09-14 20:21:18 | INFO | Sent message to topic 'buzzline_json': {'message': 'The crew whispered about ghosts in the air ducts.', 'author': 'Echo'}
2025-09-14 20:21:18 | INFO | Consumed message: 'The crew whispered about ghosts in the air ducts.' by Echo
2025-09-14 20:21:19 | INFO | Sent message to topic 'buzzline_json': {'message': 'Genetic experiments created crops that glow at night.', 'author': 'Gaia'}
2025-09-14 20:21:19 | INFO | Consumed message: 'Genetic experiments created crops that glow at night.' by Gaia
2025-09-14 20:21:20 | INFO | Sent message to topic 'buzzline_json': {'message': 'Asteroid defenses activated without any command.', 'author': 'Titan'}
2025-09-14 20:21:20 | INFO | Consumed message: 'Asteroid defenses activated without any command.' by Titan
2025-09-14 20:21:21 | INFO | Sent message to topic 'buzzline_json': {'message': 'Explorers mapped the crystalline caves beneath Europa.', 'author': 'Callisto'}
2025-09-14 20:21:21 | INFO | Consumed message: 'Explorers mapped the crystalline caves beneath Europa.' by Callisto
2025-09-14 20:21:22 | INFO | Sent message to topic 'buzzline_json': {'message': 'The AI swore it dreamed of oceans and forests.', 'author': 'Sigma'}
2025-09-14 20:21:22 | INFO | Consumed message: 'The AI swore it dreamed of oceans and forests.' by Sigma
2025-09-14 20:21:23 | INFO | Opening data file in read mode: PROJECT_ROOT/data/science_fiction.json
2025-09-14 20:21:23 | INFO | Reading data from file: PROJECT_ROOT/data/science_fiction.json
2025-09-14 20:21:23 | INFO | Sent message to topic 'buzzline_json': {'message': 'The colony dome held steady against the Martian storm.', 'author': 'Nova'}
2025-09-14 20:21:23 | INFO | Consumed message: 'The colony dome held steady against the Martian storm.' by Nova
2025-09-14 20:21:24 | INFO | Sent message to topic 'buzzline_json': {'message': 'Quantum drives cut the journey to weeks instead of years.', 'author': 'Orion'}
2025-09-14 20:21:24 | INFO | Consumed message: 'Quantum drives cut the journey to weeks instead of years.' by Orion
2025-09-14 20:21:25 | INFO | Sent message to topic 'buzzline_json': {'message': 'Artificial gravity failed on Deck 7 again.', 'author': 'Lyra'}
2025-09-14 20:21:25 | INFO | Consumed message: 'Artificial gravity failed on Deck 7 again.' by Lyra
2025-09-14 20:21:26 | INFO | Sent message to topic 'buzzline_json': {'message': 'Terraforming progress reached 42% completion.', 'author': 'Cassiopeia'}
2025-09-14 20:21:26 | INFO | Consumed message: 'Terraforming progress reached 42% completion.' by Cassiopeia
2025-09-14 20:21:27 | INFO | Sent message to topic 'buzzline_json': {'message': 'First contact was nothing like the simulations predicted.', 'author': 'Vega'}
2025-09-14 20:21:27 | INFO | Consumed message: 'First contact was nothing like the simulations predicted.' by Vega
2025-09-14 20:21:28 | INFO | Sent message to topic 'buzzline_json': {'message': 'Cryosleep chambers malfunctioned mid-voyage.', 'author': 'Atlas'}
2025-09-14 20:21:28 | INFO | Consumed message: 'Cryosleep chambers malfunctioned mid-voyage.' by Atlas
2025-09-14 20:21:29 | INFO | Sent message to topic 'buzzline_json': {'message': 'Asteroid miners uncovered strange alien alloys.', 'author': 'Zenith'}
2025-09-14 20:21:29 | INFO | Consumed message: 'Asteroid miners uncovered strange alien alloys.' by Zenith
2025-09-14 20:21:30 | INFO | Sent message to topic 'buzzline_json': {'message': 'A rogue AI now controls half the satellite network.', 'author': 'Helix'}
2025-09-14 20:21:30 | INFO | Consumed message: 'A rogue AI now controls half the satellite network.' by Helix
2025-09-14 20:21:31 | INFO | Sent message to topic 'buzzline_json': {'message': 'The wormhole pulsed brighter than the nearby suns.', 'author': 'Aurora'}
2025-09-14 20:21:31 | INFO | Consumed message: 'The wormhole pulsed brighter than the nearby suns.' by Aurora
2025-09-14 20:21:32 | INFO | Sent message to topic 'buzzline_json': {'message': 'Hydroponics yielded the first Martian strawberries.', 'author': 'Icarus'}
2025-09-14 20:21:32 | INFO | Consumed message: 'Hydroponics yielded the first Martian strawberries.' by Icarus
2025-09-14 20:21:33 | INFO | Sent message to topic 'buzzline_json': {'message': 'Dark energy storms make navigation unpredictable.', 'author': 'Nyx'}
2025-09-14 20:21:33 | INFO | Consumed message: 'Dark energy storms make navigation unpredictable.' by Nyx
2025-09-14 20:21:34 | INFO | Sent message to topic 'buzzline_json': {'message': 'Neural implants caused unexpected shared dreams.', 'author': 'Echo'}
2025-09-14 20:21:34 | INFO | Consumed message: 'Neural implants caused unexpected shared dreams.' by Echo
2025-09-14 20:21:35 | INFO | Sent message to topic 'buzzline_json': {'message': 'The council debated lifting the clone restrictions.', 'author': 'Rhea'}
2025-09-14 20:21:35 | INFO | Consumed message: 'The council debated lifting the clone restrictions.' by Rhea
2025-09-14 20:21:36 | INFO | Sent message to topic 'buzzline_json': {'message': 'Radiation shields barely held during the flare.', 'author': 'Apollo'}
2025-09-14 20:21:36 | INFO | Consumed message: 'Radiation shields barely held during the flare.' by Apollo
2025-09-14 20:21:37 | INFO | Sent message to topic 'buzzline_json': {'message': 'The mining colony vanished overnight without a trace.', 'author': 'Zephyr'}
2025-09-14 20:21:37 | INFO | Consumed message: 'The mining colony vanished overnight without a trace.' by Zephyr
2025-09-14 20:21:38 | INFO | Sent message to topic 'buzzline_json': {'message': 'Alien ruins suggest a civilization older than Earth.', 'author': 'Andromeda'}
2025-09-14 20:21:38 | INFO | Consumed message: 'Alien ruins suggest a civilization older than Earth.' by Andromeda
2025-09-14 20:21:39 | INFO | Sent message to topic 'buzzline_json': {'message': 'The fusion core hummed louder than usual.', 'author': 'Horizon'}
2025-09-14 20:21:39 | INFO | Consumed message: 'The fusion core hummed louder than usual.' by Horizon
2025-09-14 20:21:40 | INFO | Sent message to topic 'buzzline_json': {'message': 'Smugglers trade in forbidden nanotech along the belt.', 'author': 'Kestrel'}
2025-09-14 20:21:40 | INFO | Consumed message: 'Smugglers trade in forbidden nanotech along the belt.' by Kestrel
2025-09-14 20:21:41 | INFO | Sent message to topic 'buzzline_json': {'message': 'Exosuits gave miners the strength of titans.', 'author': 'Draco'}
2025-09-14 20:21:41 | INFO | Consumed message: 'Exosuits gave miners the strength of titans.' by Draco
2025-09-14 20:21:42 | INFO | Sent message to topic 'buzzline_json': {'message': 'The Martian sunrise turned the sky violet and gold.', 'author': 'Phoenix'}
2025-09-14 20:21:42 | INFO | Consumed message: 'The Martian sunrise turned the sky violet and gold.' by Phoenix
2025-09-14 20:21:43 | INFO | Sent message to topic 'buzzline_json': {'message': 'Colonists fear the shadows beyond the outer dome.', 'author': 'Luna'}
2025-09-14 20:21:43 | INFO | Consumed message: 'Colonists fear the shadows beyond the outer dome.' by Luna
2025-09-14 20:21:44 | INFO | Sent message to topic 'buzzline_json': {'message': 'The black hole’s pull warped every sensor reading.', 'author': 'Oberon'}
2025-09-14 20:21:44 | INFO | Consumed message: 'The black hole’s pull warped every sensor reading.' by Oberon
2025-09-14 20:21:45 | INFO | Sent message to topic 'buzzline_json': {'message': 'Synthetic food printers failed during the blockade.', 'author': 'Cetus'}
2025-09-14 20:21:45 | INFO | Consumed message: 'Synthetic food printers failed during the blockade.' by Cetus
2025-09-14 20:21:46 | INFO | Sent message to topic 'buzzline_json': {'message': 'Engineers discovered music hidden in pulsar signals.', 'author': 'Lyric'}
2025-09-14 20:21:46 | INFO | Consumed message: 'Engineers discovered music hidden in pulsar signals.' by Lyric
2025-09-14 20:21:47 | INFO | Sent message to topic 'buzzline_json': {'message': 'The jump gate refused to stabilize on this side.', 'author': 'Nexus'}
2025-09-14 20:21:47 | INFO | Consumed message: 'The jump gate refused to stabilize on this side.' by Nexus
2025-09-14 20:21:48 | INFO | Sent message to topic 'buzzline_json': {'message': 'The crew whispered about ghosts in the air ducts.', 'author': 'Echo'}
2025-09-14 20:21:48 | INFO | Consumed message: 'The crew whispered about ghosts in the air ducts.' by Echo
2025-09-14 20:21:49 | INFO | Sent message to topic 'buzzline_json': {'message': 'Genetic experiments created crops that glow at night.', 'author': 'Gaia'}
2025-09-14 20:21:49 | INFO | Consumed message: 'Genetic experiments created crops that glow at night.' by Gaia
2025-09-14 20:21:50 | INFO | Sent message to topic 'buzzline_json': {'message': 'Asteroid defenses activated without any command.', 'author': 'Titan'}
2025-09-14 20:21:50 | INFO | Consumed message: 'Asteroid defenses activated without any command.' by Titan
2025-09-14 20:21:51 | INFO | Sent message to topic 'buzzline_json': {'message': 'Explorers mapped the crystalline caves beneath Europa.', 'author': 'Callisto'}
2025-09-14 20:21:51 | INFO | Consumed message: 'Explorers mapped the crystalline caves beneath Europa.' by Callisto
2025-09-14 20:21:52 | INFO | Sent message to topic 'buzzline_json': {'message': 'The AI swore it dreamed of oceans and forests.', 'author': 'Sigma'}
2025-09-14 20:21:52 | INFO | Consumed message: 'The AI swore it dreamed of oceans and forests.' by Sigma
2025-09-14 20:21:53 | INFO | Opening data file in read mode: PROJECT_ROOT/data/science_fiction.json
2025-09-14 20:21:53 | INFO | Reading data from file: PROJECT_ROOT/data/science_fiction.json
2025-09-14 20:21:53 | INFO | Sent message to topic 'buzzline_json': {'message': 'The colony dome held steady against the Martian storm.', 'author': 'Nova'}
2025-09-14 20:21:53 | INFO | Consumed message: 'The colony dome held steady against the Martian storm.' by Nova
2025-09-14 20:21:54 | INFO | Sent message to topic 'buzzline_json': {'message': 'Quantum drives cut the journey to weeks instead of years.', 'author': 'Orion'}
2025-09-14 20:21:54 | INFO | Consumed message: 'Quantum drives cut the journey to weeks instead of years.' by Orion
2025-09-14 20:21:55 | INFO | Sent message to topic 'buzzline_json': {'message': 'Artificial gravity failed on Deck 7 again.', 'author': 'Lyra'}
2025-09-14 20:21:55 | INFO | Consumed message: 'Artificial gravity failed on Deck 7 again.' by Lyra
2025-09-14 20:21:56 | INFO | Sent message to topic 'buzzline_json': {'message': 'Terraforming progress reached 42% completion.', 'author': 'Cassiopeia'}
2025-09-14 20:21:56 | INFO | Consumed message: 'Terraforming progress reached 42% completion.' by Cassiopeia
2025-09-14 20:21:57 | INFO | Sent message to topic 'buzzline_json': {'message': 'First contact was nothing like the simulations predicted.', 'author': 'Vega'}
2025-09-14 20:21:57 | INFO | Consumed message: 'First contact was nothing like the simulations predicted.' by Vega
2025-09-14 20:21:58 | INFO | Sent message to topic 'buzzline_json': {'message': 'Cryosleep chambers malfunctioned mid-voyage.', 'author': 'Atlas'}
2025-09-14 20:21:58 | INFO | Consumed message: 'Cryosleep chambers malfunctioned mid-voyage.' by Atlas
2025-09-14 20:21:59 | INFO | Sent message to topic 'buzzline_json': {'message': 'Asteroid miners uncovered strange alien alloys.', 'author': 'Zenith'}
2025-09-14 20:21:59 | INFO | Consumed message: 'Asteroid miners uncovered strange alien alloys.' by Zenith
2025-09-14 20:22:00 | INFO | Sent message to topic 'buzzline_json': {'message': 'A rogue AI now controls half the satellite network.', 'author': 'Helix'}
2025-09-14 20:22:00 | INFO | Consumed message: 'A rogue AI now controls half the satellite network.' by Helix
2025-09-14 20:22:01 | INFO | Sent message to topic 'buzzline_json': {'message': 'The wormhole pulsed brighter than the nearby suns.', 'author': 'Aurora'}
2025-09-14 20:22:01 | INFO | Consumed message: 'The wormhole pulsed brighter than the nearby suns.' by Aurora
2025-09-14 20:22:02 | INFO | Sent message to topic 'buzzline_json': {'message': 'Hydroponics yielded the first Martian strawberries.', 'author': 'Icarus'}
2025-09-14 20:22:02 | INFO | Consumed message: 'Hydroponics yielded the first Martian strawberries.' by Icarus
2025-09-14 20:22:03 | INFO | Sent message to topic 'buzzline_json': {'message': 'Dark energy storms make navigation unpredictable.', 'author': 'Nyx'}
2025-09-14 20:22:03 | INFO | Consumed message: 'Dark energy storms make navigation unpredictable.' by Nyx
2025-09-14 20:22:04 | INFO | Sent message to topic 'buzzline_json': {'message': 'Neural implants caused unexpected shared dreams.', 'author': 'Echo'}
2025-09-14 20:22:04 | INFO | Consumed message: 'Neural implants caused unexpected shared dreams.' by Echo
2025-09-14 20:22:05 | INFO | Sent message to topic 'buzzline_json': {'message': 'The council debated lifting the clone restrictions.', 'author': 'Rhea'}
2025-09-14 20:22:05 | INFO | Consumed message: 'The council debated lifting the clone restrictions.' by Rhea
2025-09-14 20:22:06 | INFO | Sent message to topic 'buzzline_json': {'message': 'Radiation shields barely held during the flare.', 'author': 'Apollo'}
2025-09-14 20:22:06 | INFO | Consumed message: 'Radiation shields barely held during the flare.' by Apollo
2025-09-14 20:22:07 | INFO | Sent message to topic 'buzzline_json': {'message': 'The mining colony vanished overnight without a trace.', 'author': 'Zephyr'}
2025-09-14 20:22:07 | INFO | Consumed message: 'The mining colony vanished overnight without a trace.' by Zephyr
2025-09-14 20:22:08 | INFO | Sent message to topic 'buzzline_json': {'message': 'Alien ruins suggest a civilization older than Earth.', 'author': 'Andromeda'}
2025-09-14 20:22:08 | INFO | Consumed message: 'Alien ruins suggest a civilization older than Earth.' by Andromeda
2025-09-14 20:22:09 | INFO | Sent message to topic 'buzzline_json': {'message': 'The fusion core hummed louder than usual.', 'author': 'Horizon'}
2025-09-14 20:22:09 | INFO | Consumed message: 'The fusion core hummed louder than usual.' by Horizon
2025-09-14 20:22:10 | INFO | Sent message to topic 'buzzline_json': {'message': 'Smugglers trade in forbidden nanotech along the belt.', 'author': 'Kestrel'}
2025-09-14 20:22:10 | INFO | Consumed message: 'Smugglers trade in forbidden nanotech along the belt.' by Kestrel
2025-09-14 20:22:11 | INFO | Sent message to topic 'buzzline_json': {'message': 'Exosuits gave miners the strength of titans.', 'author': 'Draco'}
2025-09-14 20:22:11 | INFO | Consumed message: 'Exosuits gave miners the strength of titans.' by Draco
2025-09-14 20:22:12 | INFO | Sent message to topic 'buzzline_json': {'message': 'The Martian sunrise turned the sky violet and gold.', 'author': 'Phoenix'}
2025-09-14 20:22:12 | INFO | Consumed message: 'The Martian sunrise turned the sky violet and gold.' by Phoenix
2025-09-14 20:22:13 | INFO | Consumed message: 'Colonists fear the shadows beyond the outer dome.' by Luna
beyond the outer dome.', 'author': 'Luna'}
2025-09-14 20:22:14 | INFO | Sent message to topic 'buzzline_json': {'message': 'The black hole’s pull warped every sensor reading.', 'author': 'Oberon'}
2025-09-14 20:22:14 | INFO | Consumed message: 'The black hole’s pull warped every sensor reading.' by Oberon
2025-09-14 20:22:15 | INFO | Sent message to topic 'buzzline_json': {'message': 'Synthetic food printers failed during the blockade.', 'author': 'Cetus'}
2025-09-14 20:22:15 | INFO | Consumed message: 'Synthetic food printers failed during the blockade.' by Cetus
2025-09-14 20:22:16 | INFO | Sent message to topic 'buzzline_json': {'message': 'Engineers discovered music hidden in pulsar signals.', 'author': 'Lyric'}
2025-09-14 20:22:16 | INFO | Consumed message: 'Engineers discovered music hidden in pulsar signals.' by Lyric
2025-09-14 20:22:17 | INFO | Sent message to topic 'buzzline_json': {'message': 'The jump gate refused to stabilize on this side.', 'author': 'Nexus'}
2025-09-14 20:22:17 | INFO | Consumed message: 'The jump gate refused to stabilize on this side.' by Nexus
2025-09-14 20:22:18 | INFO | Sent message to topic 'buzzline_json': {'message': 'The crew whispered about ghosts in the air ducts.', 'author': 'Echo'}
2025-09-14 20:22:18 | INFO | Consumed message: 'The crew whispered about ghosts in the air ducts.' by Echo
2025-09-14 20:22:19 | INFO | Sent message to topic 'buzzline_json': {'message': 'Genetic experiments created crops that glow at night.', 'author': 'Gaia'}
2025-09-14 20:22:19 | INFO | Consumed message: 'Genetic experiments created crops that glow at night.' by Gaia
2025-09-14 20:22:20 | INFO | Sent message to topic 'buzzline_json': {'message': 'Asteroid defenses activated without any command.', 'author': 'Titan'}
2025-09-14 20:22:20 | INFO | Consumed message: 'Asteroid defenses activated without any command.' by Titan
2025-09-14 20:22:21 | INFO | Sent message to topic 'buzzline_json': {'message': 'Explorers mapped the crystalline caves beneath Europa.', 'author': 'Callisto'}
2025-09-14 20:22:21 | INFO | Consumed message: 'Explorers mapped the crystalline caves beneath Europa.' by Callisto
2025-09-14 20:22:22 | INFO | Sent message to topic 'buzzline_json': {'message': 'The AI swore it dreamed of oceans and forests.', 'author': 'Sigma'}
2025-09-14 20:22:22 | INFO | Consumed message: 'The AI swore it dreamed of oceans and forests.' by Sigma
2025-09-14 20:22:23 | INFO | Opening data file in read mode: PROJECT_ROOT/data/science_fiction.json
2025-09-14 20:22:23 | INFO | Reading data from file: PROJECT_ROOT/data/science_fiction.json
2025-09-14 20:22:23 | INFO | Sent message to topic 'buzzline_json': {'message': 'The colony dome held steady against the Martian storm.', 'author': 'Nova'}
2025-09-14 20:22:23 | INFO | Consumed message: 'The colony dome held steady against the Martian storm.' by Nova
2025-09-14 20:22:24 | INFO | Sent message to topic 'buzzline_json': {'message': 'Quantum drives cut the journey to weeks instead of years.', 'author': 'Orion'}
2025-09-14 20:22:24 | INFO | Consumed message: 'Quantum drives cut the journey to weeks instead of years.' by Orion
2025-09-14 20:22:25 | INFO | Sent message to topic 'buzzline_json': {'message': 'Artificial gravity failed on Deck 7 again.', 'author': 'Lyra'}
2025-09-14 20:22:25 | INFO | Consumed message: 'Artificial gravity failed on Deck 7 again.' by Lyra
2025-09-14 20:22:26 | INFO | Sent message to topic 'buzzline_json': {'message': 'Terraforming progress reached 42% completion.', 'author': 'Cassiopeia'}
2025-09-14 20:22:26 | INFO | Consumed message: 'Terraforming progress reached 42% completion.' by Cassiopeia
2025-09-14 20:22:27 | INFO | Sent message to topic 'buzzline_json': {'message': 'First contact was nothing like the simulations predicted.', 'author': 'Vega'}
2025-09-14 20:22:27 | INFO | Consumed message: 'First contact was nothing like the simulations predicted.' by Vega
2025-09-14 20:22:28 | INFO | Sent message to topic 'buzzline_json': {'message': 'Cryosleep chambers malfunctioned mid-voyage.', 'author': 'Atlas'}
2025-09-14 20:22:28 | INFO | Consumed message: 'Cryosleep chambers malfunctioned mid-voyage.' by Atlas
2025-09-14 20:22:29 | INFO | Sent message to topic 'buzzline_json': {'message': 'Asteroid miners uncovered strange alien alloys.', 'author': 'Zenith'}
2025-09-14 20:22:29 | INFO | Consumed message: 'Asteroid miners uncovered strange alien alloys.' by Zenith
2025-09-14 20:22:30 | INFO | Sent message to topic 'buzzline_json': {'message': 'A rogue AI now controls half the satellite network.', 'author': 'Helix'}
2025-09-14 20:22:30 | INFO | Consumed message: 'A rogue AI now controls half the satellite network.' by Helix
2025-09-14 20:22:31 | INFO | Sent message to topic 'buzzline_json': {'message': 'The wormhole pulsed brighter than the nearby suns.', 'author': 'Aurora'}
2025-09-14 20:22:31 | INFO | Consumed message: 'The wormhole pulsed brighter than the nearby suns.' by Aurora
2025-09-14 20:22:32 | INFO | Sent message to topic 'buzzline_json': {'message': 'Hydroponics yielded the first Martian strawberries.', 'author': 'Icarus'}
2025-09-14 20:22:32 | INFO | Consumed message: 'Hydroponics yielded the first Martian strawberries.' by Icarus
2025-09-14 20:22:33 | INFO | Sent message to topic 'buzzline_json': {'message': 'Dark energy storms make navigation unpredictable.', 'author': 'Nyx'}
2025-09-14 20:22:33 | INFO | Consumed message: 'Dark energy storms make navigation unpredictable.' by Nyx
2025-09-14 20:22:34 | INFO | Sent message to topic 'buzzline_json': {'message': 'Neural implants caused unexpected shared dreams.', 'author': 'Echo'}
2025-09-14 20:22:34 | INFO | Consumed message: 'Neural implants caused unexpected shared dreams.' by Echo
2025-09-14 20:22:35 | INFO | Sent message to topic 'buzzline_json': {'message': 'The council debated lifting the clone restrictions.', 'author': 'Rhea'}
2025-09-14 20:22:35 | INFO | Consumed message: 'The council debated lifting the clone restrictions.' by Rhea
2025-09-14 20:22:36 | INFO | Sent message to topic 'buzzline_json': {'message': 'Radiation shields barely held during the flare.', 'author': 'Apollo'}
2025-09-14 20:22:36 | INFO | Consumed message: 'Radiation shields barely held during the flare.' by Apollo
2025-09-14 20:22:37 | INFO | Sent message to topic 'buzzline_json': {'message': 'The mining colony vanished overnight without a trace.', 'author': 'Zephyr'}
2025-09-14 20:22:37 | INFO | Consumed message: 'The mining colony vanished overnight without a trace.' by Zephyr
2025-09-14 20:22:38 | INFO | Sent message to topic 'buzzline_json': {'message': 'Alien ruins suggest a civilization older than Earth.', 'author': 'Andromeda'}
2025-09-14 20:22:38 | INFO | Consumed message: 'Alien ruins suggest a civilization older than Earth.' by Andromeda
2025-09-14 20:22:39 | INFO | Sent message to topic 'buzzline_json': {'message': 'The fusion core hummed louder than usual.', 'author': 'Horizon'}
2025-09-14 20:22:39 | INFO | Consumed message: 'The fusion core hummed louder than usual.' by Horizon
2025-09-14 20:22:40 | INFO | Sent message to topic 'buzzline_json': {'message': 'Smugglers trade in forbidden nanotech along the belt.', 'author': 'Kestrel'}
2025-09-14 20:22:40 | INFO | Consumed message: 'Smugglers trade in forbidden nanotech along the belt.' by Kestrel
2025-09-14 20:22:41 | INFO | Sent message to topic 'buzzline_json': {'message': 'Exosuits gave miners the strength of titans.', 'author': 'Draco'}
2025-09-14 20:22:41 | INFO | Consumed message: 'Exosuits gave miners the strength of titans.' by Draco
2025-09-14 20:22:42 | INFO | Sent message to topic 'buzzline_json': {'message': 'The Martian sunrise turned the sky violet and gold.', 'author': 'Phoenix'}
2025-09-14 20:22:42 | INFO | Consumed message: 'The Martian sunrise turned the sky violet and gold.' by Phoenix
2025-09-14 20:22:43 | INFO | Sent message to topic 'buzzline_json': {'message': 'Colonists fear the shadows beyond the outer dome.', 'author': 'Luna'}
2025-09-14 20:22:43 | INFO | Consumed message: 'Colonists fear the shadows beyond the outer dome.' by Luna
2025-09-14 20:22:44 | INFO | Sent message to topic 'buzzline_json': {'message': 'The black hole’s pull warped every sensor reading.', 'author': 'Oberon'}
2025-09-14 20:22:44 | INFO | Consumed message: 'The black hole’s pull warped every sensor reading.' by Oberon
2025-09-14 20:22:45 | INFO | Sent message to topic 'buzzline_json': {'message': 'Synthetic food printers failed during the blockade.', 'author': 'Cetus'}
2025-09-14 20:22:45 | INFO | Consumed message: 'Synthetic food printers failed during the blockade.' by Cetus
2025-09-14 20:22:46 | INFO | Sent message to topic 'buzzline_json': {'message': 'Engineers discovered music hidden in pulsar signals.', 'author': 'Lyric'}
2025-09-14 20:22:46 | INFO | Consumed message: 'Engineers discovered music hidden in pulsar signals.' by Lyric
2025-09-14 20:22:47 | INFO | Sent message to topic 'buzzline_json': {'message': 'The jump gate refused to stabilize on this side.', 'author': 'Nexus'}
2025-09-14 20:22:47 | INFO | Consumed message: 'The jump gate refused to stabilize on this side.' by Nexus
2025-09-14 20:22:48 | INFO | Sent message to topic 'buzzline_json': {'message': 'The crew whispered about ghosts in the air ducts.', 'author': 'Echo'}
2025-09-14 20:22:48 | INFO | Consumed message: 'The crew whispered about ghosts in the air ducts.' by Echo
2025-09-14 20:22:49 | INFO | Sent message to topic 'buzzline_json': {'message': 'Genetic experiments created crops that glow at night.', 'author': 'Gaia'}
2025-09-14 20:22:49 | INFO | Consumed message: 'Genetic experiments created crops that glow at night.' by Gaia
2025-09-14 20:22:50 | INFO | Sent message to topic 'buzzline_json': {'message': 'Asteroid defenses activated without any command.', 'author': 'Titan'}
2025-09-14 20:22:50 | INFO | Consumed message: 'Asteroid defenses activated without any command.' by Titan
2025-09-14 20:22:51 | INFO | Sent message to topic 'buzzline_json': {'message': 'Explorers mapped the crystalline caves beneath Europa.', 'author': 'Callisto'}
2025-09-14 20:22:51 | INFO | Consumed message: 'Explorers mapped the crystalline caves beneath Europa.' by Callisto
2025-09-14 20:22:52 | INFO | Sent message to topic 'buzzline_json': {'message': 'The AI swore it dreamed of oceans and forests.', 'author': 'Sigma'}
2025-09-14 20:22:52 | INFO | Consumed message: 'The AI swore it dreamed of oceans and forests.' by Sigma
2025-09-14 20:22:53 | INFO | Opening data file in read mode: PROJECT_ROOT/data/science_fiction.json
2025-09-14 20:22:53 | INFO | Reading data from file: PROJECT_ROOT/data/science_fiction.json
2025-09-14 20:22:53 | INFO | Sent message to topic 'buzzline_json': {'message': 'The colony dome held steady against the Martian storm.', 'author': 'Nova'}
2025-09-14 20:22:53 | INFO | Consumed message: 'The colony dome held steady against the Martian storm.' by Nova
2025-09-14 20:22:54 | INFO | Sent message to topic 'buzzline_json': {'message': 'Quantum drives cut the journey to weeks instead of years.', 'author': 'Orion'}
2025-09-14 20:22:54 | INFO | Consumed message: 'Quantum drives cut the journey to weeks instead of years.' by Orion
2025-09-14 20:22:55 | INFO | Sent message to topic 'buzzline_json': {'message': 'Artificial gravity failed on Deck 7 again.', 'author': 'Lyra'}
2025-09-14 20:22:55 | INFO | Consumed message: 'Artificial gravity failed on Deck 7 again.' by Lyra
2025-09-14 20:22:56 | INFO | Sent message to topic 'buzzline_json': {'message': 'Terraforming progress reached 42% completion.', 'author': 'Cassiopeia'}
2025-09-14 20:22:56 | INFO | Consumed message: 'Terraforming progress reached 42% completion.' by Cassiopeia
2025-09-14 20:22:57 | INFO | Sent message to topic 'buzzline_json': {'message': 'First contact was nothing like the simulations predicted.', 'author': 'Vega'}
2025-09-14 20:22:57 | INFO | Consumed message: 'First contact was nothing like the simulations predicted.' by Vega
2025-09-14 20:22:58 | INFO | Sent message to topic 'buzzline_json': {'message': 'Cryosleep chambers malfunctioned mid-voyage.', 'author': 'Atlas'}
2025-09-14 20:22:58 | INFO | Consumed message: 'Cryosleep chambers malfunctioned mid-voyage.' by Atlas
2025-09-14 20:22:59 | INFO | Sent message to topic 'buzzline_json': {'message': 'Asteroid miners uncovered strange alien alloys.', 'author': 'Zenith'}
2025-09-14 20:22:59 | INFO | Consumed message: 'Asteroid miners uncovered strange alien alloys.' by Zenith
2025-09-14 20:23:00 | INFO | Sent message to topic 'buzzline_json': {'message': 'A rogue AI now controls half the satellite network.', 'author': 'Helix'}
2025-09-14 20:23:00 | INFO | Consumed message: 'A rogue AI now controls half the satellite network.' by Helix
2025-09-14 20:23:01 | INFO | Sent message to topic 'buzzline_json': {'message': 'The wormhole pulsed brighter than the nearby suns.', 'author': 'Aurora'}
2025-09-14 20:23:01 | INFO | Consumed message: 'The wormhole pulsed brighter than the nearby suns.' by Aurora
2025-09-14 20:23:02 | INFO | Sent message to topic 'buzzline_json': {'message': 'Hydroponics yielded the first Martian strawberries.', 'author': 'Icarus'}
2025-09-14 20:23:02 | INFO | Consumed message: 'Hydroponics yielded the first Martian strawberries.' by Icarus
2025-09-14 20:23:03 | INFO | Sent message to topic 'buzzline_json': {'message': 'Dark energy storms make navigation unpredictable.', 'author': 'Nyx'}
2025-09-14 20:23:03 | INFO | Consumed message: 'Dark energy storms make navigation unpredictable.' by Nyx
2025-09-14 20:23:04 | INFO | Sent message to topic 'buzzline_json': {'message': 'Neural implants caused unexpected shared dreams.', 'author': 'Echo'}
2025-09-14 20:23:04 | INFO | Consumed message: 'Neural implants caused unexpected shared dreams.' by Echo
2025-09-14 20:23:05 | INFO | Sent message to topic 'buzzline_json': {'message': 'The council debated lifting the clone restrictions.', 'author': 'Rhea'}
2025-09-14 20:23:05 | INFO | Consumed message: 'The council debated lifting the clone restrictions.' by Rhea
2025-09-14 20:23:06 | INFO | Sent message to topic 'buzzline_json': {'message': 'Radiation shields barely held during the flare.', 'author': 'Apollo'}
2025-09-14 20:23:06 | INFO | Consumed message: 'Radiation shields barely held during the flare.' by Apollo
2025-09-14 20:23:07 | INFO | Sent message to topic 'buzzline_json': {'message': 'The mining colony vanished overnight without a trace.', 'author': 'Zephyr'}
2025-09-14 20:23:07 | INFO | Consumed message: 'The mining colony vanished overnight without a trace.' by Zephyr
2025-09-14 20:23:08 | INFO | Sent message to topic 'buzzline_json': {'message': 'Alien ruins suggest a civilization older than Earth.', 'author': 'Andromeda'}
2025-09-14 20:23:08 | INFO | Consumed message: 'Alien ruins suggest a civilization older than Earth.' by Andromeda
2025-09-14 20:23:09 | INFO | Sent message to topic 'buzzline_json': {'message': 'The fusion core hummed louder than usual.', 'author': 'Horizon'}
2025-09-14 20:23:09 | INFO | Consumed message: 'The fusion core hummed louder than usual.' by Horizon
2025-09-14 20:23:10 | INFO | Sent message to topic 'buzzline_json': {'message': 'Smugglers trade in forbidden nanotech along the belt.', 'author': 'Kestrel'}
