2025-09-11 20:53:39 | INFO | Kafka topic 'smoker_csv' is ready.
2025-09-11 20:53:39 | INFO | Starting message production to topic 'smoker_csv'...
2025-09-11 20:53:39 | INFO | Opening data file in read mode: PROJECT_ROOT/data/smoker_temps.csv
2025-09-11 20:53:39 | INFO | Reading data from file: PROJECT_ROOT/data/smoker_temps.csv
2025-09-11 20:53:39 | INFO | Sent message to topic 'smoker_csv': {'timestamp': '2025-09-12T01:53:39.759611', 'temperature': 70.4}
2025-09-11 20:53:44 | INFO | Sent message to topic 'smoker_csv': {'timestamp': '2025-09-12T01:53:44.762172', 'temperature': 70.8}
2025-09-11 20:53:49 | INFO | Sent message to topic 'smoker_csv': {'timestamp': '2025-09-12T01:53:49.765252', 'temperature': 71.2}
2025-09-11 20:53:54 | INFO | Sent message to topic 'smoker_csv': {'timestamp': '2025-09-12T01:53:54.767063', 'temperature': 71.6}
2025-09-11 20:53:59 | INFO | Sent message to topic 'smoker_csv': {'timestamp': '2025-09-12T01:53:59.768899', 'temperature': 72.0}
2025-09-11 20:54:04 | INFO | Sent message to topic 'smoker_csv': {'timestamp': '2025-09-12T01:54:04.772449', 'temperature': 72.4}
2025-09-11 20:54:09 | INFO | Sent message to topic 'smoker_csv': {'timestamp': '2025-09-12T01:54:09.776118', 'temperature': 72.8}
2025-09-11 20:54:12 | INFO | Logging to file: logs/project_log.log
2025-09-11 20:54:12 | INFO | Log sanitization enabled, personal info removed
2025-09-11 20:54:12 | INFO | START consumer.
2025-09-11 20:54:12 | INFO | Kafka topic: smoker_csv
2025-09-11 20:54:12 | INFO | Kafka consumer group id: smoker_group
2025-09-11 20:54:12 | INFO | Rolling window size: 10
2025-09-11 20:54:12 | INFO | Consumer: Topic 'smoker_csv' and group 'smoker_group'...
2025-09-11 20:54:12 | INFO | Rolling window size: 10
2025-09-11 20:54:12 | INFO | Kafka broker address: localhost:9092
2025-09-11 20:54:12 | INFO | Creating Kafka consumer. Topic='smoker_csv' and group ID='smoker_group'.
2025-09-11 20:54:12 | INFO | Kafka consumer created successfully.
2025-09-11 20:54:12 | INFO | Polling messages from topic 'smoker_csv'...
2025-09-11 20:54:14 | INFO | Sent message to topic 'smoker_csv': {'timestamp': '2025-09-12T01:54:14.777670', 'temperature': 73.2}
2025-09-11 20:54:16 | INFO | Processed JSON message: {'timestamp': '2025-09-12T01:53:39.759611', 'temperature': 70.4}
2025-09-11 20:54:16 | INFO | Rolling window size: 10
2025-09-11 20:54:16 | INFO | Processed JSON message: {'timestamp': '2025-09-12T01:53:44.762172', 'temperature': 70.8}
2025-09-11 20:54:16 | INFO | Rolling window size: 10
2025-09-11 20:54:16 | INFO | Processed JSON message: {'timestamp': '2025-09-12T01:53:49.765252', 'temperature': 71.2}
2025-09-11 20:54:16 | INFO | Rolling window size: 10
2025-09-11 20:54:16 | INFO | Processed JSON message: {'timestamp': '2025-09-12T01:53:54.767063', 'temperature': 71.6}
2025-09-11 20:54:16 | INFO | Rolling window size: 10
2025-09-11 20:54:16 | INFO | Processed JSON message: {'timestamp': '2025-09-12T01:53:59.768899', 'temperature': 72.0}
2025-09-11 20:54:16 | INFO | Rolling window size: 10
2025-09-11 20:54:16 | INFO | Processed JSON message: {'timestamp': '2025-09-12T01:54:04.772449', 'temperature': 72.4}
2025-09-11 20:54:16 | INFO | Rolling window size: 10
2025-09-11 20:54:16 | INFO | Processed JSON message: {'timestamp': '2025-09-12T01:54:09.776118', 'temperature': 72.8}
2025-09-11 20:54:16 | INFO | Rolling window size: 10
2025-09-11 20:54:16 | INFO | Processed JSON message: {'timestamp': '2025-09-12T01:54:14.777670', 'temperature': 73.2}
2025-09-11 20:54:16 | INFO | Rolling window size: 10
2025-09-11 20:54:19 | INFO | Sent message to topic 'smoker_csv': {'timestamp': '2025-09-12T01:54:19.779838', 'temperature': 73.6}
2025-09-11 20:54:19 | INFO | Processed JSON message: {'timestamp': '2025-09-12T01:54:19.779838', 'temperature': 73.6}
2025-09-11 20:54:19 | INFO | Rolling window size: 10
2025-09-11 20:54:24 | INFO | Sent message to topic 'smoker_csv': {'timestamp': '2025-09-12T01:54:24.780938', 'temperature': 74.0}
2025-09-11 20:54:24 | INFO | Processed JSON message: {'timestamp': '2025-09-12T01:54:24.780938', 'temperature': 74.0}
2025-09-11 20:54:24 | INFO | Rolling window size: 10
2025-09-11 20:54:24 | INFO | Max stall temperature range: 0.2 F
2025-09-11 20:54:29 | INFO | Sent message to topic 'smoker_csv': {'timestamp': '2025-09-12T01:54:29.784039', 'temperature': 74.4}
2025-09-11 20:54:29 | INFO | Processed JSON message: {'timestamp': '2025-09-12T01:54:29.784039', 'temperature': 74.4}
2025-09-11 20:54:29 | INFO | Rolling window size: 10
2025-09-11 20:54:29 | INFO | Max stall temperature range: 0.2 F
2025-09-11 20:54:34 | INFO | Sent message to topic 'smoker_csv': {'timestamp': '2025-09-12T01:54:34.786093', 'temperature': 74.8}
2025-09-11 20:54:34 | INFO | Processed JSON message: {'timestamp': '2025-09-12T01:54:34.786093', 'temperature': 74.8}
2025-09-11 20:54:34 | INFO | Rolling window size: 10
2025-09-11 20:54:34 | INFO | Max stall temperature range: 0.2 F
2025-09-11 20:54:39 | INFO | Sent message to topic 'smoker_csv': {'timestamp': '2025-09-12T01:54:39.789121', 'temperature': 75.2}
2025-09-11 20:54:39 | INFO | Processed JSON message: {'timestamp': '2025-09-12T01:54:39.789121', 'temperature': 75.2}
2025-09-11 20:54:39 | INFO | Rolling window size: 10
2025-09-11 20:54:39 | INFO | Max stall temperature range: 0.2 F
2025-09-11 20:54:44 | INFO | Sent message to topic 'smoker_csv': {'timestamp': '2025-09-12T01:54:44.791414', 'temperature': 75.6}
2025-09-11 20:54:44 | INFO | Processed JSON message: {'timestamp': '2025-09-12T01:54:44.791414', 'temperature': 75.6}
2025-09-11 20:54:44 | INFO | Rolling window size: 10
2025-09-11 20:54:44 | INFO | Max stall temperature range: 0.2 F
2025-09-11 20:54:49 | INFO | Sent message to topic 'smoker_csv': {'timestamp': '2025-09-12T01:54:49.793872', 'temperature': 76.0}
2025-09-11 20:54:49 | INFO | Processed JSON message: {'timestamp': '2025-09-12T01:54:49.793872', 'temperature': 76.0}
2025-09-11 20:54:49 | INFO | Rolling window size: 10
2025-09-11 20:54:49 | INFO | Max stall temperature range: 0.2 F
2025-09-11 20:54:54 | INFO | Sent message to topic 'smoker_csv': {'timestamp': '2025-09-12T01:54:54.797649', 'temperature': 76.4}
2025-09-11 20:54:54 | INFO | Processed JSON message: {'timestamp': '2025-09-12T01:54:54.797649', 'temperature': 76.4}
2025-09-11 20:54:54 | INFO | Rolling window size: 10
2025-09-11 20:54:54 | INFO | Max stall temperature range: 0.2 F
2025-09-11 20:54:59 | INFO | Sent message to topic 'smoker_csv': {'timestamp': '2025-09-12T01:54:59.800815', 'temperature': 76.8}
2025-09-11 20:54:59 | INFO | Processed JSON message: {'timestamp': '2025-09-12T01:54:59.800815', 'temperature': 76.8}
2025-09-11 20:54:59 | INFO | Rolling window size: 10
2025-09-11 20:54:59 | INFO | Max stall temperature range: 0.2 F
2025-09-11 20:55:04 | INFO | Sent message to topic 'smoker_csv': {'timestamp': '2025-09-12T01:55:04.803571', 'temperature': 77.2}
2025-09-11 20:55:04 | INFO | Processed JSON message: {'timestamp': '2025-09-12T01:55:04.803571', 'temperature': 77.2}
2025-09-11 20:55:04 | INFO | Rolling window size: 10
2025-09-11 20:55:04 | INFO | Max stall temperature range: 0.2 F
2025-09-11 20:55:09 | INFO | Sent message to topic 'smoker_csv': {'timestamp': '2025-09-12T01:55:09.805652', 'temperature': 77.6}
2025-09-11 20:55:09 | INFO | Processed JSON message: {'timestamp': '2025-09-12T01:55:09.805652', 'temperature': 77.6}
2025-09-11 20:55:09 | INFO | Rolling window size: 10
2025-09-11 20:55:09 | INFO | Max stall temperature range: 0.2 F
2025-09-11 20:55:14 | INFO | Sent message to topic 'smoker_csv': {'timestamp': '2025-09-12T01:55:14.807127', 'temperature': 78.0}
2025-09-11 20:55:14 | INFO | Processed JSON message: {'timestamp': '2025-09-12T01:55:14.807127', 'temperature': 78.0}
2025-09-11 20:55:14 | INFO | Rolling window size: 10
2025-09-11 20:55:14 | INFO | Max stall temperature range: 0.2 F
2025-09-11 20:55:19 | INFO | Sent message to topic 'smoker_csv': {'timestamp': '2025-09-12T01:55:19.809093', 'temperature': 78.4}
2025-09-11 20:55:19 | INFO | Processed JSON message: {'timestamp': '2025-09-12T01:55:19.809093', 'temperature': 78.4}
2025-09-11 20:55:19 | INFO | Rolling window size: 10
2025-09-11 20:55:19 | INFO | Max stall temperature range: 0.2 F
2025-09-11 20:55:24 | INFO | Sent message to topic 'smoker_csv': {'timestamp': '2025-09-12T01:55:24.811463', 'temperature': 78.8}
2025-09-11 20:55:24 | INFO | Processed JSON message: {'timestamp': '2025-09-12T01:55:24.811463', 'temperature': 78.8}
2025-09-11 20:55:24 | INFO | Rolling window size: 10
2025-09-11 20:55:24 | INFO | Max stall temperature range: 0.2 F
2025-09-11 20:55:29 | INFO | Sent message to topic 'smoker_csv': {'timestamp': '2025-09-12T01:55:29.813335', 'temperature': 79.2}
2025-09-11 20:55:29 | INFO | Processed JSON message: {'timestamp': '2025-09-12T01:55:29.813335', 'temperature': 79.2}
2025-09-11 20:55:29 | INFO | Rolling window size: 10
2025-09-11 20:55:29 | INFO | Max stall temperature range: 0.2 F
2025-09-11 20:55:34 | INFO | Sent message to topic 'smoker_csv': {'timestamp': '2025-09-12T01:55:34.814801', 'temperature': 79.6}
2025-09-11 20:55:34 | INFO | Processed JSON message: {'timestamp': '2025-09-12T01:55:34.814801', 'temperature': 79.6}
2025-09-11 20:55:34 | INFO | Rolling window size: 10
2025-09-11 20:55:34 | INFO | Max stall temperature range: 0.2 F
2025-09-11 20:55:39 | INFO | Sent message to topic 'smoker_csv': {'timestamp': '2025-09-12T01:55:39.816711', 'temperature': 80.0}
2025-09-11 20:55:39 | INFO | Processed JSON message: {'timestamp': '2025-09-12T01:55:39.816711', 'temperature': 80.0}
2025-09-11 20:55:39 | INFO | Rolling window size: 10
2025-09-11 20:55:39 | INFO | Max stall temperature range: 0.2 F
2025-09-11 20:55:44 | INFO | Sent message to topic 'smoker_csv': {'timestamp': '2025-09-12T01:55:44.819491', 'temperature': 80.4}
2025-09-11 20:55:44 | INFO | Processed JSON message: {'timestamp': '2025-09-12T01:55:44.819491', 'temperature': 80.4}
2025-09-11 20:55:44 | INFO | Rolling window size: 10
2025-09-11 20:55:44 | INFO | Max stall temperature range: 0.2 F
2025-09-11 20:55:49 | INFO | Sent message to topic 'smoker_csv': {'timestamp': '2025-09-12T01:55:49.822674', 'temperature': 80.8}
2025-09-11 20:55:49 | INFO | Processed JSON message: {'timestamp': '2025-09-12T01:55:49.822674', 'temperature': 80.8}
2025-09-11 20:55:49 | INFO | Rolling window size: 10
2025-09-11 20:55:49 | INFO | Max stall temperature range: 0.2 F
2025-09-11 20:55:54 | INFO | Sent message to topic 'smoker_csv': {'timestamp': '2025-09-12T01:55:54.824420', 'temperature': 81.2}
2025-09-11 20:55:54 | INFO | Processed JSON message: {'timestamp': '2025-09-12T01:55:54.824420', 'temperature': 81.2}
2025-09-11 20:55:54 | INFO | Rolling window size: 10
2025-09-11 20:55:54 | INFO | Max stall temperature range: 0.2 F
2025-09-11 20:55:59 | INFO | Sent message to topic 'smoker_csv': {'timestamp': '2025-09-12T01:55:59.826330', 'temperature': 81.6}
2025-09-11 20:55:59 | INFO | Processed JSON message: {'timestamp': '2025-09-12T01:55:59.826330', 'temperature': 81.6}
2025-09-11 20:55:59 | INFO | Rolling window size: 10
2025-09-11 20:55:59 | INFO | Max stall temperature range: 0.2 F
2025-09-11 20:56:04 | INFO | Sent message to topic 'smoker_csv': {'timestamp': '2025-09-12T01:56:04.827907', 'temperature': 82.0}
2025-09-11 20:56:04 | INFO | Processed JSON message: {'timestamp': '2025-09-12T01:56:04.827907', 'temperature': 82.0}
2025-09-11 20:56:04 | INFO | Rolling window size: 10
2025-09-11 20:56:04 | INFO | Max stall temperature range: 0.2 F
2025-09-11 20:56:09 | INFO | Sent message to topic 'smoker_csv': {'timestamp': '2025-09-12T01:56:09.831098', 'temperature': 82.4}
2025-09-11 20:56:09 | INFO | Processed JSON message: {'timestamp': '2025-09-12T01:56:09.831098', 'temperature': 82.4}
2025-09-11 20:56:09 | INFO | Rolling window size: 10
2025-09-11 20:56:09 | INFO | Max stall temperature range: 0.2 F
2025-09-11 20:56:14 | INFO | Sent message to topic 'smoker_csv': {'timestamp': '2025-09-12T01:56:14.833626', 'temperature': 82.8}
2025-09-11 20:56:14 | INFO | Processed JSON message: {'timestamp': '2025-09-12T01:56:14.833626', 'temperature': 82.8}
2025-09-11 20:56:14 | INFO | Rolling window size: 10
2025-09-11 20:56:14 | INFO | Max stall temperature range: 0.2 F
2025-09-11 20:56:19 | INFO | Sent message to topic 'smoker_csv': {'timestamp': '2025-09-12T01:56:19.836821', 'temperature': 83.2}
2025-09-11 20:56:19 | INFO | Processed JSON message: {'timestamp': '2025-09-12T01:56:19.836821', 'temperature': 83.2}
2025-09-11 20:56:19 | INFO | Rolling window size: 10
2025-09-11 20:56:19 | INFO | Max stall temperature range: 0.2 F
2025-09-11 20:56:24 | INFO | Sent message to topic 'smoker_csv': {'timestamp': '2025-09-12T01:56:24.839556', 'temperature': 83.6}
2025-09-11 20:56:24 | INFO | Processed JSON message: {'timestamp': '2025-09-12T01:56:24.839556', 'temperature': 83.6}
2025-09-11 20:56:24 | INFO | Rolling window size: 10
2025-09-11 20:56:24 | INFO | Max stall temperature range: 0.2 F
2025-09-11 20:56:29 | INFO | Sent message to topic 'smoker_csv': {'timestamp': '2025-09-12T01:56:29.842400', 'temperature': 84.0}
2025-09-11 20:56:29 | INFO | Processed JSON message: {'timestamp': '2025-09-12T01:56:29.842400', 'temperature': 84.0}
2025-09-11 20:56:29 | INFO | Rolling window size: 10
2025-09-11 20:56:29 | INFO | Max stall temperature range: 0.2 F
2025-09-11 20:56:34 | INFO | Sent message to topic 'smoker_csv': {'timestamp': '2025-09-12T01:56:34.845158', 'temperature': 84.4}
2025-09-11 20:56:34 | INFO | Processed JSON message: {'timestamp': '2025-09-12T01:56:34.845158', 'temperature': 84.4}
2025-09-11 20:56:34 | INFO | Rolling window size: 10
2025-09-11 20:56:34 | INFO | Max stall temperature range: 0.2 F
2025-09-11 20:56:39 | INFO | Sent message to topic 'smoker_csv': {'timestamp': '2025-09-12T01:56:39.846052', 'temperature': 84.8}
2025-09-11 20:56:39 | INFO | Processed JSON message: {'timestamp': '2025-09-12T01:56:39.846052', 'temperature': 84.8}
2025-09-11 20:56:39 | INFO | Rolling window size: 10
2025-09-11 20:56:39 | INFO | Max stall temperature range: 0.2 F
2025-09-11 20:56:44 | INFO | Sent message to topic 'smoker_csv': {'timestamp': '2025-09-12T01:56:44.847577', 'temperature': 85.2}
2025-09-11 20:56:44 | INFO | Processed JSON message: {'timestamp': '2025-09-12T01:56:44.847577', 'temperature': 85.2}
2025-09-11 20:56:44 | INFO | Rolling window size: 10
2025-09-11 20:56:44 | INFO | Max stall temperature range: 0.2 F
2025-09-11 20:56:49 | INFO | Sent message to topic 'smoker_csv': {'timestamp': '2025-09-12T01:56:49.848543', 'temperature': 85.6}
2025-09-11 20:56:49 | INFO | Processed JSON message: {'timestamp': '2025-09-12T01:56:49.848543', 'temperature': 85.6}
2025-09-11 20:56:49 | INFO | Rolling window size: 10
2025-09-11 20:56:49 | INFO | Max stall temperature range: 0.2 F
2025-09-11 20:56:54 | INFO | Sent message to topic 'smoker_csv': {'timestamp': '2025-09-12T01:56:54.849591', 'temperature': 86.0}
2025-09-11 20:56:54 | INFO | Processed JSON message: {'timestamp': '2025-09-12T01:56:54.849591', 'temperature': 86.0}
2025-09-11 20:56:54 | INFO | Rolling window size: 10
2025-09-11 20:56:54 | INFO | Max stall temperature range: 0.2 F
2025-09-11 20:56:59 | INFO | Sent message to topic 'smoker_csv': {'timestamp': '2025-09-12T01:56:59.850640', 'temperature': 86.4}
2025-09-11 20:56:59 | INFO | Processed JSON message: {'timestamp': '2025-09-12T01:56:59.850640', 'temperature': 86.4}
2025-09-11 20:56:59 | INFO | Rolling window size: 10
2025-09-11 20:56:59 | INFO | Max stall temperature range: 0.2 F
2025-09-11 20:57:04 | INFO | Sent message to topic 'smoker_csv': {'timestamp': '2025-09-12T01:57:04.851841', 'temperature': 86.8}
2025-09-11 20:57:04 | INFO | Processed JSON message: {'timestamp': '2025-09-12T01:57:04.851841', 'temperature': 86.8}
2025-09-11 20:57:04 | INFO | Rolling window size: 10
2025-09-11 20:57:04 | INFO | Max stall temperature range: 0.2 F
2025-09-11 20:57:09 | INFO | Sent message to topic 'smoker_csv': {'timestamp': '2025-09-12T01:57:09.854675', 'temperature': 87.2}
2025-09-11 20:57:09 | INFO | Processed JSON message: {'timestamp': '2025-09-12T01:57:09.854675', 'temperature': 87.2}
2025-09-11 20:57:09 | INFO | Rolling window size: 10
2025-09-11 20:57:09 | INFO | Max stall temperature range: 0.2 F
2025-09-11 20:57:14 | INFO | Sent message to topic 'smoker_csv': {'timestamp': '2025-09-12T01:57:14.856402', 'temperature': 87.6}
2025-09-11 20:57:14 | INFO | Processed JSON message: {'timestamp': '2025-09-12T01:57:14.856402', 'temperature': 87.6}
2025-09-11 20:57:14 | INFO | Rolling window size: 10
2025-09-11 20:57:14 | INFO | Max stall temperature range: 0.2 F
2025-09-11 20:57:19 | INFO | Sent message to topic 'smoker_csv': {'timestamp': '2025-09-12T01:57:19.858122', 'temperature': 88.0}
2025-09-11 20:57:19 | INFO | Processed JSON message: {'timestamp': '2025-09-12T01:57:19.858122', 'temperature': 88.0}
2025-09-11 20:57:19 | INFO | Rolling window size: 10
2025-09-11 20:57:19 | INFO | Max stall temperature range: 0.2 F
2025-09-11 20:57:24 | INFO | Sent message to topic 'smoker_csv': {'timestamp': '2025-09-12T01:57:24.860868', 'temperature': 88.4}
2025-09-11 20:57:24 | INFO | Processed JSON message: {'timestamp': '2025-09-12T01:57:24.860868', 'temperature': 88.4}
2025-09-11 20:57:24 | INFO | Rolling window size: 10
2025-09-11 20:57:24 | INFO | Max stall temperature range: 0.2 F
2025-09-11 20:57:29 | INFO | Sent message to topic 'smoker_csv': {'timestamp': '2025-09-12T01:57:29.862195', 'temperature': 88.8}
2025-09-11 20:57:29 | INFO | Processed JSON message: {'timestamp': '2025-09-12T01:57:29.862195', 'temperature': 88.8}
2025-09-11 20:57:29 | INFO | Rolling window size: 10
2025-09-11 20:57:29 | INFO | Max stall temperature range: 0.2 F
2025-09-11 20:57:34 | INFO | Sent message to topic 'smoker_csv': {'timestamp': '2025-09-12T01:57:34.864316', 'temperature': 89.2}
2025-09-11 20:57:34 | INFO | Processed JSON message: {'timestamp': '2025-09-12T01:57:34.864316', 'temperature': 89.2}
2025-09-11 20:57:34 | INFO | Rolling window size: 10
2025-09-11 20:57:34 | INFO | Max stall temperature range: 0.2 F
2025-09-11 20:57:39 | INFO | Sent message to topic 'smoker_csv': {'timestamp': '2025-09-12T01:57:39.866684', 'temperature': 89.6}
2025-09-11 20:57:39 | INFO | Processed JSON message: {'timestamp': '2025-09-12T01:57:39.866684', 'temperature': 89.6}
2025-09-11 20:57:39 | INFO | Rolling window size: 10
2025-09-11 20:57:39 | INFO | Max stall temperature range: 0.2 F
2025-09-11 20:57:44 | INFO | Sent message to topic 'smoker_csv': {'timestamp': '2025-09-12T01:57:44.869730', 'temperature': 90.0}
2025-09-11 20:57:44 | INFO | Processed JSON message: {'timestamp': '2025-09-12T01:57:44.869730', 'temperature': 90.0}
2025-09-11 20:57:44 | INFO | Rolling window size: 10
2025-09-11 20:57:44 | INFO | Max stall temperature range: 0.2 F
2025-09-11 20:57:49 | INFO | Sent message to topic 'smoker_csv': {'timestamp': '2025-09-12T01:57:49.871239', 'temperature': 90.4}
2025-09-11 20:57:49 | INFO | Processed JSON message: {'timestamp': '2025-09-12T01:57:49.871239', 'temperature': 90.4}
2025-09-11 20:57:49 | INFO | Rolling window size: 10
2025-09-11 20:57:49 | INFO | Max stall temperature range: 0.2 F
2025-09-11 20:57:54 | INFO | Sent message to topic 'smoker_csv': {'timestamp': '2025-09-12T01:57:54.874352', 'temperature': 90.8}
2025-09-11 20:57:54 | INFO | Processed JSON message: {'timestamp': '2025-09-12T01:57:54.874352', 'temperature': 90.8}
2025-09-11 20:57:54 | INFO | Rolling window size: 10
2025-09-11 20:57:54 | INFO | Max stall temperature range: 0.2 F
2025-09-11 20:57:59 | INFO | Sent message to topic 'smoker_csv': {'timestamp': '2025-09-12T01:57:59.877165', 'temperature': 91.2}
2025-09-11 20:57:59 | INFO | Processed JSON message: {'timestamp': '2025-09-12T01:57:59.877165', 'temperature': 91.2}
2025-09-11 20:57:59 | INFO | Rolling window size: 10
2025-09-11 20:57:59 | INFO | Max stall temperature range: 0.2 F
2025-09-11 20:58:04 | INFO | Sent message to topic 'smoker_csv': {'timestamp': '2025-09-12T01:58:04.878332', 'temperature': 91.6}
2025-09-11 20:58:04 | INFO | Processed JSON message: {'timestamp': '2025-09-12T01:58:04.878332', 'temperature': 91.6}
2025-09-11 20:58:04 | INFO | Rolling window size: 10
2025-09-11 20:58:04 | INFO | Max stall temperature range: 0.2 F
2025-09-11 20:58:09 | INFO | Sent message to topic 'smoker_csv': {'timestamp': '2025-09-12T01:58:09.881817', 'temperature': 92.0}
2025-09-11 20:58:09 | INFO | Processed JSON message: {'timestamp': '2025-09-12T01:58:09.881817', 'temperature': 92.0}
2025-09-11 20:58:09 | INFO | Rolling window size: 10
2025-09-11 20:58:09 | INFO | Max stall temperature range: 0.2 F
2025-09-11 20:58:14 | INFO | Sent message to topic 'smoker_csv': {'timestamp': '2025-09-12T01:58:14.884972', 'temperature': 92.4}
2025-09-11 20:58:14 | INFO | Processed JSON message: {'timestamp': '2025-09-12T01:58:14.884972', 'temperature': 92.4}
2025-09-11 20:58:14 | INFO | Rolling window size: 10
2025-09-11 20:58:14 | INFO | Max stall temperature range: 0.2 F
2025-09-11 20:58:19 | INFO | Sent message to topic 'smoker_csv': {'timestamp': '2025-09-12T01:58:19.888026', 'temperature': 92.8}
2025-09-11 20:58:19 | INFO | Processed JSON message: {'timestamp': '2025-09-12T01:58:19.888026', 'temperature': 92.8}
2025-09-11 20:58:19 | INFO | Rolling window size: 10
2025-09-11 20:58:19 | INFO | Max stall temperature range: 0.2 F
2025-09-11 20:58:24 | INFO | Sent message to topic 'smoker_csv': {'timestamp': '2025-09-12T01:58:24.891054', 'temperature': 93.2}
2025-09-11 20:58:24 | INFO | Processed JSON message: {'timestamp': '2025-09-12T01:58:24.891054', 'temperature': 93.2}
2025-09-11 20:58:24 | INFO | Rolling window size: 10
2025-09-11 20:58:24 | INFO | Max stall temperature range: 0.2 F
2025-09-11 20:58:29 | INFO | Sent message to topic 'smoker_csv': {'timestamp': '2025-09-12T01:58:29.893324', 'temperature': 93.6}
2025-09-11 20:58:29 | INFO | Processed JSON message: {'timestamp': '2025-09-12T01:58:29.893324', 'temperature': 93.6}
2025-09-11 20:58:29 | INFO | Rolling window size: 10
2025-09-11 20:58:29 | INFO | Max stall temperature range: 0.2 F
2025-09-11 20:58:34 | INFO | Sent message to topic 'smoker_csv': {'timestamp': '2025-09-12T01:58:34.896366', 'temperature': 94.0}
2025-09-11 20:58:34 | INFO | Processed JSON message: {'timestamp': '2025-09-12T01:58:34.896366', 'temperature': 94.0}
2025-09-11 20:58:34 | INFO | Rolling window size: 10
2025-09-11 20:58:34 | INFO | Max stall temperature range: 0.2 F
2025-09-11 20:58:39 | INFO | Sent message to topic 'smoker_csv': {'timestamp': '2025-09-12T01:58:39.900175', 'temperature': 94.4}
2025-09-11 20:58:39 | INFO | Processed JSON message: {'timestamp': '2025-09-12T01:58:39.900175', 'temperature': 94.4}
2025-09-11 20:58:39 | INFO | Rolling window size: 10
2025-09-11 20:58:39 | INFO | Max stall temperature range: 0.2 F
2025-09-11 20:58:44 | INFO | Sent message to topic 'smoker_csv': {'timestamp': '2025-09-12T01:58:44.902762', 'temperature': 94.8}
2025-09-11 20:58:44 | INFO | Processed JSON message: {'timestamp': '2025-09-12T01:58:44.902762', 'temperature': 94.8}
2025-09-11 20:58:44 | INFO | Rolling window size: 10
2025-09-11 20:58:44 | INFO | Max stall temperature range: 0.2 F
2025-09-11 20:58:49 | INFO | Sent message to topic 'smoker_csv': {'timestamp': '2025-09-12T01:58:49.905509', 'temperature': 95.2}
2025-09-11 20:58:49 | INFO | Processed JSON message: {'timestamp': '2025-09-12T01:58:49.905509', 'temperature': 95.2}
2025-09-11 20:58:49 | INFO | Rolling window size: 10
2025-09-11 20:58:49 | INFO | Max stall temperature range: 0.2 F
2025-09-11 20:58:54 | INFO | Sent message to topic 'smoker_csv': {'timestamp': '2025-09-12T01:58:54.908699', 'temperature': 95.6}
2025-09-11 20:58:54 | INFO | Processed JSON message: {'timestamp': '2025-09-12T01:58:54.908699', 'temperature': 95.6}
2025-09-11 20:58:54 | INFO | Rolling window size: 10
2025-09-11 20:58:54 | INFO | Max stall temperature range: 0.2 F
2025-09-11 20:58:59 | INFO | Sent message to topic 'smoker_csv': {'timestamp': '2025-09-12T01:58:59.910092', 'temperature': 96.0}
2025-09-11 20:58:59 | INFO | Processed JSON message: {'timestamp': '2025-09-12T01:58:59.910092', 'temperature': 96.0}
2025-09-11 20:58:59 | INFO | Rolling window size: 10
2025-09-11 20:58:59 | INFO | Max stall temperature range: 0.2 F
2025-09-11 20:59:04 | INFO | Sent message to topic 'smoker_csv': {'timestamp': '2025-09-12T01:59:04.912927', 'temperature': 96.4}
2025-09-11 20:59:04 | INFO | Processed JSON message: {'timestamp': '2025-09-12T01:59:04.912927', 'temperature': 96.4}
2025-09-11 20:59:04 | INFO | Rolling window size: 10
2025-09-11 20:59:04 | INFO | Max stall temperature range: 0.2 F
2025-09-11 20:59:09 | INFO | Sent message to topic 'smoker_csv': {'timestamp': '2025-09-12T01:59:09.914121', 'temperature': 96.8}
2025-09-11 20:59:09 | INFO | Processed JSON message: {'timestamp': '2025-09-12T01:59:09.914121', 'temperature': 96.8}
2025-09-11 20:59:09 | INFO | Rolling window size: 10
2025-09-11 20:59:09 | INFO | Max stall temperature range: 0.2 F
2025-09-11 20:59:14 | INFO | Sent message to topic 'smoker_csv': {'timestamp': '2025-09-12T01:59:14.917453', 'temperature': 97.2}
2025-09-11 20:59:14 | INFO | Processed JSON message: {'timestamp': '2025-09-12T01:59:14.917453', 'temperature': 97.2}
2025-09-11 20:59:14 | INFO | Rolling window size: 10
2025-09-11 20:59:14 | INFO | Max stall temperature range: 0.2 F
2025-09-11 20:59:19 | INFO | Sent message to topic 'smoker_csv': {'timestamp': '2025-09-12T01:59:19.921326', 'temperature': 97.6}
2025-09-11 20:59:19 | INFO | Processed JSON message: {'timestamp': '2025-09-12T01:59:19.921326', 'temperature': 97.6}
2025-09-11 20:59:19 | INFO | Rolling window size: 10
2025-09-11 20:59:19 | INFO | Max stall temperature range: 0.2 F
2025-09-11 20:59:24 | INFO | Sent message to topic 'smoker_csv': {'timestamp': '2025-09-12T01:59:24.924074', 'temperature': 98.0}
2025-09-11 20:59:24 | INFO | Processed JSON message: {'timestamp': '2025-09-12T01:59:24.924074', 'temperature': 98.0}
2025-09-11 20:59:24 | INFO | Rolling window size: 10
2025-09-11 20:59:24 | INFO | Max stall temperature range: 0.2 F
2025-09-11 20:59:29 | INFO | Sent message to topic 'smoker_csv': {'timestamp': '2025-09-12T01:59:29.926812', 'temperature': 98.4}
2025-09-11 20:59:29 | INFO | Processed JSON message: {'timestamp': '2025-09-12T01:59:29.926812', 'temperature': 98.4}
2025-09-11 20:59:29 | INFO | Rolling window size: 10
2025-09-11 20:59:29 | INFO | Max stall temperature range: 0.2 F
2025-09-11 20:59:34 | INFO | Sent message to topic 'smoker_csv': {'timestamp': '2025-09-12T01:59:34.928383', 'temperature': 98.8}
2025-09-11 20:59:34 | INFO | Processed JSON message: {'timestamp': '2025-09-12T01:59:34.928383', 'temperature': 98.8}
2025-09-11 20:59:34 | INFO | Rolling window size: 10
2025-09-11 20:59:34 | INFO | Max stall temperature range: 0.2 F
2025-09-11 20:59:39 | INFO | Sent message to topic 'smoker_csv': {'timestamp': '2025-09-12T01:59:39.931864', 'temperature': 99.2}
2025-09-11 20:59:39 | INFO | Processed JSON message: {'timestamp': '2025-09-12T01:59:39.931864', 'temperature': 99.2}
2025-09-11 20:59:39 | INFO | Rolling window size: 10
2025-09-11 20:59:39 | INFO | Max stall temperature range: 0.2 F
2025-09-11 20:59:44 | INFO | Sent message to topic 'smoker_csv': {'timestamp': '2025-09-12T01:59:44.934631', 'temperature': 99.6}
2025-09-11 20:59:44 | INFO | Processed JSON message: {'timestamp': '2025-09-12T01:59:44.934631', 'temperature': 99.6}
2025-09-11 20:59:44 | INFO | Rolling window size: 10
2025-09-11 20:59:44 | INFO | Max stall temperature range: 0.2 F
2025-09-11 20:59:49 | INFO | Sent message to topic 'smoker_csv': {'timestamp': '2025-09-12T01:59:49.937019', 'temperature': 100.0}
2025-09-11 20:59:49 | INFO | Processed JSON message: {'timestamp': '2025-09-12T01:59:49.937019', 'temperature': 100.0}
2025-09-11 20:59:49 | INFO | Rolling window size: 10
2025-09-11 20:59:49 | INFO | Max stall temperature range: 0.2 F
2025-09-11 20:59:54 | INFO | Sent message to topic 'smoker_csv': {'timestamp': '2025-09-12T01:59:54.938133', 'temperature': 100.4}
2025-09-11 20:59:54 | INFO | Processed JSON message: {'timestamp': '2025-09-12T01:59:54.938133', 'temperature': 100.4}
2025-09-11 20:59:54 | INFO | Rolling window size: 10
2025-09-11 20:59:54 | INFO | Max stall temperature range: 0.2 F
2025-09-11 20:59:59 | INFO | Sent message to topic 'smoker_csv': {'timestamp': '2025-09-12T01:59:59.940079', 'temperature': 100.8}
2025-09-11 20:59:59 | INFO | Processed JSON message: {'timestamp': '2025-09-12T01:59:59.940079', 'temperature': 100.8}
2025-09-11 20:59:59 | INFO | Rolling window size: 10
2025-09-11 20:59:59 | INFO | Max stall temperature range: 0.2 F
2025-09-11 21:00:04 | INFO | Sent message to topic 'smoker_csv': {'timestamp': '2025-09-12T02:00:04.941922', 'temperature': 101.2}
2025-09-11 21:00:04 | INFO | Processed JSON message: {'timestamp': '2025-09-12T02:00:04.941922', 'temperature': 101.2}
2025-09-11 21:00:04 | INFO | Rolling window size: 10
2025-09-11 21:00:04 | INFO | Max stall temperature range: 0.2 F
2025-09-11 21:00:09 | INFO | Sent message to topic 'smoker_csv': {'timestamp': '2025-09-12T02:00:09.944087', 'temperature': 101.6}
2025-09-11 21:00:09 | INFO | Processed JSON message: {'timestamp': '2025-09-12T02:00:09.944087', 'temperature': 101.6}
2025-09-11 21:00:09 | INFO | Rolling window size: 10
2025-09-11 21:00:09 | INFO | Max stall temperature range: 0.2 F
2025-09-11 21:00:14 | INFO | Sent message to topic 'smoker_csv': {'timestamp': '2025-09-12T02:00:14.945525', 'temperature': 102.0}
2025-09-11 21:00:14 | INFO | Processed JSON message: {'timestamp': '2025-09-12T02:00:14.945525', 'temperature': 102.0}
2025-09-11 21:00:14 | INFO | Rolling window size: 10
2025-09-11 21:00:14 | INFO | Max stall temperature range: 0.2 F
2025-09-11 21:00:19 | INFO | Sent message to topic 'smoker_csv': {'timestamp': '2025-09-12T02:00:19.946973', 'temperature': 102.4}
2025-09-11 21:00:19 | INFO | Processed JSON message: {'timestamp': '2025-09-12T02:00:19.946973', 'temperature': 102.4}
2025-09-11 21:00:19 | INFO | Rolling window size: 10
2025-09-11 21:00:19 | INFO | Max stall temperature range: 0.2 F
2025-09-11 21:00:24 | INFO | Sent message to topic 'smoker_csv': {'timestamp': '2025-09-12T02:00:24.948810', 'temperature': 102.8}
2025-09-11 21:00:24 | INFO | Processed JSON message: {'timestamp': '2025-09-12T02:00:24.948810', 'temperature': 102.8}
2025-09-11 21:00:24 | INFO | Rolling window size: 10
2025-09-11 21:00:24 | INFO | Max stall temperature range: 0.2 F
2025-09-11 21:00:29 | INFO | Sent message to topic 'smoker_csv': {'timestamp': '2025-09-12T02:00:29.950225', 'temperature': 103.2}
2025-09-11 21:00:29 | INFO | Processed JSON message: {'timestamp': '2025-09-12T02:00:29.950225', 'temperature': 103.2}
2025-09-11 21:00:29 | INFO | Rolling window size: 10
2025-09-11 21:00:29 | INFO | Max stall temperature range: 0.2 F
2025-09-11 21:00:34 | INFO | Sent message to topic 'smoker_csv': {'timestamp': '2025-09-12T02:00:34.953230', 'temperature': 103.6}
2025-09-11 21:00:34 | INFO | Processed JSON message: {'timestamp': '2025-09-12T02:00:34.953230', 'temperature': 103.6}
2025-09-11 21:00:34 | INFO | Rolling window size: 10
2025-09-11 21:00:34 | INFO | Max stall temperature range: 0.2 F
2025-09-11 21:00:39 | INFO | Sent message to topic 'smoker_csv': {'timestamp': '2025-09-12T02:00:39.955878', 'temperature': 104.0}
2025-09-11 21:00:39 | INFO | Processed JSON message: {'timestamp': '2025-09-12T02:00:39.955878', 'temperature': 104.0}
2025-09-11 21:00:39 | INFO | Rolling window size: 10
2025-09-11 21:00:39 | INFO | Max stall temperature range: 0.2 F
2025-09-11 21:00:44 | INFO | Sent message to topic 'smoker_csv': {'timestamp': '2025-09-12T02:00:44.960071', 'temperature': 104.4}
2025-09-11 21:00:44 | INFO | Processed JSON message: {'timestamp': '2025-09-12T02:00:44.960071', 'temperature': 104.4}
2025-09-11 21:00:44 | INFO | Rolling window size: 10
2025-09-11 21:00:44 | INFO | Max stall temperature range: 0.2 F
2025-09-11 21:00:49 | INFO | Sent message to topic 'smoker_csv': {'timestamp': '2025-09-12T02:00:49.963554', 'temperature': 104.8}
2025-09-11 21:00:49 | INFO | Processed JSON message: {'timestamp': '2025-09-12T02:00:49.963554', 'temperature': 104.8}
2025-09-11 21:00:49 | INFO | Rolling window size: 10
2025-09-11 21:00:49 | INFO | Max stall temperature range: 0.2 F
2025-09-11 21:00:54 | INFO | Sent message to topic 'smoker_csv': {'timestamp': '2025-09-12T02:00:54.968362', 'temperature': 105.2}
2025-09-11 21:00:54 | INFO | Processed JSON message: {'timestamp': '2025-09-12T02:00:54.968362', 'temperature': 105.2}
2025-09-11 21:00:54 | INFO | Rolling window size: 10
2025-09-11 21:00:54 | INFO | Max stall temperature range: 0.2 F
2025-09-11 21:00:59 | INFO | Sent message to topic 'smoker_csv': {'timestamp': '2025-09-12T02:00:59.971055', 'temperature': 105.6}
2025-09-11 21:00:59 | INFO | Processed JSON message: {'timestamp': '2025-09-12T02:00:59.971055', 'temperature': 105.6}
2025-09-11 21:00:59 | INFO | Rolling window size: 10
2025-09-11 21:00:59 | INFO | Max stall temperature range: 0.2 F
2025-09-11 21:01:04 | INFO | Sent message to topic 'smoker_csv': {'timestamp': '2025-09-12T02:01:04.974461', 'temperature': 106.0}
2025-09-11 21:01:04 | INFO | Processed JSON message: {'timestamp': '2025-09-12T02:01:04.974461', 'temperature': 106.0}
2025-09-11 21:01:04 | INFO | Rolling window size: 10
2025-09-11 21:01:04 | INFO | Max stall temperature range: 0.2 F
2025-09-11 21:01:09 | INFO | Sent message to topic 'smoker_csv': {'timestamp': '2025-09-12T02:01:09.977659', 'temperature': 106.4}
2025-09-11 21:01:09 | INFO | Processed JSON message: {'timestamp': '2025-09-12T02:01:09.977659', 'temperature': 106.4}
2025-09-11 21:01:09 | INFO | Rolling window size: 10
2025-09-11 21:01:09 | INFO | Max stall temperature range: 0.2 F
2025-09-11 21:01:14 | INFO | Sent message to topic 'smoker_csv': {'timestamp': '2025-09-12T02:01:14.979139', 'temperature': 106.8}
2025-09-11 21:01:14 | INFO | Processed JSON message: {'timestamp': '2025-09-12T02:01:14.979139', 'temperature': 106.8}
2025-09-11 21:01:14 | INFO | Rolling window size: 10
2025-09-11 21:01:14 | INFO | Max stall temperature range: 0.2 F
2025-09-11 21:01:19 | INFO | Sent message to topic 'smoker_csv': {'timestamp': '2025-09-12T02:01:19.981300', 'temperature': 107.2}
2025-09-11 21:01:19 | INFO | Processed JSON message: {'timestamp': '2025-09-12T02:01:19.981300', 'temperature': 107.2}
2025-09-11 21:01:19 | INFO | Rolling window size: 10
2025-09-11 21:01:19 | INFO | Max stall temperature range: 0.2 F
2025-09-11 21:01:24 | INFO | Sent message to topic 'smoker_csv': {'timestamp': '2025-09-12T02:01:24.983531', 'temperature': 107.6}
2025-09-11 21:01:24 | INFO | Processed JSON message: {'timestamp': '2025-09-12T02:01:24.983531', 'temperature': 107.6}
2025-09-11 21:01:24 | INFO | Rolling window size: 10
2025-09-11 21:01:24 | INFO | Max stall temperature range: 0.2 F
2025-09-11 21:01:29 | INFO | Sent message to topic 'smoker_csv': {'timestamp': '2025-09-12T02:01:29.986923', 'temperature': 108.0}
2025-09-11 21:01:29 | INFO | Processed JSON message: {'timestamp': '2025-09-12T02:01:29.986923', 'temperature': 108.0}
2025-09-11 21:01:29 | INFO | Rolling window size: 10
2025-09-11 21:01:29 | INFO | Max stall temperature range: 0.2 F
2025-09-11 21:01:34 | INFO | Sent message to topic 'smoker_csv': {'timestamp': '2025-09-12T02:01:34.990477', 'temperature': 108.4}
2025-09-11 21:01:34 | INFO | Processed JSON message: {'timestamp': '2025-09-12T02:01:34.990477', 'temperature': 108.4}
2025-09-11 21:01:34 | INFO | Rolling window size: 10
2025-09-11 21:01:35 | INFO | Max stall temperature range: 0.2 F
2025-09-11 21:01:39 | INFO | Sent message to topic 'smoker_csv': {'timestamp': '2025-09-12T02:01:39.993507', 'temperature': 108.8}
2025-09-11 21:01:39 | INFO | Processed JSON message: {'timestamp': '2025-09-12T02:01:39.993507', 'temperature': 108.8}
2025-09-11 21:01:40 | INFO | Rolling window size: 10
2025-09-11 21:01:40 | INFO | Max stall temperature range: 0.2 F
2025-09-11 21:01:44 | INFO | Sent message to topic 'smoker_csv': {'timestamp': '2025-09-12T02:01:44.996764', 'temperature': 109.2}
2025-09-11 21:01:45 | INFO | Processed JSON message: {'timestamp': '2025-09-12T02:01:44.996764', 'temperature': 109.2}
2025-09-11 21:01:45 | INFO | Rolling window size: 10
2025-09-11 21:01:45 | INFO | Max stall temperature range: 0.2 F
2025-09-11 21:01:49 | INFO | Sent message to topic 'smoker_csv': {'timestamp': '2025-09-12T02:01:49.999818', 'temperature': 109.6}
2025-09-11 21:01:50 | INFO | Processed JSON message: {'timestamp': '2025-09-12T02:01:49.999818', 'temperature': 109.6}
2025-09-11 21:01:50 | INFO | Rolling window size: 10
2025-09-11 21:01:50 | INFO | Max stall temperature range: 0.2 F
2025-09-11 21:01:55 | INFO | Sent message to topic 'smoker_csv': {'timestamp': '2025-09-12T02:01:55.002950', 'temperature': 110.0}
2025-09-11 21:01:55 | INFO | Processed JSON message: {'timestamp': '2025-09-12T02:01:55.002950', 'temperature': 110.0}
2025-09-11 21:01:55 | INFO | Rolling window size: 10
2025-09-11 21:01:55 | INFO | Max stall temperature range: 0.2 F
2025-09-11 21:02:00 | INFO | Sent message to topic 'smoker_csv': {'timestamp': '2025-09-12T02:02:00.005614', 'temperature': 110.4}
2025-09-11 21:02:00 | INFO | Processed JSON message: {'timestamp': '2025-09-12T02:02:00.005614', 'temperature': 110.4}
2025-09-11 21:02:00 | INFO | Rolling window size: 10
2025-09-11 21:02:00 | INFO | Max stall temperature range: 0.2 F
2025-09-11 21:02:05 | INFO | Sent message to topic 'smoker_csv': {'timestamp': '2025-09-12T02:02:05.007900', 'temperature': 110.8}
2025-09-11 21:02:05 | INFO | Processed JSON message: {'timestamp': '2025-09-12T02:02:05.007900', 'temperature': 110.8}
2025-09-11 21:02:05 | INFO | Rolling window size: 10
2025-09-11 21:02:05 | INFO | Max stall temperature range: 0.2 F
2025-09-11 21:02:10 | INFO | Sent message to topic 'smoker_csv': {'timestamp': '2025-09-12T02:02:10.010091', 'temperature': 111.2}
2025-09-11 21:02:10 | INFO | Processed JSON message: {'timestamp': '2025-09-12T02:02:10.010091', 'temperature': 111.2}
2025-09-11 21:02:10 | INFO | Rolling window size: 10
2025-09-11 21:02:10 | INFO | Max stall temperature range: 0.2 F
2025-09-11 21:02:15 | INFO | Sent message to topic 'smoker_csv': {'timestamp': '2025-09-12T02:02:15.013408', 'temperature': 111.6}
2025-09-11 21:02:15 | INFO | Processed JSON message: {'timestamp': '2025-09-12T02:02:15.013408', 'temperature': 111.6}
2025-09-11 21:02:15 | INFO | Rolling window size: 10
2025-09-11 21:02:15 | INFO | Max stall temperature range: 0.2 F
2025-09-11 21:02:20 | INFO | Sent message to topic 'smoker_csv': {'timestamp': '2025-09-12T02:02:20.016849', 'temperature': 112.0}
2025-09-11 21:02:20 | INFO | Processed JSON message: {'timestamp': '2025-09-12T02:02:20.016849', 'temperature': 112.0}
2025-09-11 21:02:20 | INFO | Rolling window size: 10
2025-09-11 21:02:20 | INFO | Max stall temperature range: 0.2 F
2025-09-11 21:02:25 | INFO | Sent message to topic 'smoker_csv': {'timestamp': '2025-09-12T02:02:25.019121', 'temperature': 112.4}
2025-09-11 21:02:25 | INFO | Processed JSON message: {'timestamp': '2025-09-12T02:02:25.019121', 'temperature': 112.4}
2025-09-11 21:02:25 | INFO | Rolling window size: 10
2025-09-11 21:02:25 | INFO | Max stall temperature range: 0.2 F
2025-09-11 21:02:30 | INFO | Sent message to topic 'smoker_csv': {'timestamp': '2025-09-12T02:02:30.022032', 'temperature': 112.8}
2025-09-11 21:02:30 | INFO | Processed JSON message: {'timestamp': '2025-09-12T02:02:30.022032', 'temperature': 112.8}
2025-09-11 21:02:30 | INFO | Rolling window size: 10
2025-09-11 21:02:30 | INFO | Max stall temperature range: 0.2 F
2025-09-11 21:02:35 | INFO | Sent message to topic 'smoker_csv': {'timestamp': '2025-09-12T02:02:35.025354', 'temperature': 113.2}
2025-09-11 21:02:35 | INFO | Processed JSON message: {'timestamp': '2025-09-12T02:02:35.025354', 'temperature': 113.2}
2025-09-11 21:02:35 | INFO | Rolling window size: 10
2025-09-11 21:02:35 | INFO | Max stall temperature range: 0.2 F
2025-09-11 21:02:40 | INFO | Sent message to topic 'smoker_csv': {'timestamp': '2025-09-12T02:02:40.028189', 'temperature': 113.6}
2025-09-11 21:02:40 | INFO | Processed JSON message: {'timestamp': '2025-09-12T02:02:40.028189', 'temperature': 113.6}
2025-09-11 21:02:40 | INFO | Rolling window size: 10
2025-09-11 21:02:40 | INFO | Max stall temperature range: 0.2 F
2025-09-11 21:02:45 | INFO | Sent message to topic 'smoker_csv': {'timestamp': '2025-09-12T02:02:45.030880', 'temperature': 114.0}
2025-09-11 21:02:45 | INFO | Processed JSON message: {'timestamp': '2025-09-12T02:02:45.030880', 'temperature': 114.0}
2025-09-11 21:02:45 | INFO | Rolling window size: 10
2025-09-11 21:02:45 | INFO | Max stall temperature range: 0.2 F
2025-09-11 21:02:50 | INFO | Sent message to topic 'smoker_csv': {'timestamp': '2025-09-12T02:02:50.035335', 'temperature': 114.4}
2025-09-11 21:02:50 | INFO | Processed JSON message: {'timestamp': '2025-09-12T02:02:50.035335', 'temperature': 114.4}
2025-09-11 21:02:50 | INFO | Rolling window size: 10
2025-09-11 21:02:50 | INFO | Max stall temperature range: 0.2 F
2025-09-11 21:02:55 | INFO | Sent message to topic 'smoker_csv': {'timestamp': '2025-09-12T02:02:55.036923', 'temperature': 114.8}
2025-09-11 21:02:55 | INFO | Processed JSON message: {'timestamp': '2025-09-12T02:02:55.036923', 'temperature': 114.8}
2025-09-11 21:02:55 | INFO | Rolling window size: 10
2025-09-11 21:02:55 | INFO | Max stall temperature range: 0.2 F
2025-09-11 21:03:00 | INFO | Sent message to topic 'smoker_csv': {'timestamp': '2025-09-12T02:03:00.040410', 'temperature': 115.2}
2025-09-11 21:03:00 | INFO | Processed JSON message: {'timestamp': '2025-09-12T02:03:00.040410', 'temperature': 115.2}
2025-09-11 21:03:00 | INFO | Rolling window size: 10
2025-09-11 21:03:00 | INFO | Max stall temperature range: 0.2 F
2025-09-11 21:03:05 | INFO | Sent message to topic 'smoker_csv': {'timestamp': '2025-09-12T02:03:05.041944', 'temperature': 115.6}
2025-09-11 21:03:05 | INFO | Processed JSON message: {'timestamp': '2025-09-12T02:03:05.041944', 'temperature': 115.6}
2025-09-11 21:03:05 | INFO | Rolling window size: 10
2025-09-11 21:03:05 | INFO | Max stall temperature range: 0.2 F
2025-09-11 21:03:10 | INFO | Sent message to topic 'smoker_csv': {'timestamp': '2025-09-12T02:03:10.045237', 'temperature': 116.0}
2025-09-11 21:03:10 | INFO | Processed JSON message: {'timestamp': '2025-09-12T02:03:10.045237', 'temperature': 116.0}
2025-09-11 21:03:10 | INFO | Rolling window size: 10
2025-09-11 21:03:10 | INFO | Max stall temperature range: 0.2 F
2025-09-11 21:03:15 | INFO | Sent message to topic 'smoker_csv': {'timestamp': '2025-09-12T02:03:15.047287', 'temperature': 116.4}
2025-09-11 21:03:15 | INFO | Processed JSON message: {'timestamp': '2025-09-12T02:03:15.047287', 'temperature': 116.4}
2025-09-11 21:03:15 | INFO | Rolling window size: 10
2025-09-11 21:03:15 | INFO | Max stall temperature range: 0.2 F
2025-09-11 21:03:20 | INFO | Sent message to topic 'smoker_csv': {'timestamp': '2025-09-12T02:03:20.051317', 'temperature': 116.8}
2025-09-11 21:03:20 | INFO | Processed JSON message: {'timestamp': '2025-09-12T02:03:20.051317', 'temperature': 116.8}
2025-09-11 21:03:20 | INFO | Rolling window size: 10
2025-09-11 21:03:20 | INFO | Max stall temperature range: 0.2 F
2025-09-11 21:03:25 | INFO | Sent message to topic 'smoker_csv': {'timestamp': '2025-09-12T02:03:25.054608', 'temperature': 117.2}
2025-09-11 21:03:25 | INFO | Processed JSON message: {'timestamp': '2025-09-12T02:03:25.054608', 'temperature': 117.2}
2025-09-11 21:03:25 | INFO | Rolling window size: 10
2025-09-11 21:03:25 | INFO | Max stall temperature range: 0.2 F
2025-09-11 21:03:30 | INFO | Sent message to topic 'smoker_csv': {'timestamp': '2025-09-12T02:03:30.057982', 'temperature': 117.6}
2025-09-11 21:03:30 | INFO | Processed JSON message: {'timestamp': '2025-09-12T02:03:30.057982', 'temperature': 117.6}
2025-09-11 21:03:30 | INFO | Rolling window size: 10
2025-09-11 21:03:30 | INFO | Max stall temperature range: 0.2 F
2025-09-11 21:03:35 | INFO | Sent message to topic 'smoker_csv': {'timestamp': '2025-09-12T02:03:35.059045', 'temperature': 118.0}
2025-09-11 21:03:35 | INFO | Processed JSON message: {'timestamp': '2025-09-12T02:03:35.059045', 'temperature': 118.0}
2025-09-11 21:03:35 | INFO | Rolling window size: 10
2025-09-11 21:03:35 | INFO | Max stall temperature range: 0.2 F
2025-09-11 21:03:40 | INFO | Sent message to topic 'smoker_csv': {'timestamp': '2025-09-12T02:03:40.061450', 'temperature': 118.4}
2025-09-11 21:03:40 | INFO | Processed JSON message: {'timestamp': '2025-09-12T02:03:40.061450', 'temperature': 118.4}
2025-09-11 21:03:40 | INFO | Rolling window size: 10
2025-09-11 21:03:40 | INFO | Max stall temperature range: 0.2 F
2025-09-11 21:03:45 | INFO | Sent message to topic 'smoker_csv': {'timestamp': '2025-09-12T02:03:45.064631', 'temperature': 118.8}
2025-09-11 21:03:45 | INFO | Processed JSON message: {'timestamp': '2025-09-12T02:03:45.064631', 'temperature': 118.8}
2025-09-11 21:03:45 | INFO | Rolling window size: 10
2025-09-11 21:03:45 | INFO | Max stall temperature range: 0.2 F
2025-09-11 21:03:50 | INFO | Sent message to topic 'smoker_csv': {'timestamp': '2025-09-12T02:03:50.067946', 'temperature': 119.2}
2025-09-11 21:03:50 | INFO | Processed JSON message: {'timestamp': '2025-09-12T02:03:50.067946', 'temperature': 119.2}
2025-09-11 21:03:50 | INFO | Rolling window size: 10
2025-09-11 21:03:50 | INFO | Max stall temperature range: 0.2 F
2025-09-11 21:03:55 | INFO | Sent message to topic 'smoker_csv': {'timestamp': '2025-09-12T02:03:55.070842', 'temperature': 119.6}
2025-09-11 21:03:55 | INFO | Processed JSON message: {'timestamp': '2025-09-12T02:03:55.070842', 'temperature': 119.6}
2025-09-11 21:03:55 | INFO | Rolling window size: 10
2025-09-11 21:03:55 | INFO | Max stall temperature range: 0.2 F
2025-09-11 21:04:00 | INFO | Sent message to topic 'smoker_csv': {'timestamp': '2025-09-12T02:04:00.074327', 'temperature': 120.0}
2025-09-11 21:04:00 | INFO | Processed JSON message: {'timestamp': '2025-09-12T02:04:00.074327', 'temperature': 120.0}
2025-09-11 21:04:00 | INFO | Rolling window size: 10
2025-09-11 21:04:00 | INFO | Max stall temperature range: 0.2 F
2025-09-11 21:04:05 | INFO | Sent message to topic 'smoker_csv': {'timestamp': '2025-09-12T02:04:05.075844', 'temperature': 120.4}
2025-09-11 21:04:05 | INFO | Processed JSON message: {'timestamp': '2025-09-12T02:04:05.075844', 'temperature': 120.4}
2025-09-11 21:04:05 | INFO | Rolling window size: 10
2025-09-11 21:04:05 | INFO | Max stall temperature range: 0.2 F
2025-09-11 21:04:10 | INFO | Sent message to topic 'smoker_csv': {'timestamp': '2025-09-12T02:04:10.079324', 'temperature': 120.8}
2025-09-11 21:04:10 | INFO | Processed JSON message: {'timestamp': '2025-09-12T02:04:10.079324', 'temperature': 120.8}
2025-09-11 21:04:10 | INFO | Rolling window size: 10
2025-09-11 21:04:10 | INFO | Max stall temperature range: 0.2 F
2025-09-11 21:04:14 | WARNING | Consumer interrupted by user.
2025-09-11 21:04:14 | INFO | Kafka consumer for topic 'smoker_csv' closed.
2025-09-11 21:04:15 | INFO | Sent message to topic 'smoker_csv': {'timestamp': '2025-09-12T02:04:15.081734', 'temperature': 121.2}
2025-09-11 21:04:20 | INFO | Sent message to topic 'smoker_csv': {'timestamp': '2025-09-12T02:04:20.083100', 'temperature': 121.6}
2025-09-11 21:04:25 | INFO | Sent message to topic 'smoker_csv': {'timestamp': '2025-09-12T02:04:25.085294', 'temperature': 122.0}
2025-09-11 21:04:27 | WARNING | Producer interrupted by user.
2025-09-11 21:04:27 | INFO | Kafka producer closed.
2025-09-11 21:04:27 | INFO | END producer.
