2025-09-14 20:10:51 | INFO | Consumed message: 'The AI swore it dreamed of oceans and forests.' by Sigma
2025-09-14 20:10:51 | INFO | Sent message to topic 'buzzline_json': {'message': 'The AI swore it dreamed of oceans and forests.', 'author': 'Sigma'}
2025-09-14 20:10:52 | INFO | Opening data file in read mode: PROJECT_ROOT/data/science_fiction.json
2025-09-14 20:10:52 | INFO | Reading data from file: PROJECT_ROOT/data/science_fiction.json
2025-09-14 20:10:52 | INFO | Sent message to topic 'buzzline_json': {'message': 'The colony dome held steady against the Martian storm.', 'author': 'Nova'}
2025-09-14 20:10:52 | INFO | Consumed message: 'The colony dome held steady against the Martian storm.' by Nova
2025-09-14 20:10:53 | INFO | Sent message to topic 'buzzline_json': {'message': 'Quantum drives cut the journey to weeks instead of years.', 'author': 'Orion'}
2025-09-14 20:10:53 | INFO | Consumed message: 'Quantum drives cut the journey to weeks instead of years.' by Orion
2025-09-14 20:10:54 | INFO | Sent message to topic 'buzzline_json': {'message': 'Artificial gravity failed on Deck 7 again.', 'author': 'Lyra'}
2025-09-14 20:10:54 | INFO | Consumed message: 'Artificial gravity failed on Deck 7 again.' by Lyra
2025-09-14 20:10:55 | INFO | Sent message to topic 'buzzline_json': {'message': 'Terraforming progress reached 42% completion.', 'author': 'Cassiopeia'}
2025-09-14 20:10:55 | INFO | Consumed message: 'Terraforming progress reached 42% completion.' by Cassiopeia
2025-09-14 20:10:56 | INFO | Sent message to topic 'buzzline_json': {'message': 'First contact was nothing like the simulations predicted.', 'author': 'Vega'}
2025-09-14 20:10:56 | INFO | Consumed message: 'First contact was nothing like the simulations predicted.' by Vega
2025-09-14 20:10:57 | INFO | Sent message to topic 'buzzline_json': {'message': 'Cryosleep chambers malfunctioned mid-voyage.', 'author': 'Atlas'}
2025-09-14 20:10:57 | INFO | Consumed message: 'Cryosleep chambers malfunctioned mid-voyage.' by Atlas
2025-09-14 20:10:58 | INFO | Sent message to topic 'buzzline_json': {'message': 'Asteroid miners uncovered strange alien alloys.', 'author': 'Zenith'}
2025-09-14 20:10:58 | INFO | Consumed message: 'Asteroid miners uncovered strange alien alloys.' by Zenith
2025-09-14 20:10:59 | INFO | Sent message to topic 'buzzline_json': {'message': 'A rogue AI now controls half the satellite network.', 'author': 'Helix'}
2025-09-14 20:10:59 | INFO | Consumed message: 'A rogue AI now controls half the satellite network.' by Helix
2025-09-14 20:11:00 | INFO | Sent message to topic 'buzzline_json': {'message': 'The wormhole pulsed brighter than the nearby suns.', 'author': 'Aurora'}
2025-09-14 20:11:00 | INFO | Consumed message: 'The wormhole pulsed brighter than the nearby suns.' by Aurora
2025-09-14 20:11:01 | INFO | Sent message to topic 'buzzline_json': {'message': 'Hydroponics yielded the first Martian strawberries.', 'author': 'Icarus'}
2025-09-14 20:11:01 | INFO | Consumed message: 'Hydroponics yielded the first Martian strawberries.' by Icarus
2025-09-14 20:11:02 | INFO | Sent message to topic 'buzzline_json': {'message': 'Dark energy storms make navigation unpredictable.', 'author': 'Nyx'}
2025-09-14 20:11:02 | INFO | Consumed message: 'Dark energy storms make navigation unpredictable.' by Nyx
2025-09-14 20:11:03 | INFO | Sent message to topic 'buzzline_json': {'message': 'Neural implants caused unexpected shared dreams.', 'author': 'Echo'}
2025-09-14 20:11:03 | INFO | Consumed message: 'Neural implants caused unexpected shared dreams.' by Echo
2025-09-14 20:11:04 | INFO | Sent message to topic 'buzzline_json': {'message': 'The council debated lifting the clone restrictions.', 'author': 'Rhea'}
2025-09-14 20:11:04 | INFO | Consumed message: 'The council debated lifting the clone restrictions.' by Rhea
2025-09-14 20:11:05 | INFO | Sent message to topic 'buzzline_json': {'message': 'Radiation shields barely held during the flare.', 'author': 'Apollo'}
2025-09-14 20:11:05 | INFO | Consumed message: 'Radiation shields barely held during the flare.' by Apollo
2025-09-14 20:11:06 | INFO | Sent message to topic 'buzzline_json': {'message': 'The mining colony vanished overnight without a trace.', 'author': 'Zephyr'}
2025-09-14 20:11:06 | INFO | Consumed message: 'The mining colony vanished overnight without a trace.' by Zephyr
2025-09-14 20:11:07 | INFO | Sent message to topic 'buzzline_json': {'message': 'Alien ruins suggest a civilization older than Earth.', 'author': 'Andromeda'}
2025-09-14 20:11:07 | INFO | Consumed message: 'Alien ruins suggest a civilization older than Earth.' by Andromeda
2025-09-14 20:11:08 | INFO | Sent message to topic 'buzzline_json': {'message': 'The fusion core hummed louder than usual.', 'author': 'Horizon'}
2025-09-14 20:11:08 | INFO | Consumed message: 'The fusion core hummed louder than usual.' by Horizon
2025-09-14 20:11:09 | INFO | Sent message to topic 'buzzline_json': {'message': 'Smugglers trade in forbidden nanotech along the belt.', 'author': 'Kestrel'}
2025-09-14 20:11:09 | INFO | Consumed message: 'Smugglers trade in forbidden nanotech along the belt.' by Kestrel
2025-09-14 20:11:10 | INFO | Sent message to topic 'buzzline_json': {'message': 'Exosuits gave miners the strength of titans.', 'author': 'Draco'}
2025-09-14 20:11:10 | INFO | Consumed message: 'Exosuits gave miners the strength of titans.' by Draco
2025-09-14 20:11:11 | INFO | Sent message to topic 'buzzline_json': {'message': 'The Martian sunrise turned the sky violet and gold.', 'author': 'Phoenix'}
2025-09-14 20:11:11 | INFO | Consumed message: 'The Martian sunrise turned the sky violet and gold.' by Phoenix
2025-09-14 20:11:12 | INFO | Sent message to topic 'buzzline_json': {'message': 'Colonists fear the shadows beyond the outer dome.', 'author': 'Luna'}
2025-09-14 20:11:12 | INFO | Consumed message: 'Colonists fear the shadows beyond the outer dome.' by Luna
2025-09-14 20:11:13 | INFO | Sent message to topic 'buzzline_json': {'message': 'The black hole’s pull warped every sensor reading.', 'author': 'Oberon'}
2025-09-14 20:11:13 | INFO | Consumed message: 'The black hole’s pull warped every sensor reading.' by Oberon
2025-09-14 20:11:14 | INFO | Sent message to topic 'buzzline_json': {'message': 'Synthetic food printers failed during the blockade.', 'author': 'Cetus'}
2025-09-14 20:11:14 | INFO | Consumed message: 'Synthetic food printers failed during the blockade.' by Cetus
2025-09-14 20:11:15 | INFO | Sent message to topic 'buzzline_json': {'message': 'Engineers discovered music hidden in pulsar signals.', 'author': 'Lyric'}
2025-09-14 20:11:15 | INFO | Consumed message: 'Engineers discovered music hidden in pulsar signals.' by Lyric
2025-09-14 20:11:16 | INFO | Sent message to topic 'buzzline_json': {'message': 'The jump gate refused to stabilize on this side.', 'author': 'Nexus'}
2025-09-14 20:11:16 | INFO | Consumed message: 'The jump gate refused to stabilize on this side.' by Nexus
2025-09-14 20:11:17 | INFO | Sent message to topic 'buzzline_json': {'message': 'The crew whispered about ghosts in the air ducts.', 'author': 'Echo'}
2025-09-14 20:11:17 | INFO | Consumed message: 'The crew whispered about ghosts in the air ducts.' by Echo
2025-09-14 20:11:18 | INFO | Sent message to topic 'buzzline_json': {'message': 'Genetic experiments created crops that glow at night.', 'author': 'Gaia'}
2025-09-14 20:11:18 | INFO | Consumed message: 'Genetic experiments created crops that glow at night.' by Gaia
2025-09-14 20:11:19 | INFO | Sent message to topic 'buzzline_json': {'message': 'Asteroid defenses activated without any command.', 'author': 'Titan'}
2025-09-14 20:11:19 | INFO | Consumed message: 'Asteroid defenses activated without any command.' by Titan
2025-09-14 20:11:20 | INFO | Sent message to topic 'buzzline_json': {'message': 'Explorers mapped the crystalline caves beneath Europa.', 'author': 'Callisto'}
2025-09-14 20:11:20 | INFO | Consumed message: 'Explorers mapped the crystalline caves beneath Europa.' by Callisto
2025-09-14 20:11:21 | INFO | Sent message to topic 'buzzline_json': {'message': 'The AI swore it dreamed of oceans and forests.', 'author': 'Sigma'}
2025-09-14 20:11:21 | INFO | Consumed message: 'The AI swore it dreamed of oceans and forests.' by Sigma
2025-09-14 20:11:22 | INFO | Opening data file in read mode: PROJECT_ROOT/data/science_fiction.json
2025-09-14 20:11:22 | INFO | Reading data from file: PROJECT_ROOT/data/science_fiction.json
2025-09-14 20:11:22 | INFO | Sent message to topic 'buzzline_json': {'message': 'The colony dome held steady against the Martian storm.', 'author': 'Nova'}
2025-09-14 20:11:22 | INFO | Consumed message: 'The colony dome held steady against the Martian storm.' by Nova
2025-09-14 20:11:23 | INFO | Sent message to topic 'buzzline_json': {'message': 'Quantum drives cut the journey to weeks instead of years.', 'author': 'Orion'}
2025-09-14 20:11:23 | INFO | Consumed message: 'Quantum drives cut the journey to weeks instead of years.' by Orion
2025-09-14 20:11:24 | INFO | Sent message to topic 'buzzline_json': {'message': 'Artificial gravity failed on Deck 7 again.', 'author': 'Lyra'}
2025-09-14 20:11:24 | INFO | Consumed message: 'Artificial gravity failed on Deck 7 again.' by Lyra
2025-09-14 20:11:25 | INFO | Sent message to topic 'buzzline_json': {'message': 'Terraforming progress reached 42% completion.', 'author': 'Cassiopeia'}
2025-09-14 20:11:25 | INFO | Consumed message: 'Terraforming progress reached 42% completion.' by Cassiopeia
2025-09-14 20:11:26 | INFO | Sent message to topic 'buzzline_json': {'message': 'First contact was nothing like the simulations predicted.', 'author': 'Vega'}
2025-09-14 20:11:26 | INFO | Consumed message: 'First contact was nothing like the simulations predicted.' by Vega
2025-09-14 20:11:27 | INFO | Sent message to topic 'buzzline_json': {'message': 'Cryosleep chambers malfunctioned mid-voyage.', 'author': 'Atlas'}
2025-09-14 20:11:27 | INFO | Consumed message: 'Cryosleep chambers malfunctioned mid-voyage.' by Atlas
2025-09-14 20:11:28 | INFO | Sent message to topic 'buzzline_json': {'message': 'Asteroid miners uncovered strange alien alloys.', 'author': 'Zenith'}
2025-09-14 20:11:28 | INFO | Consumed message: 'Asteroid miners uncovered strange alien alloys.' by Zenith
2025-09-14 20:11:29 | INFO | Sent message to topic 'buzzline_json': {'message': 'A rogue AI now controls half the satellite network.', 'author': 'Helix'}
2025-09-14 20:11:29 | INFO | Consumed message: 'A rogue AI now controls half the satellite network.' by Helix
2025-09-14 20:11:30 | INFO | Sent message to topic 'buzzline_json': {'message': 'The wormhole pulsed brighter than the nearby suns.', 'author': 'Aurora'}
2025-09-14 20:11:30 | INFO | Consumed message: 'The wormhole pulsed brighter than the nearby suns.' by Aurora
2025-09-14 20:11:31 | INFO | Sent message to topic 'buzzline_json': {'message': 'Hydroponics yielded the first Martian strawberries.', 'author': 'Icarus'}
2025-09-14 20:11:31 | INFO | Consumed message: 'Hydroponics yielded the first Martian strawberries.' by Icarus
2025-09-14 20:11:32 | INFO | Sent message to topic 'buzzline_json': {'message': 'Dark energy storms make navigation unpredictable.', 'author': 'Nyx'}
2025-09-14 20:11:32 | INFO | Consumed message: 'Dark energy storms make navigation unpredictable.' by Nyx
2025-09-14 20:11:33 | INFO | Sent message to topic 'buzzline_json': {'message': 'Neural implants caused unexpected shared dreams.', 'author': 'Echo'}
2025-09-14 20:11:33 | INFO | Consumed message: 'Neural implants caused unexpected shared dreams.' by Echo
2025-09-14 20:11:34 | INFO | Sent message to topic 'buzzline_json': {'message': 'The council debated lifting the clone restrictions.', 'author': 'Rhea'}
2025-09-14 20:11:34 | INFO | Consumed message: 'The council debated lifting the clone restrictions.' by Rhea
2025-09-14 20:11:35 | INFO | Sent message to topic 'buzzline_json': {'message': 'Radiation shields barely held during the flare.', 'author': 'Apollo'}
2025-09-14 20:11:35 | INFO | Consumed message: 'Radiation shields barely held during the flare.' by Apollo
2025-09-14 20:11:36 | INFO | Sent message to topic 'buzzline_json': {'message': 'The mining colony vanished overnight without a trace.', 'author': 'Zephyr'}
2025-09-14 20:11:36 | INFO | Consumed message: 'The mining colony vanished overnight without a trace.' by Zephyr
2025-09-14 20:11:37 | INFO | Sent message to topic 'buzzline_json': {'message': 'Alien ruins suggest a civilization older than Earth.', 'author': 'Andromeda'}
2025-09-14 20:11:37 | INFO | Consumed message: 'Alien ruins suggest a civilization older than Earth.' by Andromeda
2025-09-14 20:11:38 | INFO | Sent message to topic 'buzzline_json': {'message': 'The fusion core hummed louder than usual.', 'author': 'Horizon'}
2025-09-14 20:11:38 | INFO | Consumed message: 'The fusion core hummed louder than usual.' by Horizon
2025-09-14 20:11:39 | INFO | Sent message to topic 'buzzline_json': {'message': 'Smugglers trade in forbidden nanotech along the belt.', 'author': 'Kestrel'}
2025-09-14 20:11:39 | INFO | Consumed message: 'Smugglers trade in forbidden nanotech along the belt.' by Kestrel
2025-09-14 20:11:40 | INFO | Sent message to topic 'buzzline_json': {'message': 'Exosuits gave miners the strength of titans.', 'author': 'Draco'}
2025-09-14 20:11:40 | INFO | Consumed message: 'Exosuits gave miners the strength of titans.' by Draco
2025-09-14 20:11:41 | INFO | Sent message to topic 'buzzline_json': {'message': 'The Martian sunrise turned the sky violet and gold.', 'author': 'Phoenix'}
2025-09-14 20:11:41 | INFO | Consumed message: 'The Martian sunrise turned the sky violet and gold.' by Phoenix
2025-09-14 20:11:42 | INFO | Sent message to topic 'buzzline_json': {'message': 'Colonists fear the shadows beyond the outer dome.', 'author': 'Luna'}
2025-09-14 20:11:42 | INFO | Consumed message: 'Colonists fear the shadows beyond the outer dome.' by Luna
2025-09-14 20:11:43 | INFO | Sent message to topic 'buzzline_json': {'message': 'The black hole’s pull warped every sensor reading.', 'author': 'Oberon'}
2025-09-14 20:11:43 | INFO | Consumed message: 'The black hole’s pull warped every sensor reading.' by Oberon
2025-09-14 20:11:44 | INFO | Sent message to topic 'buzzline_json': {'message': 'Synthetic food printers failed during the blockade.', 'author': 'Cetus'}
2025-09-14 20:11:44 | INFO | Consumed message: 'Synthetic food printers failed during the blockade.' by Cetus
2025-09-14 20:11:45 | INFO | Sent message to topic 'buzzline_json': {'message': 'Engineers discovered music hidden in pulsar signals.', 'author': 'Lyric'}
2025-09-14 20:11:45 | INFO | Consumed message: 'Engineers discovered music hidden in pulsar signals.' by Lyric
2025-09-14 20:11:46 | INFO | Sent message to topic 'buzzline_json': {'message': 'The jump gate refused to stabilize on this side.', 'author': 'Nexus'}
2025-09-14 20:11:46 | INFO | Consumed message: 'The jump gate refused to stabilize on this side.' by Nexus
2025-09-14 20:11:47 | INFO | Sent message to topic 'buzzline_json': {'message': 'The crew whispered about ghosts in the air ducts.', 'author': 'Echo'}
2025-09-14 20:11:47 | INFO | Consumed message: 'The crew whispered about ghosts in the air ducts.' by Echo
2025-09-14 20:11:48 | INFO | Sent message to topic 'buzzline_json': {'message': 'Genetic experiments created crops that glow at night.', 'author': 'Gaia'}
2025-09-14 20:11:48 | INFO | Consumed message: 'Genetic experiments created crops that glow at night.' by Gaia
2025-09-14 20:11:49 | INFO | Sent message to topic 'buzzline_json': {'message': 'Asteroid defenses activated without any command.', 'author': 'Titan'}
2025-09-14 20:11:49 | INFO | Consumed message: 'Asteroid defenses activated without any command.' by Titan
2025-09-14 20:11:50 | INFO | Sent message to topic 'buzzline_json': {'message': 'Explorers mapped the crystalline caves beneath Europa.', 'author': 'Callisto'}
2025-09-14 20:11:50 | INFO | Consumed message: 'Explorers mapped the crystalline caves beneath Europa.' by Callisto
2025-09-14 20:11:51 | INFO | Sent message to topic 'buzzline_json': {'message': 'The AI swore it dreamed of oceans and forests.', 'author': 'Sigma'}
2025-09-14 20:11:51 | INFO | Consumed message: 'The AI swore it dreamed of oceans and forests.' by Sigma
2025-09-14 20:11:52 | INFO | Opening data file in read mode: PROJECT_ROOT/data/science_fiction.json
2025-09-14 20:11:52 | INFO | Reading data from file: PROJECT_ROOT/data/science_fiction.json
2025-09-14 20:11:52 | INFO | Sent message to topic 'buzzline_json': {'message': 'The colony dome held steady against the Martian storm.', 'author': 'Nova'}
2025-09-14 20:11:52 | INFO | Consumed message: 'The colony dome held steady against the Martian storm.' by Nova
2025-09-14 20:11:53 | INFO | Sent message to topic 'buzzline_json': {'message': 'Quantum drives cut the journey to weeks instead of years.', 'author': 'Orion'}
2025-09-14 20:11:53 | INFO | Consumed message: 'Quantum drives cut the journey to weeks instead of years.' by Orion
2025-09-14 20:11:54 | INFO | Sent message to topic 'buzzline_json': {'message': 'Artificial gravity failed on Deck 7 again.', 'author': 'Lyra'}
2025-09-14 20:11:54 | INFO | Consumed message: 'Artificial gravity failed on Deck 7 again.' by Lyra
2025-09-14 20:11:55 | INFO | Sent message to topic 'buzzline_json': {'message': 'Terraforming progress reached 42% completion.', 'author': 'Cassiopeia'}
2025-09-14 20:11:55 | INFO | Consumed message: 'Terraforming progress reached 42% completion.' by Cassiopeia
2025-09-14 20:11:56 | INFO | Sent message to topic 'buzzline_json': {'message': 'First contact was nothing like the simulations predicted.', 'author': 'Vega'}
2025-09-14 20:11:56 | INFO | Consumed message: 'First contact was nothing like the simulations predicted.' by Vega
2025-09-14 20:11:57 | INFO | Sent message to topic 'buzzline_json': {'message': 'Cryosleep chambers malfunctioned mid-voyage.', 'author': 'Atlas'}
2025-09-14 20:11:57 | INFO | Consumed message: 'Cryosleep chambers malfunctioned mid-voyage.' by Atlas
2025-09-14 20:11:58 | INFO | Sent message to topic 'buzzline_json': {'message': 'Asteroid miners uncovered strange alien alloys.', 'author': 'Zenith'}
2025-09-14 20:11:58 | INFO | Consumed message: 'Asteroid miners uncovered strange alien alloys.' by Zenith
2025-09-14 20:11:59 | INFO | Sent message to topic 'buzzline_json': {'message': 'A rogue AI now controls half the satellite network.', 'author': 'Helix'}
2025-09-14 20:11:59 | INFO | Consumed message: 'A rogue AI now controls half the satellite network.' by Helix
2025-09-14 20:12:00 | INFO | Sent message to topic 'buzzline_json': {'message': 'The wormhole pulsed brighter than the nearby suns.', 'author': 'Aurora'}
2025-09-14 20:12:00 | INFO | Consumed message: 'The wormhole pulsed brighter than the nearby suns.' by Aurora
2025-09-14 20:12:01 | INFO | Sent message to topic 'buzzline_json': {'message': 'Hydroponics yielded the first Martian strawberries.', 'author': 'Icarus'}
2025-09-14 20:12:01 | INFO | Consumed message: 'Hydroponics yielded the first Martian strawberries.' by Icarus
2025-09-14 20:12:02 | INFO | Sent message to topic 'buzzline_json': {'message': 'Dark energy storms make navigation unpredictable.', 'author': 'Nyx'}
2025-09-14 20:12:02 | INFO | Consumed message: 'Dark energy storms make navigation unpredictable.' by Nyx
2025-09-14 20:12:03 | INFO | Sent message to topic 'buzzline_json': {'message': 'Neural implants caused unexpected shared dreams.', 'author': 'Echo'}
2025-09-14 20:12:03 | INFO | Consumed message: 'Neural implants caused unexpected shared dreams.' by Echo
2025-09-14 20:12:04 | INFO | Sent message to topic 'buzzline_json': {'message': 'The council debated lifting the clone restrictions.', 'author': 'Rhea'}
2025-09-14 20:12:04 | INFO | Consumed message: 'The council debated lifting the clone restrictions.' by Rhea
2025-09-14 20:12:05 | INFO | Sent message to topic 'buzzline_json': {'message': 'Radiation shields barely held during the flare.', 'author': 'Apollo'}
2025-09-14 20:12:05 | INFO | Consumed message: 'Radiation shields barely held during the flare.' by Apollo
2025-09-14 20:12:06 | INFO | Sent message to topic 'buzzline_json': {'message': 'The mining colony vanished overnight without a trace.', 'author': 'Zephyr'}
2025-09-14 20:12:06 | INFO | Consumed message: 'The mining colony vanished overnight without a trace.' by Zephyr
2025-09-14 20:12:07 | INFO | Sent message to topic 'buzzline_json': {'message': 'Alien ruins suggest a civilization older than Earth.', 'author': 'Andromeda'}
2025-09-14 20:12:07 | INFO | Consumed message: 'Alien ruins suggest a civilization older than Earth.' by Andromeda
2025-09-14 20:12:08 | INFO | Sent message to topic 'buzzline_json': {'message': 'The fusion core hummed louder than usual.', 'author': 'Horizon'}
2025-09-14 20:12:08 | INFO | Consumed message: 'The fusion core hummed louder than usual.' by Horizon
2025-09-14 20:12:09 | INFO | Sent message to topic 'buzzline_json': {'message': 'Smugglers trade in forbidden nanotech along the belt.', 'author': 'Kestrel'}
2025-09-14 20:12:09 | INFO | Consumed message: 'Smugglers trade in forbidden nanotech along the belt.' by Kestrel
2025-09-14 20:12:10 | INFO | Sent message to topic 'buzzline_json': {'message': 'Exosuits gave miners the strength of titans.', 'author': 'Draco'}
2025-09-14 20:12:10 | INFO | Consumed message: 'Exosuits gave miners the strength of titans.' by Draco
2025-09-14 20:12:11 | INFO | Sent message to topic 'buzzline_json': {'message': 'The Martian sunrise turned the sky violet and gold.', 'author': 'Phoenix'}
2025-09-14 20:12:11 | INFO | Consumed message: 'The Martian sunrise turned the sky violet and gold.' by Phoenix
2025-09-14 20:12:12 | INFO | Sent message to topic 'buzzline_json': {'message': 'Colonists fear the shadows beyond the outer dome.', 'author': 'Luna'}
2025-09-14 20:12:12 | INFO | Consumed message: 'Colonists fear the shadows beyond the outer dome.' by Luna
2025-09-14 20:12:13 | INFO | Sent message to topic 'buzzline_json': {'message': 'The black hole’s pull warped every sensor reading.', 'author': 'Oberon'}
2025-09-14 20:12:13 | INFO | Consumed message: 'The black hole’s pull warped every sensor reading.' by Oberon
2025-09-14 20:12:14 | INFO | Sent message to topic 'buzzline_json': {'message': 'Synthetic food printers failed during the blockade.', 'author': 'Cetus'}
2025-09-14 20:12:14 | INFO | Consumed message: 'Synthetic food printers failed during the blockade.' by Cetus
2025-09-14 20:12:15 | INFO | Sent message to topic 'buzzline_json': {'message': 'Engineers discovered music hidden in pulsar signals.', 'author': 'Lyric'}
2025-09-14 20:12:15 | INFO | Consumed message: 'Engineers discovered music hidden in pulsar signals.' by Lyric
2025-09-14 20:12:16 | INFO | Sent message to topic 'buzzline_json': {'message': 'The jump gate refused to stabilize on this side.', 'author': 'Nexus'}
2025-09-14 20:12:16 | INFO | Consumed message: 'The jump gate refused to stabilize on this side.' by Nexus
2025-09-14 20:12:17 | INFO | Sent message to topic 'buzzline_json': {'message': 'The crew whispered about ghosts in the air ducts.', 'author': 'Echo'}
2025-09-14 20:12:17 | INFO | Consumed message: 'The crew whispered about ghosts in the air ducts.' by Echo
2025-09-14 20:12:18 | INFO | Sent message to topic 'buzzline_json': {'message': 'Genetic experiments created crops that glow at night.', 'author': 'Gaia'}
2025-09-14 20:12:18 | INFO | Consumed message: 'Genetic experiments created crops that glow at night.' by Gaia
2025-09-14 20:12:19 | INFO | Sent message to topic 'buzzline_json': {'message': 'Asteroid defenses activated without any command.', 'author': 'Titan'}
2025-09-14 20:12:19 | INFO | Consumed message: 'Asteroid defenses activated without any command.' by Titan
2025-09-14 20:12:20 | INFO | Sent message to topic 'buzzline_json': {'message': 'Explorers mapped the crystalline caves beneath Europa.', 'author': 'Callisto'}
2025-09-14 20:12:20 | INFO | Consumed message: 'Explorers mapped the crystalline caves beneath Europa.' by Callisto
2025-09-14 20:12:21 | INFO | Sent message to topic 'buzzline_json': {'message': 'The AI swore it dreamed of oceans and forests.', 'author': 'Sigma'}
2025-09-14 20:12:21 | INFO | Consumed message: 'The AI swore it dreamed of oceans and forests.' by Sigma
2025-09-14 20:12:22 | INFO | Opening data file in read mode: PROJECT_ROOT/data/science_fiction.json
2025-09-14 20:12:22 | INFO | Reading data from file: PROJECT_ROOT/data/science_fiction.json
2025-09-14 20:12:22 | INFO | Sent message to topic 'buzzline_json': {'message': 'The colony dome held steady against the Martian storm.', 'author': 'Nova'}
2025-09-14 20:12:22 | INFO | Consumed message: 'The colony dome held steady against the Martian storm.' by Nova
2025-09-14 20:12:23 | INFO | Sent message to topic 'buzzline_json': {'message': 'Quantum drives cut the journey to weeks instead of years.', 'author': 'Orion'}
2025-09-14 20:12:23 | INFO | Consumed message: 'Quantum drives cut the journey to weeks instead of years.' by Orion
2025-09-14 20:12:24 | INFO | Sent message to topic 'buzzline_json': {'message': 'Artificial gravity failed on Deck 7 again.', 'author': 'Lyra'}
2025-09-14 20:12:24 | INFO | Consumed message: 'Artificial gravity failed on Deck 7 again.' by Lyra
2025-09-14 20:12:25 | INFO | Sent message to topic 'buzzline_json': {'message': 'Terraforming progress reached 42% completion.', 'author': 'Cassiopeia'}
2025-09-14 20:12:25 | INFO | Consumed message: 'Terraforming progress reached 42% completion.' by Cassiopeia
2025-09-14 20:12:26 | INFO | Sent message to topic 'buzzline_json': {'message': 'First contact was nothing like the simulations predicted.', 'author': 'Vega'}
2025-09-14 20:12:26 | INFO | Consumed message: 'First contact was nothing like the simulations predicted.' by Vega
2025-09-14 20:12:27 | INFO | Sent message to topic 'buzzline_json': {'message': 'Cryosleep chambers malfunctioned mid-voyage.', 'author': 'Atlas'}
2025-09-14 20:12:27 | INFO | Consumed message: 'Cryosleep chambers malfunctioned mid-voyage.' by Atlas
2025-09-14 20:12:28 | INFO | Sent message to topic 'buzzline_json': {'message': 'Asteroid miners uncovered strange alien alloys.', 'author': 'Zenith'}
2025-09-14 20:12:28 | INFO | Consumed message: 'Asteroid miners uncovered strange alien alloys.' by Zenith
2025-09-14 20:12:29 | INFO | Sent message to topic 'buzzline_json': {'message': 'A rogue AI now controls half the satellite network.', 'author': 'Helix'}
2025-09-14 20:12:29 | INFO | Consumed message: 'A rogue AI now controls half the satellite network.' by Helix
2025-09-14 20:12:30 | INFO | Sent message to topic 'buzzline_json': {'message': 'The wormhole pulsed brighter than the nearby suns.', 'author': 'Aurora'}
2025-09-14 20:12:30 | INFO | Consumed message: 'The wormhole pulsed brighter than the nearby suns.' by Aurora
2025-09-14 20:12:31 | INFO | Sent message to topic 'buzzline_json': {'message': 'Hydroponics yielded the first Martian strawberries.', 'author': 'Icarus'}
2025-09-14 20:12:31 | INFO | Consumed message: 'Hydroponics yielded the first Martian strawberries.' by Icarus
2025-09-14 20:12:32 | INFO | Sent message to topic 'buzzline_json': {'message': 'Dark energy storms make navigation unpredictable.', 'author': 'Nyx'}
2025-09-14 20:12:32 | INFO | Consumed message: 'Dark energy storms make navigation unpredictable.' by Nyx
2025-09-14 20:12:33 | INFO | Sent message to topic 'buzzline_json': {'message': 'Neural implants caused unexpected shared dreams.', 'author': 'Echo'}
2025-09-14 20:12:33 | INFO | Consumed message: 'Neural implants caused unexpected shared dreams.' by Echo
2025-09-14 20:12:34 | INFO | Sent message to topic 'buzzline_json': {'message': 'The council debated lifting the clone restrictions.', 'author': 'Rhea'}
2025-09-14 20:12:34 | INFO | Consumed message: 'The council debated lifting the clone restrictions.' by Rhea
2025-09-14 20:12:35 | INFO | Sent message to topic 'buzzline_json': {'message': 'Radiation shields barely held during the flare.', 'author': 'Apollo'}
2025-09-14 20:12:35 | INFO | Consumed message: 'Radiation shields barely held during the flare.' by Apollo
2025-09-14 20:12:36 | INFO | Sent message to topic 'buzzline_json': {'message': 'The mining colony vanished overnight without a trace.', 'author': 'Zephyr'}
2025-09-14 20:12:36 | INFO | Consumed message: 'The mining colony vanished overnight without a trace.' by Zephyr
2025-09-14 20:12:37 | INFO | Sent message to topic 'buzzline_json': {'message': 'Alien ruins suggest a civilization older than Earth.', 'author': 'Andromeda'}
2025-09-14 20:12:37 | INFO | Consumed message: 'Alien ruins suggest a civilization older than Earth.' by Andromeda
2025-09-14 20:12:38 | INFO | Sent message to topic 'buzzline_json': {'message': 'The fusion core hummed louder than usual.', 'author': 'Horizon'}
2025-09-14 20:12:38 | INFO | Consumed message: 'The fusion core hummed louder than usual.' by Horizon
2025-09-14 20:12:39 | INFO | Sent message to topic 'buzzline_json': {'message': 'Smugglers trade in forbidden nanotech along the belt.', 'author': 'Kestrel'}
2025-09-14 20:12:39 | INFO | Consumed message: 'Smugglers trade in forbidden nanotech along the belt.' by Kestrel
2025-09-14 20:12:40 | INFO | Sent message to topic 'buzzline_json': {'message': 'Exosuits gave miners the strength of titans.', 'author': 'Draco'}
2025-09-14 20:12:40 | INFO | Consumed message: 'Exosuits gave miners the strength of titans.' by Draco
2025-09-14 20:12:41 | INFO | Sent message to topic 'buzzline_json': {'message': 'The Martian sunrise turned the sky violet and gold.', 'author': 'Phoenix'}
2025-09-14 20:12:41 | INFO | Consumed message: 'The Martian sunrise turned the sky violet and gold.' by Phoenix
2025-09-14 20:12:42 | INFO | Sent message to topic 'buzzline_json': {'message': 'Colonists fear the shadows beyond the outer dome.', 'author': 'Luna'}
2025-09-14 20:12:42 | INFO | Consumed message: 'Colonists fear the shadows beyond the outer dome.' by Luna
2025-09-14 20:12:43 | INFO | Sent message to topic 'buzzline_json': {'message': 'The black hole’s pull warped every sensor reading.', 'author': 'Oberon'}
2025-09-14 20:12:43 | INFO | Consumed message: 'The black hole’s pull warped every sensor reading.' by Oberon
2025-09-14 20:12:44 | INFO | Sent message to topic 'buzzline_json': {'message': 'Synthetic food printers failed during the blockade.', 'author': 'Cetus'}
2025-09-14 20:12:44 | INFO | Consumed message: 'Synthetic food printers failed during the blockade.' by Cetus
2025-09-14 20:12:45 | INFO | Sent message to topic 'buzzline_json': {'message': 'Engineers discovered music hidden in pulsar signals.', 'author': 'Lyric'}
2025-09-14 20:12:45 | INFO | Consumed message: 'Engineers discovered music hidden in pulsar signals.' by Lyric
2025-09-14 20:12:46 | INFO | Sent message to topic 'buzzline_json': {'message': 'The jump gate refused to stabilize on this side.', 'author': 'Nexus'}
2025-09-14 20:12:46 | INFO | Consumed message: 'The jump gate refused to stabilize on this side.' by Nexus
2025-09-14 20:12:47 | INFO | Sent message to topic 'buzzline_json': {'message': 'The crew whispered about ghosts in the air ducts.', 'author': 'Echo'}
2025-09-14 20:12:47 | INFO | Consumed message: 'The crew whispered about ghosts in the air ducts.' by Echo
2025-09-14 20:12:48 | INFO | Sent message to topic 'buzzline_json': {'message': 'Genetic experiments created crops that glow at night.', 'author': 'Gaia'}
2025-09-14 20:12:48 | INFO | Consumed message: 'Genetic experiments created crops that glow at night.' by Gaia
2025-09-14 20:12:49 | INFO | Sent message to topic 'buzzline_json': {'message': 'Asteroid defenses activated without any command.', 'author': 'Titan'}
2025-09-14 20:12:49 | INFO | Consumed message: 'Asteroid defenses activated without any command.' by Titan
2025-09-14 20:12:50 | INFO | Sent message to topic 'buzzline_json': {'message': 'Explorers mapped the crystalline caves beneath Europa.', 'author': 'Callisto'}
2025-09-14 20:12:50 | INFO | Consumed message: 'Explorers mapped the crystalline caves beneath Europa.' by Callisto
2025-09-14 20:12:51 | INFO | Sent message to topic 'buzzline_json': {'message': 'The AI swore it dreamed of oceans and forests.', 'author': 'Sigma'}
2025-09-14 20:12:51 | INFO | Consumed message: 'The AI swore it dreamed of oceans and forests.' by Sigma
2025-09-14 20:12:52 | INFO | Opening data file in read mode: PROJECT_ROOT/data/science_fiction.json
2025-09-14 20:12:52 | INFO | Reading data from file: PROJECT_ROOT/data/science_fiction.json
2025-09-14 20:12:52 | INFO | Sent message to topic 'buzzline_json': {'message': 'The colony dome held steady against the Martian storm.', 'author': 'Nova'}
2025-09-14 20:12:52 | INFO | Consumed message: 'The colony dome held steady against the Martian storm.' by Nova
2025-09-14 20:12:53 | INFO | Sent message to topic 'buzzline_json': {'message': 'Quantum drives cut the journey to weeks instead of years.', 'author': 'Orion'}
2025-09-14 20:12:53 | INFO | Consumed message: 'Quantum drives cut the journey to weeks instead of years.' by Orion
2025-09-14 20:12:54 | INFO | Sent message to topic 'buzzline_json': {'message': 'Artificial gravity failed on Deck 7 again.', 'author': 'Lyra'}
2025-09-14 20:12:54 | INFO | Consumed message: 'Artificial gravity failed on Deck 7 again.' by Lyra
2025-09-14 20:12:55 | INFO | Sent message to topic 'buzzline_json': {'message': 'Terraforming progress reached 42% completion.', 'author': 'Cassiopeia'}
2025-09-14 20:12:55 | INFO | Consumed message: 'Terraforming progress reached 42% completion.' by Cassiopeia
2025-09-14 20:12:56 | INFO | Sent message to topic 'buzzline_json': {'message': 'First contact was nothing like the simulations predicted.', 'author': 'Vega'}
2025-09-14 20:12:56 | INFO | Consumed message: 'First contact was nothing like the simulations predicted.' by Vega
2025-09-14 20:12:57 | INFO | Sent message to topic 'buzzline_json': {'message': 'Cryosleep chambers malfunctioned mid-voyage.', 'author': 'Atlas'}
2025-09-14 20:12:57 | INFO | Consumed message: 'Cryosleep chambers malfunctioned mid-voyage.' by Atlas
2025-09-14 20:12:58 | INFO | Sent message to topic 'buzzline_json': {'message': 'Asteroid miners uncovered strange alien alloys.', 'author': 'Zenith'}
2025-09-14 20:12:58 | INFO | Consumed message: 'Asteroid miners uncovered strange alien alloys.' by Zenith
2025-09-14 20:12:59 | INFO | Sent message to topic 'buzzline_json': {'message': 'A rogue AI now controls half the satellite network.', 'author': 'Helix'}
2025-09-14 20:12:59 | INFO | Consumed message: 'A rogue AI now controls half the satellite network.' by Helix
2025-09-14 20:13:00 | INFO | Sent message to topic 'buzzline_json': {'message': 'The wormhole pulsed brighter than the nearby suns.', 'author': 'Aurora'}
2025-09-14 20:13:00 | INFO | Consumed message: 'The wormhole pulsed brighter than the nearby suns.' by Aurora
2025-09-14 20:13:01 | INFO | Sent message to topic 'buzzline_json': {'message': 'Hydroponics yielded the first Martian strawberries.', 'author': 'Icarus'}
2025-09-14 20:13:01 | INFO | Consumed message: 'Hydroponics yielded the first Martian strawberries.' by Icarus
2025-09-14 20:13:02 | INFO | Sent message to topic 'buzzline_json': {'message': 'Dark energy storms make navigation unpredictable.', 'author': 'Nyx'}
2025-09-14 20:13:02 | INFO | Consumed message: 'Dark energy storms make navigation unpredictable.' by Nyx
2025-09-14 20:13:03 | INFO | Sent message to topic 'buzzline_json': {'message': 'Neural implants caused unexpected shared dreams.', 'author': 'Echo'}
2025-09-14 20:13:03 | INFO | Consumed message: 'Neural implants caused unexpected shared dreams.' by Echo
2025-09-14 20:13:04 | INFO | Sent message to topic 'buzzline_json': {'message': 'The council debated lifting the clone restrictions.', 'author': 'Rhea'}
2025-09-14 20:13:04 | INFO | Consumed message: 'The council debated lifting the clone restrictions.' by Rhea
2025-09-14 20:13:05 | INFO | Sent message to topic 'buzzline_json': {'message': 'Radiation shields barely held during the flare.', 'author': 'Apollo'}
2025-09-14 20:13:05 | INFO | Consumed message: 'Radiation shields barely held during the flare.' by Apollo
2025-09-14 20:13:06 | INFO | Sent message to topic 'buzzline_json': {'message': 'The mining colony vanished overnight without a trace.', 'author': 'Zephyr'}
2025-09-14 20:13:06 | INFO | Consumed message: 'The mining colony vanished overnight without a trace.' by Zephyr
2025-09-14 20:13:07 | INFO | Sent message to topic 'buzzline_json': {'message': 'Alien ruins suggest a civilization older than Earth.', 'author': 'Andromeda'}
2025-09-14 20:13:08 | INFO | Consumed message: 'Alien ruins suggest a civilization older than Earth.' by Andromeda
2025-09-14 20:13:08 | INFO | Sent message to topic 'buzzline_json': {'message': 'The fusion core hummed louder than usual.', 'author': 'Horizon'}
2025-09-14 20:13:09 | INFO | Consumed message: 'The fusion core hummed louder than usual.' by Horizon
2025-09-14 20:13:10 | INFO | Sent message to topic 'buzzline_json': {'message': 'Smugglers trade in forbidden nanotech along the belt.', 'author': 'Kestrel'}
2025-09-14 20:13:10 | INFO | Consumed message: 'Smugglers trade in forbidden nanotech along the belt.' by Kestrel
2025-09-14 20:13:11 | INFO | Sent message to topic 'buzzline_json': {'message': 'Exosuits gave miners the strength of titans.', 'author': 'Draco'}
2025-09-14 20:13:11 | INFO | Consumed message: 'Exosuits gave miners the strength of titans.' by Draco
2025-09-14 20:13:12 | INFO | Sent message to topic 'buzzline_json': {'message': 'The Martian sunrise turned the sky violet and gold.', 'author': 'Phoenix'}
2025-09-14 20:13:12 | INFO | Consumed message: 'The Martian sunrise turned the sky violet and gold.' by Phoenix
2025-09-14 20:13:13 | INFO | Sent message to topic 'buzzline_json': {'message': 'Colonists fear the shadows beyond the outer dome.', 'author': 'Luna'}
2025-09-14 20:13:13 | INFO | Consumed message: 'Colonists fear the shadows beyond the outer dome.' by Luna
2025-09-14 20:13:14 | INFO | Sent message to topic 'buzzline_json': {'message': 'The black hole’s pull warped every sensor reading.', 'author': 'Oberon'}
2025-09-14 20:13:14 | INFO | Consumed message: 'The black hole’s pull warped every sensor reading.' by Oberon
2025-09-14 20:13:15 | INFO | Sent message to topic 'buzzline_json': {'message': 'Synthetic food printers failed during the blockade.', 'author': 'Cetus'}
2025-09-14 20:13:15 | INFO | Consumed message: 'Synthetic food printers failed during the blockade.' by Cetus
2025-09-14 20:13:16 | INFO | Sent message to topic 'buzzline_json': {'message': 'Engineers discovered music hidden in pulsar signals.', 'author': 'Lyric'}
2025-09-14 20:13:16 | INFO | Consumed message: 'Engineers discovered music hidden in pulsar signals.' by Lyric
2025-09-14 20:13:17 | INFO | Sent message to topic 'buzzline_json': {'message': 'The jump gate refused to stabilize on this side.', 'author': 'Nexus'}
2025-09-14 20:13:17 | INFO | Consumed message: 'The jump gate refused to stabilize on this side.' by Nexus
2025-09-14 20:13:18 | INFO | Sent message to topic 'buzzline_json': {'message': 'The crew whispered about ghosts in the air ducts.', 'author': 'Echo'}
2025-09-14 20:13:18 | INFO | Consumed message: 'The crew whispered about ghosts in the air ducts.' by Echo
2025-09-14 20:13:19 | INFO | Sent message to topic 'buzzline_json': {'message': 'Genetic experiments created crops that glow at night.', 'author': 'Gaia'}
2025-09-14 20:13:19 | INFO | Consumed message: 'Genetic experiments created crops that glow at night.' by Gaia
2025-09-14 20:13:20 | INFO | Sent message to topic 'buzzline_json': {'message': 'Asteroid defenses activated without any command.', 'author': 'Titan'}
2025-09-14 20:13:20 | INFO | Consumed message: 'Asteroid defenses activated without any command.' by Titan
2025-09-14 20:13:21 | INFO | Sent message to topic 'buzzline_json': {'message': 'Explorers mapped the crystalline caves beneath Europa.', 'author': 'Callisto'}
2025-09-14 20:13:21 | INFO | Consumed message: 'Explorers mapped the crystalline caves beneath Europa.' by Callisto
2025-09-14 20:13:22 | INFO | Sent message to topic 'buzzline_json': {'message': 'The AI swore it dreamed of oceans and forests.', 'author': 'Sigma'}
2025-09-14 20:13:22 | INFO | Consumed message: 'The AI swore it dreamed of oceans and forests.' by Sigma
2025-09-14 20:13:23 | INFO | Opening data file in read mode: PROJECT_ROOT/data/science_fiction.json
2025-09-14 20:13:23 | INFO | Reading data from file: PROJECT_ROOT/data/science_fiction.json
2025-09-14 20:13:23 | INFO | Sent message to topic 'buzzline_json': {'message': 'The colony dome held steady against the Martian storm.', 'author': 'Nova'}
2025-09-14 20:13:23 | INFO | Consumed message: 'The colony dome held steady against the Martian storm.' by Nova
2025-09-14 20:13:24 | INFO | Sent message to topic 'buzzline_json': {'message': 'Quantum drives cut the journey to weeks instead of years.', 'author': 'Orion'}
2025-09-14 20:13:24 | INFO | Consumed message: 'Quantum drives cut the journey to weeks instead of years.' by Orion
2025-09-14 20:13:25 | INFO | Sent message to topic 'buzzline_json': {'message': 'Artificial gravity failed on Deck 7 again.', 'author': 'Lyra'}
2025-09-14 20:13:25 | INFO | Consumed message: 'Artificial gravity failed on Deck 7 again.' by Lyra
2025-09-14 20:13:26 | INFO | Sent message to topic 'buzzline_json': {'message': 'Terraforming progress reached 42% completion.', 'author': 'Cassiopeia'}
2025-09-14 20:13:26 | INFO | Consumed message: 'Terraforming progress reached 42% completion.' by Cassiopeia
2025-09-14 20:13:27 | INFO | Sent message to topic 'buzzline_json': {'message': 'First contact was nothing like the simulations predicted.', 'author': 'Vega'}
2025-09-14 20:13:27 | INFO | Consumed message: 'First contact was nothing like the simulations predicted.' by Vega
2025-09-14 20:13:28 | INFO | Sent message to topic 'buzzline_json': {'message': 'Cryosleep chambers malfunctioned mid-voyage.', 'author': 'Atlas'}
2025-09-14 20:13:28 | INFO | Consumed message: 'Cryosleep chambers malfunctioned mid-voyage.' by Atlas
2025-09-14 20:13:29 | INFO | Sent message to topic 'buzzline_json': {'message': 'Asteroid miners uncovered strange alien alloys.', 'author': 'Zenith'}
2025-09-14 20:13:29 | INFO | Consumed message: 'Asteroid miners uncovered strange alien alloys.' by Zenith
2025-09-14 20:13:30 | INFO | Sent message to topic 'buzzline_json': {'message': 'A rogue AI now controls half the satellite network.', 'author': 'Helix'}
2025-09-14 20:13:30 | INFO | Consumed message: 'A rogue AI now controls half the satellite network.' by Helix
2025-09-14 20:13:31 | INFO | Sent message to topic 'buzzline_json': {'message': 'The wormhole pulsed brighter than the nearby suns.', 'author': 'Aurora'}
2025-09-14 20:13:31 | INFO | Consumed message: 'The wormhole pulsed brighter than the nearby suns.' by Aurora
2025-09-14 20:13:32 | INFO | Sent message to topic 'buzzline_json': {'message': 'Hydroponics yielded the first Martian strawberries.', 'author': 'Icarus'}
2025-09-14 20:13:32 | INFO | Consumed message: 'Hydroponics yielded the first Martian strawberries.' by Icarus
2025-09-14 20:13:33 | INFO | Sent message to topic 'buzzline_json': {'message': 'Dark energy storms make navigation unpredictable.', 'author': 'Nyx'}
2025-09-14 20:13:33 | INFO | Consumed message: 'Dark energy storms make navigation unpredictable.' by Nyx
2025-09-14 20:13:34 | INFO | Sent message to topic 'buzzline_json': {'message': 'Neural implants caused unexpected shared dreams.', 'author': 'Echo'}
2025-09-14 20:13:34 | INFO | Consumed message: 'Neural implants caused unexpected shared dreams.' by Echo
2025-09-14 20:13:35 | INFO | Sent message to topic 'buzzline_json': {'message': 'The council debated lifting the clone restrictions.', 'author': 'Rhea'}
2025-09-14 20:13:35 | INFO | Consumed message: 'The council debated lifting the clone restrictions.' by Rhea
2025-09-14 20:13:36 | INFO | Sent message to topic 'buzzline_json': {'message': 'Radiation shields barely held during the flare.', 'author': 'Apollo'}
2025-09-14 20:13:36 | INFO | Consumed message: 'Radiation shields barely held during the flare.' by Apollo
2025-09-14 20:13:37 | INFO | Sent message to topic 'buzzline_json': {'message': 'The mining colony vanished overnight without a trace.', 'author': 'Zephyr'}
2025-09-14 20:13:37 | INFO | Consumed message: 'The mining colony vanished overnight without a trace.' by Zephyr
2025-09-14 20:13:38 | INFO | Sent message to topic 'buzzline_json': {'message': 'Alien ruins suggest a civilization older than Earth.', 'author': 'Andromeda'}
2025-09-14 20:13:38 | INFO | Consumed message: 'Alien ruins suggest a civilization older than Earth.' by Andromeda
2025-09-14 20:13:39 | INFO | Sent message to topic 'buzzline_json': {'message': 'The fusion core hummed louder than usual.', 'author': 'Horizon'}
2025-09-14 20:13:39 | INFO | Consumed message: 'The fusion core hummed louder than usual.' by Horizon
2025-09-14 20:13:40 | INFO | Sent message to topic 'buzzline_json': {'message': 'Smugglers trade in forbidden nanotech along the belt.', 'author': 'Kestrel'}
2025-09-14 20:13:40 | INFO | Consumed message: 'Smugglers trade in forbidden nanotech along the belt.' by Kestrel
2025-09-14 20:13:41 | INFO | Sent message to topic 'buzzline_json': {'message': 'Exosuits gave miners the strength of titans.', 'author': 'Draco'}
2025-09-14 20:13:41 | INFO | Consumed message: 'Exosuits gave miners the strength of titans.' by Draco
2025-09-14 20:13:42 | INFO | Sent message to topic 'buzzline_json': {'message': 'The Martian sunrise turned the sky violet and gold.', 'author': 'Phoenix'}
2025-09-14 20:13:42 | INFO | Consumed message: 'The Martian sunrise turned the sky violet and gold.' by Phoenix
2025-09-14 20:13:43 | INFO | Sent message to topic 'buzzline_json': {'message': 'Colonists fear the shadows beyond the outer dome.', 'author': 'Luna'}
2025-09-14 20:13:43 | INFO | Consumed message: 'Colonists fear the shadows beyond the outer dome.' by Luna
2025-09-14 20:13:44 | INFO | Sent message to topic 'buzzline_json': {'message': 'The black hole’s pull warped every sensor reading.', 'author': 'Oberon'}
2025-09-14 20:13:44 | INFO | Consumed message: 'The black hole’s pull warped every sensor reading.' by Oberon
2025-09-14 20:13:45 | INFO | Sent message to topic 'buzzline_json': {'message': 'Synthetic food printers failed during the blockade.', 'author': 'Cetus'}
2025-09-14 20:13:45 | INFO | Consumed message: 'Synthetic food printers failed during the blockade.' by Cetus
2025-09-14 20:13:46 | INFO | Sent message to topic 'buzzline_json': {'message': 'Engineers discovered music hidden in pulsar signals.', 'author': 'Lyric'}
2025-09-14 20:13:46 | INFO | Consumed message: 'Engineers discovered music hidden in pulsar signals.' by Lyric
2025-09-14 20:13:47 | INFO | Sent message to topic 'buzzline_json': {'message': 'The jump gate refused to stabilize on this side.', 'author': 'Nexus'}
2025-09-14 20:13:47 | INFO | Consumed message: 'The jump gate refused to stabilize on this side.' by Nexus
2025-09-14 20:13:48 | INFO | Sent message to topic 'buzzline_json': {'message': 'The crew whispered about ghosts in the air ducts.', 'author': 'Echo'}
2025-09-14 20:13:48 | INFO | Consumed message: 'The crew whispered about ghosts in the air ducts.' by Echo
2025-09-14 20:13:49 | INFO | Sent message to topic 'buzzline_json': {'message': 'Genetic experiments created crops that glow at night.', 'author': 'Gaia'}
2025-09-14 20:13:49 | INFO | Consumed message: 'Genetic experiments created crops that glow at night.' by Gaia
2025-09-14 20:13:50 | INFO | Sent message to topic 'buzzline_json': {'message': 'Asteroid defenses activated without any command.', 'author': 'Titan'}
2025-09-14 20:13:50 | INFO | Consumed message: 'Asteroid defenses activated without any command.' by Titan
2025-09-14 20:13:51 | INFO | Sent message to topic 'buzzline_json': {'message': 'Explorers mapped the crystalline caves beneath Europa.', 'author': 'Callisto'}
2025-09-14 20:13:51 | INFO | Consumed message: 'Explorers mapped the crystalline caves beneath Europa.' by Callisto
2025-09-14 20:13:52 | INFO | Sent message to topic 'buzzline_json': {'message': 'The AI swore it dreamed of oceans and forests.', 'author': 'Sigma'}
2025-09-14 20:13:52 | INFO | Consumed message: 'The AI swore it dreamed of oceans and forests.' by Sigma
2025-09-14 20:13:53 | INFO | Opening data file in read mode: PROJECT_ROOT/data/science_fiction.json
2025-09-14 20:13:53 | INFO | Reading data from file: PROJECT_ROOT/data/science_fiction.json
2025-09-14 20:13:53 | INFO | Sent message to topic 'buzzline_json': {'message': 'The colony dome held steady against the Martian storm.', 'author': 'Nova'}
2025-09-14 20:13:53 | INFO | Consumed message: 'The colony dome held steady against the Martian storm.' by Nova
2025-09-14 20:13:54 | INFO | Sent message to topic 'buzzline_json': {'message': 'Quantum drives cut the journey to weeks instead of years.', 'author': 'Orion'}
2025-09-14 20:13:54 | INFO | Consumed message: 'Quantum drives cut the journey to weeks instead of years.' by Orion
2025-09-14 20:13:55 | INFO | Sent message to topic 'buzzline_json': {'message': 'Artificial gravity failed on Deck 7 again.', 'author': 'Lyra'}
